<?xml version="1.0" encoding="windows-1252"?>
<beans xmlns="http://www.springframework.org/schema/beans"
       xmlns:xsi="http://www.w3.org/2001/XMLSchema-instance"
       xmlns:context="http://www.springframework.org/schema/context"
       xmlns:tx="http://www.springframework.org/schema/tx"
       xsi:schemaLocation="
       http://www.springframework.org/schema/beans
       http://www.springframework.org/schema/beans/spring-beans.xsd
       http://www.springframework.org/schema/context
       http://www.springframework.org/schema/context/spring-context.xsd
       http://www.springframework.org/schema/tx
       http://www.springframework.org/schema/tx/spring-tx.xsd">

    <context:annotation-config />
    <context:component-scan base-package="fi.vm.sade.koodisto.dao" />
    <!-- Add JPA support -->
    <bean id="emf"
        class="org.springframework.orm.jpa.LocalContainerEntityManagerFactoryBean">
        <property name="loadTimeWeaver">
            <bean
                class="org.springframework.instrument.classloading.InstrumentationLoadTimeWeaver" />
        </property>
        <property name="jpaDialect">
            <bean class="org.springframework.orm.jpa.vendor.HibernateJpaDialect" />
        </property>
        <property name="dataSource" ref="dataSource" />
        <property name="jpaVendorAdapter">
            <bean class="org.springframework.orm.jpa.vendor.HibernateJpaVendorAdapter" >
                <property name="showSql" value="true" />
            </bean>
        </property>
        <property name="jpaPropertyMap">
            <map>
                <entry key="hibernate.cache.use_second_level_cache" value="false" />
                <entry key="hibernate.cache.use_query_cache" value="false" />
                <entry key="hibernate.cache.region.factory_class" value="org.hibernate.cache.ehcache.EhCacheRegionFactory" />
                <entry key="hibernate.cache.default_cache_concurrency_strategy" value="nonstrict-read-write"/>
                <entry key="hibernate.hbm2ddl.auto" value="create" />
                <!--<entry key="hibernate.show_sql" value="true" />-->
                <entry key="hibernate.dialect" value="org.hibernate.dialect.HSQLDialect" />
            </map>
        </property>
        <property name="packagesToScan" value="fi.vm.sade.koodisto.model" />
    </bean>

    <bean name="dataSource" class="org.springframework.jdbc.datasource.DriverManagerDataSource">
        <property name="driverClassName" value="org.hsqldb.jdbcDriver" />
        <property name="url" value="jdbc:hsqldb:mem:testdb" />
        <property name="username" value="sa" />
        <property name="password" value="" />
    </bean>

    <!-- Add Transaction support -->
    <bean id="transactionManager" class="org.springframework.orm.jpa.JpaTransactionManager">
        <property name="entityManagerFactory" ref="emf" />
    </bean>

    <!-- Use @Transaction annotations for managing transactions -->
    <tx:annotation-driven transaction-manager="transactionManager" />

    <bean id="genericDAO" class="fi.vm.sade.koodisto.dao.impl.GenericDAOImpl" />
</beans>