<?xml version="1.0" encoding="UTF-8"?>
<beans xmlns="http://www.springframework.org/schema/beans"
    xmlns:xsi="http://www.w3.org/2001/XMLSchema-instance" xmlns:context="http://www.springframework.org/schema/context"
    xmlns:aop="http://www.springframework.org/schema/aop"
    xsi:schemaLocation="
        http://www.springframework.org/schema/beans http://www.springframework.org/schema/beans/spring-beans.xsd
        http://www.springframework.org/schema/context
        http://www.springframework.org/schema/context/spring-context.xsd
        http://www.springframework.org/schema/aop http://www.springframework.org/schema/aop/spring-aop.xsd
    ">

    <context:annotation-config />
    <aop:aspectj-autoproxy />

    <bean id="authorizer" class="fi.vm.sade.koodisto.service.business.MockAuthorizer" />

    <bean id="wrapper" class="fi.vm.sade.koodisto.service.impl.exceptionwrapper.ExceptionWrappingAspect" />

    <bean id="koodiAdminService"
        class="fi.vm.sade.koodisto.service.impl.KoodiAdminServiceImpl" />
    <bean id="koodistoAdminService"
        class="fi.vm.sade.koodisto.service.impl.KoodistoAdminServiceImpl" />
    <bean id="koodiService" class="fi.vm.sade.koodisto.service.impl.KoodiServiceImpl" />
    <bean id="koodistoService" class="fi.vm.sade.koodisto.service.impl.KoodistoServiceImpl" />
    <bean id="downloadService" class="fi.vm.sade.koodisto.service.impl.DownloadServiceImpl" />
    <bean id="uploadService" class="fi.vm.sade.koodisto.service.impl.UploadServiceImpl" />
    <bean id="koodistoConfiguration" class="fi.vm.sade.koodisto.service.business.util.HostAwareKoodistoConfiguration">
        <property name="host" value="http://koodistopalvelu.opintopolku.fi" />
    </bean>

</beans>