<?xml version="1.0" encoding="UTF-8"?>
<beans xmlns="http://www.springframework.org/schema/beans"
       xmlns:xsi="http://www.w3.org/2001/XMLSchema-instance"
       xmlns:context="http://www.springframework.org/schema/context"
       xmlns:util="http://www.springframework.org/schema/util"
       xsi:schemaLocation="http://www.springframework.org/schema/beans http://www.springframework.org/schema/beans/spring-beans.xsd
        http://www.springframework.org/schema/context
        http://www.springframework.org/schema/context/spring-context.xsd
          http://www.springframework.org/schema/util http://www.springframework.org/schema/util/spring-util.xsd">

<context:component-scan base-package="fi.vm.sade.koodisto.service.filter" />

<context:property-placeholder location="" ignore-resource-not-found="true" properties-ref="defaultProps" ignore-unresolvable="true" />
  <bean id="defaultProps" class="org.springframework.beans.factory.config.PropertiesFactoryBean" >
    <property name="properties">
      <util:properties local-override="true">
        <prop key="common.corsfilter.mode">DEVELOPMENT</prop>
        <prop key="common.corsfilter.allowed-domains">https://test.site.something http://ruhtinas.nukettaja.com</prop>
      </util:properties>
    </property>
  </bean>

</beans>