<?xml version="1.0" encoding="UTF-8"?>
<persistence version="2.0"
	xmlns="http://java.sun.com/xml/ns/persistence" xmlns:xsi="http://www.w3.org/2001/XMLSchema-instance"
	xsi:schemaLocation="http://java.sun.com/xml/ns/persistence 
 http://java.sun.com/xml/ns/persistence/persistence_2_0.xsd">


	<persistence-unit name="koodisto" transaction-type="RESOURCE_LOCAL">
		<provider>org.hibernate.ejb.HibernatePersistence</provider>

		<class>fi.vm.sade.koodisto.model.Koodi</class>
		<class>fi.vm.sade.koodisto.model.Koodisto</class>
		<class>fi.vm.sade.koodisto.model.KoodinSuhde</class>
        <class>fi.vm.sade.koodisto.model.KoodistonSuhde</class>
		<class>fi.vm.sade.koodisto.model.KoodistoMetadata</class>
		<class>fi.vm.sade.koodisto.model.KoodiMetadata</class>
		<class>fi.vm.sade.koodisto.model.KoodistoRyhma</class>
		<class>fi.vm.sade.koodisto.model.KoodistoRyhmaMetadata</class>
		<class>fi.vm.sade.koodisto.model.KoodiVersio</class>
		<class>fi.vm.sade.koodisto.model.KoodistoVersio</class>
        <class>fi.vm.sade.koodisto.model.KoodistoVersioKoodiVersio</class>

        <shared-cache-mode>NONE</shared-cache-mode>

        <properties>
			<property name="hibernate.hbm2ddl.auto" value="update" />
			<property name="hibernate.show_sql" value="true" />
			<property name="hibernate.dialect" value="org.hibernate.dialect.HSQLDialect" />
			<property name="hibernate.connection.driver_class" value="org.hsqldb.jdbcDriver" />
			<property name="hibernate.connection.url" value="jdbc:hsqldb:mem:javacodegeeks" />
			<property name="hibernate.connection.username" value="sa" />
			<property name="hibernate.connection.password" value="" />

			<property name="hibernate.c3p0.min_size" value="5" />
			<property name="hibernate.c3p0.max_size" value="20" />
			<property name="hibernate.c3p0.timeout" value="300" />
			<property name="hibernate.c3p0.max_statements" value="50" />
			<property name="hibernate.c3p0.idle_test_period" value="3000" />

            <property name="hibernate.cache.use_second_level_cache" value="true" />
            <property name="hibernate.cache.use_query_cache" value="true" />
            <property name="hibernate.cache.region.factory_class" value="org.hibernate.cache.ehcache.EhCacheRegionFactory" />
            <property name="hibernate.cache.default_cache_concurrency_strategy" value="nonstrict-read-write" />

        </properties>

	</persistence-unit>

</persistence>

 