<?xml version="1.0" encoding="UTF-8"?><dataset>
  <koodisto id="-1" koodistouri="http://www.kunnat.fi/kunta" version="0" organisaatioOid="1.2.2004.6"/>
  <koodisto id="-303" koodistouri="http://www.kunnat.fi/maakunta" version="0" organisaatioOid="1.2.2004.6"/>
  <koodisto id="-365" koodistouri="http://www.avi.fi/aluevirasto" version="0" organisaatioOid="1.2.2004.6"/>
  <koodisto id="-398" koodistouri="http://testi.fi" omistaja="jorma" version="2" organisaatioOid="1.2.2004.3"/>
  <koodisto id="-399" koodistouri="http://testikoodisto.fi" version="0" organisaatioOid="1.2.2004.4"/>
  <koodisto id="-422" koodistouri="http://testikoodisto-2.fi" version="0" organisaatioOid="1.2.2004.9"/>
  <koodisto id="-430" koodistouri="http://paljon_versioita.fi/1" version="0" organisaatioOid="1.2.2004.3"/>
  <koodisto id="-431" koodistouri="http://ekaversioluonnostilassa" version="0" organisaatioOid="1.2.2004.6"/>
  <koodisto id="-432" koodistouri="http://montapassiivistauuttaversiota" version="0" organisaatioOid="1.2.2004.6"/>
  <koodisto id="-433" koodistouri="http://passiivinenkoodistojossakoodeja" version="0" organisaatioOid="1.2.2004.6"/>
  <koodisto id="-434" koodistouri="http://koodisto" version="0" organisaatioOid="1.2.2004.6"/>
  <koodisto id="-435" koodistouri="http://koodisto2" version="0" organisaatioOid="1.2.2004.6"/>
  <koodisto id="-436" koodistouri="http://koodisto3" version="0" organisaatioOid="1.2.2004.6"/>
  <koodisto id="-437" koodistouri="http://koodisto4" version="0" organisaatioOid="1.2.2004.6"/>
  <koodisto id="-438" koodistouri="http://koodisto5" version="0" organisaatioOid="1.2.2004.6"/>
  <koodisto id="-439" koodistouri="http://koodisto6" version="0" organisaatioOid="1.2.2004.6"/>
  <koodisto id="-440" koodistouri="http://koodisto7" version="0" organisaatioOid="1.2.2004.6"/>
  <koodisto id="-441" koodistouri="http://koodisto8" version="0" organisaatioOid="1.2.2004.6"/>
  <koodisto id="-442" koodistouri="http://koodisto9" version="0" organisaatioOid="1.2.2004.6"/>
  <koodisto id="-443" koodistouri="http://koodisto10" version="0" organisaatioOid="1.2.2004.6"/>
  <koodisto id="-444" koodistouri="http://koodisto11" version="0" organisaatioOid="1.2.2004.6"/>
  <koodisto id="-445" koodistouri="http://koodisto12" version="0" organisaatioOid="1.2.2004.6"/>
  <koodisto id="-446" koodistouri="http://koodisto13" version="0" organisaatioOid="1.2.2004.6"/>
  <koodisto id="-447" koodistouri="http://koodisto14" version="0" organisaatioOid="1.2.2004.6"/>
  <koodisto id="-448" koodistouri="http://koodisto15" version="0" organisaatioOid="1.2.2004.6"/>
  <koodisto id="-449" koodistouri="http://koodisto16" version="0" organisaatioOid="1.2.2004.6"/>
  <koodisto id="-450" koodistouri="http://koodisto17" version="0" organisaatioOid="1.2.2004.6"/>
  <koodisto id="-451" koodistouri="http://koodisto18" version="0" organisaatioOid="1.2.2004.6"/>
  <koodisto id="-452" koodistouri="http://koodisto19" version="0" organisaatioOid="1.2.2004.6"/>
  <koodisto id="-453" koodistouri="http://koodisto20" version="0" organisaatioOid="1.2.2004.6"/>
  <koodisto id="-454" koodistouri="http://koodisto21" version="0" organisaatioOid="1.2.2004.6"/>
  <koodisto id="-500" koodistouri="koodisiirtyykoodisto" version="0" organisaatioOid="1.2.2004.6"/>
  <koodisto id="-501" koodistouri="suhde502kanssa" version="0" organisaatioOid="1.2.2004.6"/>
  <koodisto id="-502" koodistouri="suhde501kanssa" version="0" organisaatioOid="1.2.2004.6"/>
  <koodisto id="-600" koodistouri="vaintuoreimmatrelaatiot" version="0" organisaatioOid="1.2.2004.6"/>
  <koodisto id="-601" koodistouri="eirelaatioitatuoreimmassa" version="0" organisaatioOid="1.2.2004.6"/>
  <koodisto id="-602" koodistouri="relaatioitatuoreimmassa" version="0" organisaatioOid="1.2.2004.6"/>
  <koodisto id="-700" koodistouri="vanhasuhdeeiversioiduA" version="0" organisaatioOid="1.2.2004.6"/>
  <koodisto id="-701" koodistouri="vanhasuhdeeiversioiduB" version="0" organisaatioOid="1.2.2004.6"/>
  <koodisto id="-702" koodistouri="vanhasuhdeeiversioiduATake2" version="0" organisaatioOid="1.2.2004.6"/>
  <koodisto id="-703" koodistouri="vanhasuhdeeiversioiduBTake2" version="0" organisaatioOid="1.2.2004.6"/>
  <koodisto id="-800" koodistouri="koodistonSaveTestiKoodisto0" version="0" organisaatioOid="1.2.2004.6"/>
  <koodisto id="-801" koodistouri="koodistonSaveTestiKoodisto1" version="0" organisaatioOid="1.2.2004.6"/>
  <koodisto id="-802" koodistouri="koodistonSaveTestiKoodisto2" version="0" organisaatioOid="1.2.2004.6"/>
  <koodisto id="-803" koodistouri="koodistonSaveTestiKoodisto3" version="0" organisaatioOid="1.2.2004.6"/>
  <koodisto id="-804" koodistouri="koodistonSaveTestiKoodisto4" version="0" organisaatioOid="1.2.2004.6"/>
  <koodisto id="-805" koodistouri="koodistonSaveTestiKoodisto5" version="0" organisaatioOid="1.2.2004.6"/>
  <koodisto id="-806" koodistouri="koodistonSaveTestiKoodisto6" version="0" organisaatioOid="1.2.2004.6"/>
  <koodisto id="-807" koodistouri="koodistonSaveTestiKoodisto7" version="0" organisaatioOid="1.2.2004.6"/>
  <koodisto id="-808" koodistouri="koodistonsuhdeitsensakanssa" version="0" organisaatioOid="1.2.2004.6"/>
  <koodisto id="-809" koodistouri="vanhasuhdepassivoidaan" version="0" organisaatioOid="1.2.2004.6"/>
  <koodisto id="-810" koodistouri="809suhdetahan" version="0" organisaatioOid="1.2.2004.6"/>
  <koodisto id="-811" koodistouri="passiivisuhdeeikopioidu" version="0" organisaatioOid="1.2.2004.6"/>
  <koodisto id="-812" koodistouri="koodistonsuhdeitsensakanssa2" version="0" organisaatioOid="1.2.2004.6"/>
  <koodisto id="-1000" koodistouri="vanhatsuhteetaktivoituupoistossa" version="0" organisaatioOid="1.2.2004.6"/>
  <koodisto id="-1001" koodistouri="tonnillasuhdetahan" version="0" organisaatioOid="1.2.2004.6"/>

  <koodi id="-3" koodisto_id="-1" version="0" koodiuri="3"/>
  <koodi id="-5" koodisto_id="-1" version="0" koodiuri="5"/>
  <koodi id="-7" koodisto_id="-1" version="0" koodiuri="7"/>
  <koodi id="-9" koodisto_id="-1" version="0" koodiuri="9"/>
  <koodi id="-11" koodisto_id="-1" version="0" koodiuri="11"/>
  <koodi id="-13" koodisto_id="-1" version="0" koodiuri="13"/>
  <koodi id="-15" koodisto_id="-1" version="0" koodiuri="15"/>
  <koodi id="-17" koodisto_id="-1" version="0" koodiuri="17"/>
  <koodi id="-19" koodisto_id="-1" version="0" koodiuri="19"/>
  <koodi id="-21" koodisto_id="-1" version="0" koodiuri="21"/>
  <koodi id="-23" koodisto_id="-1" version="0" koodiuri="23"/>
  <koodi id="-25" koodisto_id="-1" version="0" koodiuri="25"/>
  <koodi id="-27" koodisto_id="-1" version="0" koodiuri="27"/>
  <koodi id="-29" koodisto_id="-1" version="0" koodiuri="29"/>
  <koodi id="-31" koodisto_id="-1" version="0" koodiuri="31"/>
  <koodi id="-33" koodisto_id="-1" version="0" koodiuri="33"/>
  <koodi id="-35" koodisto_id="-1" version="0" koodiuri="35"/>
  <koodi id="-37" koodisto_id="-1" version="0" koodiuri="37"/>
  <koodi id="-39" koodisto_id="-1" version="0" koodiuri="39"/>
  <koodi id="-41" koodisto_id="-1" version="0" koodiuri="41"/>
  <koodi id="-43" koodisto_id="-1" version="0" koodiuri="43"/>
  <koodi id="-45" koodisto_id="-1" version="0" koodiuri="45"/>
  <koodi id="-47" koodisto_id="-1" version="0" koodiuri="47"/>
  <koodi id="-49" koodisto_id="-1" version="0" koodiuri="49"/>
  <koodi id="-51" koodisto_id="-1" version="0" koodiuri="51"/>
  <koodi id="-53" koodisto_id="-1" version="0" koodiuri="53"/>
  <koodi id="-55" koodisto_id="-1" version="0" koodiuri="55"/>
  <koodi id="-57" koodisto_id="-1" version="0" koodiuri="57"/>
  <koodi id="-59" koodisto_id="-1" version="0" koodiuri="59"/>
  <koodi id="-61" koodisto_id="-1" version="0" koodiuri="61"/>
  <koodi id="-63" koodisto_id="-1" version="0" koodiuri="63"/>
  <koodi id="-65" koodisto_id="-1" version="0" koodiuri="65"/>
  <koodi id="-67" koodisto_id="-1" version="0" koodiuri="67"/>
  <koodi id="-69" koodisto_id="-1" version="0" koodiuri="69"/>
  <koodi id="-71" koodisto_id="-1" version="0" koodiuri="71"/>
  <koodi id="-73" koodisto_id="-1" version="0" koodiuri="73"/>
  <koodi id="-75" koodisto_id="-1" version="0" koodiuri="75"/>
  <koodi id="-77" koodisto_id="-1" version="0" koodiuri="77"/>
  <koodi id="-79" koodisto_id="-1" version="0" koodiuri="79"/>
  <koodi id="-81" koodisto_id="-1" version="0" koodiuri="81"/>
  <koodi id="-83" koodisto_id="-1" version="0" koodiuri="83"/>
  <koodi id="-85" koodisto_id="-1" version="0" koodiuri="85"/>
  <koodi id="-87" koodisto_id="-1" version="0" koodiuri="87"/>
  <koodi id="-89" koodisto_id="-1" version="0" koodiuri="89"/>
  <koodi id="-91" koodisto_id="-1" version="0" koodiuri="91"/>
  <koodi id="-93" koodisto_id="-1" version="0" koodiuri="93"/>
  <koodi id="-95" koodisto_id="-1" version="0" koodiuri="95"/>
  <koodi id="-97" koodisto_id="-1" version="0" koodiuri="97"/>
  <koodi id="-99" koodisto_id="-1" version="0" koodiuri="99"/>
  <koodi id="-101" koodisto_id="-1" version="0" koodiuri="101"/>
  <koodi id="-103" koodisto_id="-1" version="0" koodiuri="103"/>
  <koodi id="-105" koodisto_id="-1" version="0" koodiuri="105"/>
  <koodi id="-107" koodisto_id="-1" version="0" koodiuri="107"/>
  <koodi id="-109" koodisto_id="-1" version="0" koodiuri="109"/>
  <koodi id="-111" koodisto_id="-1" version="0" koodiuri="111"/>
  <koodi id="-113" koodisto_id="-1" version="0" koodiuri="113"/>
  <koodi id="-115" koodisto_id="-1" version="0" koodiuri="115"/>
  <koodi id="-117" koodisto_id="-1" version="0" koodiuri="117"/>
  <koodi id="-119" koodisto_id="-1" version="0" koodiuri="119"/>
  <koodi id="-121" koodisto_id="-1" version="0" koodiuri="121"/>
  <koodi id="-123" koodisto_id="-1" version="0" koodiuri="123"/>
  <koodi id="-125" koodisto_id="-1" version="0" koodiuri="125"/>
  <koodi id="-127" koodisto_id="-1" version="0" koodiuri="127"/>
  <koodi id="-129" koodisto_id="-1" version="0" koodiuri="129"/>
  <koodi id="-131" koodisto_id="-1" version="0" koodiuri="131"/>
  <koodi id="-133" koodisto_id="-1" version="0" koodiuri="133"/>
  <koodi id="-135" koodisto_id="-1" version="0" koodiuri="135"/>
  <koodi id="-137" koodisto_id="-1" version="0" koodiuri="137"/>
  <koodi id="-139" koodisto_id="-1" version="0" koodiuri="139"/>
  <koodi id="-141" koodisto_id="-1" version="0" koodiuri="141"/>
  <koodi id="-143" koodisto_id="-1" version="0" koodiuri="143"/>
  <koodi id="-145" koodisto_id="-1" version="0" koodiuri="145"/>
  <koodi id="-147" koodisto_id="-1" version="0" koodiuri="147"/>
  <koodi id="-149" koodisto_id="-1" version="0" koodiuri="149"/>
  <koodi id="-151" koodisto_id="-1" version="0" koodiuri="151"/>
  <koodi id="-153" koodisto_id="-1" version="0" koodiuri="153"/>
  <koodi id="-155" koodisto_id="-1" version="0" koodiuri="155"/>
  <koodi id="-157" koodisto_id="-1" version="0" koodiuri="157"/>
  <koodi id="-159" koodisto_id="-1" version="0" koodiuri="159"/>
  <koodi id="-161" koodisto_id="-1" version="0" koodiuri="161"/>
  <koodi id="-163" koodisto_id="-1" version="0" koodiuri="163"/>
  <koodi id="-165" koodisto_id="-1" version="0" koodiuri="165"/>
  <koodi id="-167" koodisto_id="-1" version="0" koodiuri="167"/>
  <koodi id="-169" koodisto_id="-1" version="0" koodiuri="169"/>
  <koodi id="-171" koodisto_id="-1" version="0" koodiuri="171"/>
  <koodi id="-173" koodisto_id="-1" version="0" koodiuri="173"/>
  <koodi id="-175" koodisto_id="-1" version="0" koodiuri="175"/>
  <koodi id="-177" koodisto_id="-1" version="0" koodiuri="177"/>
  <koodi id="-179" koodisto_id="-1" version="0" koodiuri="179"/>
  <koodi id="-181" koodisto_id="-1" version="0" koodiuri="181"/>
  <koodi id="-183" koodisto_id="-1" version="0" koodiuri="183"/>
  <koodi id="-185" koodisto_id="-1" version="0" koodiuri="185"/>
  <koodi id="-187" koodisto_id="-1" version="0" koodiuri="187"/>
  <koodi id="-189" koodisto_id="-1" version="0" koodiuri="189"/>
  <koodi id="-191" koodisto_id="-1" version="0" koodiuri="191"/>
  <koodi id="-193" koodisto_id="-1" version="0" koodiuri="193"/>
  <koodi id="-195" koodisto_id="-1" version="0" koodiuri="195"/>
  <koodi id="-197" koodisto_id="-1" version="0" koodiuri="197"/>
  <koodi id="-199" koodisto_id="-1" version="0" koodiuri="199"/>
  <koodi id="-201" koodisto_id="-1" version="0" koodiuri="201"/>
  <koodi id="-305" koodisto_id="-303" version="0" koodiuri="305"/>
  <koodi id="-307" koodisto_id="-303" version="0" koodiuri="307"/>
  <koodi id="-309" koodisto_id="-303" version="0" koodiuri="309"/>
  <koodi id="-311" koodisto_id="-303" version="0" koodiuri="311"/>
  <koodi id="-313" koodisto_id="-303" version="0" koodiuri="313"/>
  <koodi id="-315" koodisto_id="-303" version="0" koodiuri="315"/>
  <koodi id="-317" koodisto_id="-303" version="0" koodiuri="317"/>
  <koodi id="-319" koodisto_id="-303" version="0" koodiuri="319"/>
  <koodi id="-321" koodisto_id="-303" version="0" koodiuri="321"/>
  <koodi id="-323" koodisto_id="-303" version="0" koodiuri="323"/>
  <koodi id="-325" koodisto_id="-303" version="0" koodiuri="325"/>
  <koodi id="-327" koodisto_id="-303" version="0" koodiuri="327"/>
  <koodi id="-329" koodisto_id="-303" version="0" koodiuri="329"/>
  <koodi id="-331" koodisto_id="-303" version="0" koodiuri="331"/>
  <koodi id="-333" koodisto_id="-303" version="0" koodiuri="333"/>
  <koodi id="-335" koodisto_id="-303" version="0" koodiuri="335"/>
  <koodi id="-337" koodisto_id="-303" version="0" koodiuri="337"/>
  <koodi id="-339" koodisto_id="-303" version="0" koodiuri="339"/>
  <koodi id="-341" koodisto_id="-303" version="0" koodiuri="341"/>
  <koodi id="-343" koodisto_id="-303" version="0" koodiuri="343"/>
  <koodi id="-367" koodisto_id="-365" version="0" koodiuri="367"/>
  <koodi id="-369" koodisto_id="-365" version="0" koodiuri="369"/>
  <koodi id="-371" koodisto_id="-365" version="0" koodiuri="371"/>
  <koodi id="-373" koodisto_id="-365" version="0" koodiuri="373"/>
  <koodi id="-375" koodisto_id="-365" version="0" koodiuri="375"/>
  <koodi id="-377" koodisto_id="-365" version="0" koodiuri="377"/>
  <koodi id="-379" koodisto_id="-365" version="0" koodiuri="379"/>
  <koodi id="-381" koodisto_id="-365" version="0" koodiuri="381"/>
  <koodi id="-410" koodisto_id="-399" version="0" koodiuri="410"/>
  <koodi id="-411" koodisto_id="-422" version="0" koodiuri="411"/>
  <koodi id="-435" koodisto_id="-430" version="0" koodiuri="435"/>
  <koodi id="-436" koodisto_id="-430" version="0" koodiuri="436"/>
  <koodi id="-437" koodisto_id="-431" version="0" koodiuri="437"/>
  <koodi id="-438" koodisto_id="-433" version="0" koodiuri="438"/>
  <koodi id="-439" koodisto_id="-434" version="0" koodiuri="439"/>
  <koodi id="-440" koodisto_id="-434" version="0" koodiuri="440"/>
  <koodi id="-441" koodisto_id="-434" version="0" koodiuri="441"/>
  <koodi id="-442" koodisto_id="-435" version="0" koodiuri="442"/>
  <koodi id="-443" koodisto_id="-435" version="0" koodiuri="443"/>
  <koodi id="-444" koodisto_id="-435" version="0" koodiuri="444"/>
  <koodi id="-445" koodisto_id="-436" version="0" koodiuri="445"/>
  <koodi id="-446" koodisto_id="-436" version="0" koodiuri="446"/>
  <koodi id="-447" koodisto_id="-436" version="0" koodiuri="447"/>
  <koodi id="-448" koodisto_id="-437" version="0" koodiuri="448"/>
  <koodi id="-449" koodisto_id="-437" version="0" koodiuri="449"/>
  <koodi id="-450" koodisto_id="-437" version="0" koodiuri="450"/>
  <koodi id="-451" koodisto_id="-438" version="0" koodiuri="451"/>
  <koodi id="-452" koodisto_id="-438" version="0" koodiuri="452"/>
  <koodi id="-453" koodisto_id="-438" version="0" koodiuri="453"/>
  <koodi id="-454" koodisto_id="-439" version="0" koodiuri="454"/>
  <koodi id="-455" koodisto_id="-440" version="0" koodiuri="455"/>
  <koodi id="-456" koodisto_id="-442" version="0" koodiuri="456"/>
  <koodi id="-457" koodisto_id="-442" version="0" koodiuri="457"/>
  <koodi id="-458" koodisto_id="-443" version="0" koodiuri="458"/>
  <koodi id="-459" koodisto_id="-443" version="0" koodiuri="459"/>
  <koodi id="-460" koodisto_id="-444" version="0" koodiuri="460"/>
  <koodi id="-461" koodisto_id="-445" version="0" koodiuri="461"/>
  <koodi id="-462" koodisto_id="-446" version="0" koodiuri="462"/>
  <koodi id="-463" koodisto_id="-445" version="0" koodiuri="463"/>
  <koodi id="-464" koodisto_id="-446" version="0" koodiuri="464"/>
  <koodi id="-465" koodisto_id="-447" version="0" koodiuri="465"/>
  <koodi id="-466" koodisto_id="-447" version="0" koodiuri="466"/>
  <koodi id="-467" koodisto_id="-446" version="0" koodiuri="467"/>
  <koodi id="-468" koodisto_id="-445" version="0" koodiuri="468"/>
  <koodi id="-469" koodisto_id="-446" version="0" koodiuri="469"/>
  <koodi id="-470" koodisto_id="-448" version="0" koodiuri="470"/>
  <koodi id="-471" koodisto_id="-450" version="0" koodiuri="471"/>
  <koodi id="-472" koodisto_id="-450" version="0" koodiuri="472"/>
  <koodi id="-473" koodisto_id="-451" version="0" koodiuri="473"/>
  <koodi id="-474" koodisto_id="-451" version="0" koodiuri="474"/>
  <koodi id="-475" koodisto_id="-452" version="0" koodiuri="475"/>
  <koodi id="-476" koodisto_id="-453" version="0" koodiuri="476"/>
  <koodi id="-477" koodisto_id="-454" version="0" koodiuri="477"/>
  <koodi id="-478" koodisto_id="-453" version="0" koodiuri="478"/>
  <koodi id="-500" koodisto_id="-500" version="0" koodiuri="koodisiirtyy"/>;
  <koodi id="-700" koodisto_id="-700" version="0" koodiuri="vanhasuhdeeiversioiduA" />
  <koodi id="-701" koodisto_id="-701" version="0" koodiuri="vanhasuhdeeiversioiduB" />
  <koodi id="-702" koodisto_id="-702" version="0" koodiuri="vanhasuhdeeiversioiduATake2" />
  <koodi id="-703" koodisto_id="-703" version="0" koodiuri="vanhasuhdeeiversioiduBTake2" />
  <koodi id="-704" koodisto_id="-809" version="0" koodiuri="vanhasuhdepassivoidaan"/>
  <koodi id="-705" koodisto_id="-810" version="0" koodiuri="809suhdetahan"/>
  <koodi id="-706" koodisto_id="-811" version="0" koodiuri="passiivisuhdeeikopioidu"/>
  <koodi id="-1000" koodisto_id="-1000" version="0" koodiuri="wanhasuhdeaktivoituupoistossa"/>
  <koodi id="-1001" koodisto_id="-1001" version="0" koodiuri="tonnillasuhdetahan"/>

  <koodiversio id="-3" version="0" paivityspvm="2012-03-22" luotu="2013-01-01" tila="HYVAKSYTTY" versio="1" voimassaalkupvm="1990-01-01" koodi_id="-3" koodiarvo="005"/>
  <koodiversio id="-5" version="0" paivityspvm="2012-03-22" luotu="2013-01-01" tila="HYVAKSYTTY" versio="1" voimassaalkupvm="1990-01-01" koodi_id="-5" koodiarvo="009"/>
  <koodiversio id="-7" version="0" paivityspvm="2012-03-22" luotu="2013-01-01" tila="HYVAKSYTTY" versio="1" voimassaalkupvm="1990-01-01" koodi_id="-7" koodiarvo="010"/>
  <koodiversio id="-9" version="0" paivityspvm="2012-03-22" luotu="2013-01-01" tila="HYVAKSYTTY" versio="1" voimassaalkupvm="1990-01-01" koodi_id="-9" koodiarvo="016"/>
  <koodiversio id="-11" version="0" paivityspvm="2012-03-22" luotu="2013-01-01" tila="HYVAKSYTTY" versio="1" voimassaalkupvm="1990-01-01" koodi_id="-11" koodiarvo="018"/>
  <koodiversio id="-13" version="0" paivityspvm="2012-03-22" luotu="2013-01-01" tila="HYVAKSYTTY" versio="1" voimassaalkupvm="1990-01-01" koodi_id="-13" koodiarvo="019"/>
  <koodiversio id="-15" version="0" paivityspvm="2012-03-22" luotu="2013-01-01" tila="HYVAKSYTTY" versio="1" voimassaalkupvm="2007-01-01" koodi_id="-15" koodiarvo="020"/>
  <koodiversio id="-17" version="0" paivityspvm="2012-03-22" luotu="2013-01-01" tila="HYVAKSYTTY" versio="1" voimassaalkupvm="1990-01-01" koodi_id="-17" koodiarvo="035"/>
  <koodiversio id="-19" version="0" paivityspvm="2012-03-22" luotu="2013-01-01" tila="HYVAKSYTTY" versio="1" voimassaalkupvm="1990-01-01" koodi_id="-19" koodiarvo="043"/>
  <koodiversio id="-21" version="0" paivityspvm="2012-03-22" luotu="2013-01-01" tila="HYVAKSYTTY" versio="1" voimassaalkupvm="1990-01-01" koodi_id="-21" koodiarvo="046"/>
  <koodiversio id="-23" version="0" paivityspvm="2012-03-22" luotu="2013-01-01" tila="HYVAKSYTTY" versio="1" voimassaalkupvm="1990-01-01" koodi_id="-23" koodiarvo="047"/>
  <koodiversio id="-25" version="0" paivityspvm="2012-03-22" luotu="2013-01-01" tila="HYVAKSYTTY" versio="1" voimassaalkupvm="1990-01-01" koodi_id="-25" koodiarvo="049"/>
  <koodiversio id="-27" version="0" paivityspvm="2012-03-22" luotu="2013-01-01" tila="HYVAKSYTTY" versio="1" voimassaalkupvm="1990-01-01" koodi_id="-27" koodiarvo="050"/>
  <koodiversio id="-29" version="0" paivityspvm="2012-03-22" luotu="2013-01-01" tila="HYVAKSYTTY" versio="1" voimassaalkupvm="1990-01-01" koodi_id="-29" koodiarvo="051"/>
  <koodiversio id="-31" version="0" paivityspvm="2012-03-22" luotu="2013-01-01" tila="HYVAKSYTTY" versio="1" voimassaalkupvm="1990-01-01" koodi_id="-31" koodiarvo="052"/>
  <koodiversio id="-33" version="0" paivityspvm="2012-03-22" luotu="2013-01-01" tila="HYVAKSYTTY" versio="1" voimassaalkupvm="1990-01-01" koodi_id="-33" koodiarvo="060"/>
  <koodiversio id="-35" version="0" paivityspvm="2012-03-22" luotu="2013-01-01" tila="HYVAKSYTTY" versio="1" voimassaalkupvm="1990-01-01" koodi_id="-35" koodiarvo="061"/>
  <koodiversio id="-37" version="0" paivityspvm="2012-03-22" luotu="2013-01-01" tila="HYVAKSYTTY" versio="1" voimassaalkupvm="1990-01-01" koodi_id="-37" koodiarvo="062"/>
  <koodiversio id="-39" version="0" paivityspvm="2012-03-22" luotu="2013-01-01" tila="HYVAKSYTTY" versio="1" voimassaalkupvm="1990-01-01" koodi_id="-39" koodiarvo="065"/>
  <koodiversio id="-41" version="0" paivityspvm="2012-03-22" luotu="2013-01-01" tila="HYVAKSYTTY" versio="1" voimassaalkupvm="1990-01-01" koodi_id="-41" koodiarvo="069"/>
  <koodiversio id="-43" version="0" paivityspvm="2012-03-22" luotu="2013-01-01" tila="HYVAKSYTTY" versio="1" voimassaalkupvm="1990-01-01" koodi_id="-43" koodiarvo="071"/>
  <koodiversio id="-45" version="0" paivityspvm="2012-03-22" luotu="2013-01-01" tila="HYVAKSYTTY" versio="1" voimassaalkupvm="1990-01-01" koodi_id="-45" koodiarvo="072"/>
  <koodiversio id="-47" version="0" paivityspvm="2012-03-22" luotu="2013-01-01" tila="HYVAKSYTTY" versio="1" voimassaalkupvm="1990-01-01" koodi_id="-47" koodiarvo="074"/>
  <koodiversio id="-49" version="0" paivityspvm="2012-03-22" luotu="2013-01-01" tila="HYVAKSYTTY" versio="1" voimassaalkupvm="1990-01-01" koodi_id="-49" koodiarvo="075"/>
  <koodiversio id="-51" version="0" paivityspvm="2012-03-22" luotu="2013-01-01" tila="HYVAKSYTTY" versio="1" voimassaalkupvm="1990-01-01" koodi_id="-51" koodiarvo="076"/>
  <koodiversio id="-53" version="0" paivityspvm="2012-03-22" luotu="2013-01-01" tila="HYVAKSYTTY" versio="1" voimassaalkupvm="1990-01-01" koodi_id="-53" koodiarvo="077"/>
  <koodiversio id="-55" version="0" paivityspvm="2012-03-22" luotu="2013-01-01" tila="HYVAKSYTTY" versio="1" voimassaalkupvm="1990-01-01" koodi_id="-55" koodiarvo="078"/>
  <koodiversio id="-57" version="0" paivityspvm="2012-03-22" luotu="2013-01-01" tila="HYVAKSYTTY" versio="1" voimassaalkupvm="1990-01-01" koodi_id="-57" koodiarvo="079"/>
  <koodiversio id="-59" version="0" paivityspvm="2012-03-22" luotu="2013-01-01" tila="HYVAKSYTTY" versio="1" voimassaalkupvm="1990-01-01" koodi_id="-59" koodiarvo="081"/>
  <koodiversio id="-61" version="0" paivityspvm="2012-03-22" luotu="2013-01-01" tila="HYVAKSYTTY" versio="1" voimassaalkupvm="1990-01-01" koodi_id="-61" koodiarvo="082"/>
  <koodiversio id="-63" version="0" paivityspvm="2012-03-22" luotu="2013-01-01" tila="HYVAKSYTTY" versio="1" voimassaalkupvm="1990-01-01" koodi_id="-63" koodiarvo="084"/>
  <koodiversio id="-65" version="0" paivityspvm="2012-03-22" luotu="2013-01-01" tila="HYVAKSYTTY" versio="1" voimassaalkupvm="1990-01-01" koodi_id="-65" koodiarvo="086"/>
  <koodiversio id="-67" version="0" paivityspvm="2012-03-22" luotu="2013-01-01" tila="HYVAKSYTTY" versio="1" voimassaalkupvm="1990-01-01" koodi_id="-67" koodiarvo="090"/>
  <koodiversio id="-69" version="0" paivityspvm="2012-03-22" luotu="2013-01-01" tila="HYVAKSYTTY" versio="1" voimassaalkupvm="1990-01-01" koodi_id="-69" koodiarvo="091"/>
  <koodiversio id="-71" version="0" paivityspvm="2012-03-22" luotu="2013-01-01" tila="HYVAKSYTTY" versio="1" voimassaalkupvm="1990-01-01" koodi_id="-71" koodiarvo="092"/>
  <koodiversio id="-73" version="0" paivityspvm="2012-03-22" luotu="2013-01-01" tila="HYVAKSYTTY" versio="1" voimassaalkupvm="1990-01-01" koodi_id="-73" koodiarvo="097"/>
  <koodiversio id="-75" version="0" paivityspvm="2012-03-22" luotu="2013-01-01" tila="HYVAKSYTTY" versio="1" voimassaalkupvm="1990-01-01" koodi_id="-75" koodiarvo="098"/>
  <koodiversio id="-77" version="0" paivityspvm="2012-03-22" luotu="2013-01-01" tila="HYVAKSYTTY" versio="1" voimassaalkupvm="1990-01-01" koodi_id="-77" koodiarvo="099"/>
  <koodiversio id="-79" version="0" paivityspvm="2012-03-22" luotu="2013-01-01" tila="HYVAKSYTTY" versio="1" voimassaalkupvm="1990-01-01" koodi_id="-79" koodiarvo="102"/>
  <koodiversio id="-81" version="0" paivityspvm="2012-03-22" luotu="2013-01-01" tila="HYVAKSYTTY" versio="1" voimassaalkupvm="1990-01-01" koodi_id="-81" koodiarvo="103"/>
  <koodiversio id="-83" version="0" paivityspvm="2012-03-22" luotu="2013-01-01" tila="HYVAKSYTTY" versio="1" voimassaalkupvm="1990-01-01" koodi_id="-83" koodiarvo="105"/>
  <koodiversio id="-85" version="0" paivityspvm="2012-03-22" luotu="2013-01-01" tila="HYVAKSYTTY" versio="1" voimassaalkupvm="1990-01-01" koodi_id="-85" koodiarvo="106"/>
  <koodiversio id="-87" version="0" paivityspvm="2012-03-22" luotu="2013-01-01" tila="HYVAKSYTTY" versio="1" voimassaalkupvm="1990-01-01" koodi_id="-87" koodiarvo="108"/>
  <koodiversio id="-89" version="0" paivityspvm="2012-03-22" luotu="2013-01-01" tila="HYVAKSYTTY" versio="1" voimassaalkupvm="1990-01-01" koodi_id="-89" koodiarvo="109"/>
  <koodiversio id="-91" version="0" paivityspvm="2012-03-22" luotu="2013-01-01" tila="HYVAKSYTTY" versio="1" voimassaalkupvm="1997-01-01" koodi_id="-91" koodiarvo="111"/>
  <koodiversio id="-93" version="0" paivityspvm="2012-03-22" luotu="2013-01-01" tila="HYVAKSYTTY" versio="1" voimassaalkupvm="1990-01-01" koodi_id="-93" koodiarvo="139"/>
  <koodiversio id="-95" version="0" paivityspvm="2012-03-22" luotu="2013-01-01" tila="HYVAKSYTTY" versio="1" voimassaalkupvm="1990-01-01" koodi_id="-95" koodiarvo="140"/>
  <koodiversio id="-97" version="0" paivityspvm="2012-03-22" luotu="2013-01-01" tila="HYVAKSYTTY" versio="1" voimassaalkupvm="1990-01-01" koodi_id="-97" koodiarvo="142"/>
  <koodiversio id="-99" version="0" paivityspvm="2012-03-22" luotu="2013-01-01" tila="HYVAKSYTTY" versio="1" voimassaalkupvm="1990-01-01" koodi_id="-99" koodiarvo="143"/>
  <koodiversio id="-101" version="0" paivityspvm="2012-03-22" luotu="2013-01-01" tila="HYVAKSYTTY" versio="1" voimassaalkupvm="1990-01-01" koodi_id="-101" koodiarvo="145"/>
  <koodiversio id="-103" version="0" paivityspvm="2012-03-22" luotu="2013-01-01" tila="HYVAKSYTTY" versio="1" voimassaalkupvm="1990-01-01" koodi_id="-103" koodiarvo="146"/>
  <koodiversio id="-105" version="0" paivityspvm="2012-03-22" luotu="2013-01-01" tila="HYVAKSYTTY" versio="1" voimassaalkupvm="1990-01-01" koodi_id="-105" koodiarvo="148"/>
  <koodiversio id="-107" version="0" paivityspvm="2012-03-22" luotu="2013-01-01" tila="HYVAKSYTTY" versio="1" voimassaalkupvm="1990-01-01" koodi_id="-107" koodiarvo="149"/>
  <koodiversio id="-109" version="0" paivityspvm="2012-03-22" luotu="2013-01-01" tila="HYVAKSYTTY" versio="1" voimassaalkupvm="1990-01-01" koodi_id="-109" koodiarvo="151"/>
  <koodiversio id="-111" version="0" paivityspvm="2012-03-22" luotu="2013-01-01" tila="HYVAKSYTTY" versio="1" voimassaalkupvm="1990-01-01" koodi_id="-111" koodiarvo="152"/>
  <koodiversio id="-113" version="0" paivityspvm="2012-03-22" luotu="2013-01-01" tila="HYVAKSYTTY" versio="1" voimassaalkupvm="1990-01-01" koodi_id="-113" koodiarvo="153"/>
  <koodiversio id="-115" version="0" paivityspvm="2012-03-22" luotu="2013-01-01" tila="HYVAKSYTTY" versio="1" voimassaalkupvm="1990-01-01" koodi_id="-115" koodiarvo="164"/>
  <koodiversio id="-117" version="0" paivityspvm="2012-03-22" luotu="2013-01-01" tila="HYVAKSYTTY" versio="1" voimassaalkupvm="1990-01-01" koodi_id="-117" koodiarvo="165"/>
  <koodiversio id="-119" version="0" paivityspvm="2012-03-22" luotu="2013-01-01" tila="HYVAKSYTTY" versio="1" voimassaalkupvm="1990-01-01" koodi_id="-119" koodiarvo="167"/>
  <koodiversio id="-121" version="0" paivityspvm="2012-03-22" luotu="2013-01-01" tila="HYVAKSYTTY" versio="1" voimassaalkupvm="1990-01-01" koodi_id="-121" koodiarvo="169"/>
  <koodiversio id="-123" version="0" paivityspvm="2012-03-22" luotu="2013-01-01" tila="HYVAKSYTTY" versio="1" voimassaalkupvm="1990-01-01" koodi_id="-123" koodiarvo="170"/>
  <koodiversio id="-125" version="0" paivityspvm="2012-03-22" luotu="2013-01-01" tila="HYVAKSYTTY" versio="1" voimassaalkupvm="1990-01-01" koodi_id="-125" koodiarvo="171"/>
  <koodiversio id="-127" version="0" paivityspvm="2012-03-22" luotu="2013-01-01" tila="HYVAKSYTTY" versio="1" voimassaalkupvm="1990-01-01" koodi_id="-127" koodiarvo="172"/>
  <koodiversio id="-129" version="0" paivityspvm="2012-03-22" luotu="2013-01-01" tila="HYVAKSYTTY" versio="1" voimassaalkupvm="1990-01-01" koodi_id="-129" koodiarvo="174"/>
  <koodiversio id="-131" version="0" paivityspvm="2012-03-22" luotu="2013-01-01" tila="HYVAKSYTTY" versio="1" voimassaalkupvm="1990-01-01" koodi_id="-131" koodiarvo="176"/>
  <koodiversio id="-133" version="0" paivityspvm="2012-03-22" luotu="2013-01-01" tila="HYVAKSYTTY" versio="1" voimassaalkupvm="1990-01-01" koodi_id="-133" koodiarvo="177"/>
  <koodiversio id="-135" version="0" paivityspvm="2012-03-22" luotu="2013-01-01" tila="HYVAKSYTTY" versio="1" voimassaalkupvm="1990-01-01" koodi_id="-135" koodiarvo="178"/>
  <koodiversio id="-137" version="0" paivityspvm="2012-03-22" luotu="2013-01-01" tila="HYVAKSYTTY" versio="1" voimassaalkupvm="1990-01-01" koodi_id="-137" koodiarvo="179"/>
  <koodiversio id="-139" version="0" paivityspvm="2012-03-22" luotu="2013-01-01" tila="HYVAKSYTTY" versio="1" voimassaalkupvm="1990-01-01" koodi_id="-139" koodiarvo="181"/>
  <koodiversio id="-141" version="0" paivityspvm="2012-03-22" luotu="2013-01-01" tila="HYVAKSYTTY" versio="1" voimassaalkupvm="1990-01-01" koodi_id="-141" koodiarvo="182"/>
  <koodiversio id="-143" version="0" paivityspvm="2012-03-22" luotu="2013-01-01" tila="HYVAKSYTTY" versio="1" voimassaalkupvm="1990-01-01" koodi_id="-143" koodiarvo="186"/>
  <koodiversio id="-145" version="0" paivityspvm="2012-03-22" luotu="2013-01-01" tila="HYVAKSYTTY" versio="1" voimassaalkupvm="1990-01-01" koodi_id="-145" koodiarvo="200"/>
  <koodiversio id="-147" version="0" paivityspvm="2012-03-22" luotu="2013-01-01" tila="HYVAKSYTTY" versio="1" voimassaalkupvm="1990-01-01" koodi_id="-147" koodiarvo="202"/>
  <koodiversio id="-149" version="0" paivityspvm="2012-03-22" luotu="2013-01-01" tila="HYVAKSYTTY" versio="1" voimassaalkupvm="1990-01-01" koodi_id="-149" koodiarvo="204"/>
  <koodiversio id="-151" version="0" paivityspvm="2012-03-22" luotu="2013-01-01" tila="HYVAKSYTTY" versio="1" voimassaalkupvm="1990-01-01" koodi_id="-151" koodiarvo="205"/>
  <koodiversio id="-153" version="0" paivityspvm="2012-03-22" luotu="2013-01-01" tila="HYVAKSYTTY" versio="1" voimassaalkupvm="1990-01-01" koodi_id="-153" koodiarvo="208"/>
  <koodiversio id="-155" version="0" paivityspvm="2012-03-22" luotu="2013-01-01" tila="HYVAKSYTTY" versio="1" voimassaalkupvm="1990-01-01" koodi_id="-155" koodiarvo="211"/>
  <koodiversio id="-157" version="0" paivityspvm="2012-03-22" luotu="2013-01-01" tila="HYVAKSYTTY" versio="1" voimassaalkupvm="1990-01-01" koodi_id="-157" koodiarvo="213"/>
  <koodiversio id="-159" version="0" paivityspvm="2012-03-22" luotu="2013-01-01" tila="HYVAKSYTTY" versio="1" voimassaalkupvm="1990-01-01" koodi_id="-159" koodiarvo="214"/>
  <koodiversio id="-161" version="0" paivityspvm="2012-03-22" luotu="2013-01-01" tila="HYVAKSYTTY" versio="1" voimassaalkupvm="1990-01-01" koodi_id="-161" koodiarvo="216"/>
  <koodiversio id="-163" version="0" paivityspvm="2012-03-22" luotu="2013-01-01" tila="HYVAKSYTTY" versio="1" voimassaalkupvm="1990-01-01" koodi_id="-163" koodiarvo="217"/>
  <koodiversio id="-165" version="0" paivityspvm="2012-03-22" luotu="2013-01-01" tila="HYVAKSYTTY" versio="1" voimassaalkupvm="1990-01-01" koodi_id="-165" koodiarvo="218"/>
  <koodiversio id="-167" version="0" paivityspvm="2012-03-22" luotu="2013-01-01" tila="HYVAKSYTTY" versio="1" voimassaalkupvm="1990-01-01" koodi_id="-167" koodiarvo="223"/>
  <koodiversio id="-169" version="0" paivityspvm="2012-03-22" luotu="2013-01-01" tila="HYVAKSYTTY" versio="1" voimassaalkupvm="1990-01-01" koodi_id="-169" koodiarvo="224"/>
  <koodiversio id="-171" version="0" paivityspvm="2012-03-22" luotu="2013-01-01" tila="HYVAKSYTTY" versio="1" voimassaalkupvm="1990-01-01" koodi_id="-171" koodiarvo="226"/>
  <koodiversio id="-173" version="0" paivityspvm="2012-03-22" luotu="2013-01-01" tila="HYVAKSYTTY" versio="1" voimassaalkupvm="1990-01-01" koodi_id="-173" koodiarvo="230"/>
  <koodiversio id="-175" version="0" paivityspvm="2012-03-22" luotu="2013-01-01" tila="HYVAKSYTTY" versio="1" voimassaalkupvm="1990-01-01" koodi_id="-175" koodiarvo="231"/>
  <koodiversio id="-177" version="0" paivityspvm="2012-03-22" luotu="2013-01-01" tila="HYVAKSYTTY" versio="1" voimassaalkupvm="1990-01-01" koodi_id="-177" koodiarvo="232"/>
  <koodiversio id="-179" version="0" paivityspvm="2012-03-22" luotu="2013-01-01" tila="HYVAKSYTTY" versio="1" voimassaalkupvm="1990-01-01" koodi_id="-179" koodiarvo="233"/>
  <koodiversio id="-181" version="0" paivityspvm="2012-03-22" luotu="2013-01-01" tila="HYVAKSYTTY" versio="1" voimassaalkupvm="1990-01-01" koodi_id="-181" koodiarvo="235"/>
  <koodiversio id="-183" version="0" paivityspvm="2012-03-22" luotu="2013-01-01" tila="HYVAKSYTTY" versio="1" voimassaalkupvm="1990-01-01" koodi_id="-183" koodiarvo="236"/>
  <koodiversio id="-185" version="0" paivityspvm="2012-03-22" luotu="2013-01-01" tila="HYVAKSYTTY" versio="1" voimassaalkupvm="1990-01-01" koodi_id="-185" koodiarvo="239"/>
  <koodiversio id="-187" version="0" paivityspvm="2012-03-22" luotu="2013-01-01" tila="HYVAKSYTTY" versio="1" voimassaalkupvm="1990-01-01" koodi_id="-187" koodiarvo="240"/>
  <koodiversio id="-189" version="0" paivityspvm="2012-03-22" luotu="2013-01-01" tila="HYVAKSYTTY" versio="1" voimassaalkupvm="1990-01-01" koodi_id="-189" koodiarvo="241"/>
  <koodiversio id="-191" version="0" paivityspvm="2012-03-22" luotu="2013-01-01" tila="HYVAKSYTTY" versio="1" voimassaalkupvm="1990-01-01" koodi_id="-191" koodiarvo="244"/>
  <koodiversio id="-193" version="0" paivityspvm="2012-03-22" luotu="2013-01-01" tila="HYVAKSYTTY" versio="1" voimassaalkupvm="1990-01-01" koodi_id="-193" koodiarvo="245"/>
  <koodiversio id="-195" version="0" paivityspvm="2012-03-22" luotu="2013-01-01" tila="HYVAKSYTTY" versio="1" voimassaalkupvm="1990-01-01" koodi_id="-195" koodiarvo="246"/>
  <koodiversio id="-197" version="0" paivityspvm="2012-03-22" luotu="2013-01-01" tila="HYVAKSYTTY" versio="1" voimassaalkupvm="1990-01-01" koodi_id="-197" koodiarvo="248"/>
  <koodiversio id="-199" version="0" paivityspvm="2012-03-22" luotu="2013-01-01" tila="HYVAKSYTTY" versio="1" voimassaalkupvm="1990-01-01" koodi_id="-199" koodiarvo="249"/>
  <koodiversio id="-201" version="0" paivityspvm="2012-03-22" luotu="2013-01-01" tila="HYVAKSYTTY" versio="1" voimassaalkupvm="1990-01-01" koodi_id="-201" koodiarvo="250"/>
  <koodiversio id="-305" version="0" paivityspvm="2012-03-22" luotu="2013-01-01" tila="HYVAKSYTTY" versio="1" voimassaalkupvm="1993-01-01" koodi_id="-305" koodiarvo="01"/>
  <koodiversio id="-307" version="0" paivityspvm="2012-03-22" luotu="2013-01-01" tila="HYVAKSYTTY" versio="1" voimassaalkupvm="1993-01-01" koodi_id="-307" koodiarvo="02"/>
  <koodiversio id="-309" version="0" paivityspvm="2012-03-22" luotu="2013-01-01" tila="HYVAKSYTTY" versio="1" voimassaalkupvm="1993-01-01" koodi_id="-309" koodiarvo="04"/>
  <koodiversio id="-311" version="0" paivityspvm="2012-03-22" luotu="2013-01-01" tila="HYVAKSYTTY" versio="1" voimassaalkupvm="1998-03-01" koodi_id="-311" koodiarvo="05"/>
  <koodiversio id="-313" version="0" paivityspvm="2012-03-22" luotu="2013-01-01" tila="HYVAKSYTTY" versio="1" voimassaalkupvm="1993-01-01" koodi_id="-313" koodiarvo="06"/>
  <koodiversio id="-315" version="0" paivityspvm="2012-03-22" luotu="2013-01-01" tila="HYVAKSYTTY" versio="1" voimassaalkupvm="1993-01-01" koodi_id="-315" koodiarvo="07"/>
  <koodiversio id="-317" version="0" paivityspvm="2012-03-22" luotu="2013-01-01" tila="HYVAKSYTTY" versio="1" voimassaalkupvm="1993-01-01" koodi_id="-317" koodiarvo="08"/>
  <koodiversio id="-319" version="0" paivityspvm="2012-03-22" luotu="2013-01-01" tila="HYVAKSYTTY" versio="1" voimassaalkupvm="1993-01-01" koodi_id="-319" koodiarvo="09"/>
  <koodiversio id="-321" version="0" paivityspvm="2012-03-22" luotu="2013-01-01" tila="HYVAKSYTTY" versio="1" voimassaalkupvm="1993-01-01" koodi_id="-321" koodiarvo="10"/>
  <koodiversio id="-323" version="0" paivityspvm="2012-03-22" luotu="2013-01-01" tila="HYVAKSYTTY" versio="1" voimassaalkupvm="1993-01-01" koodi_id="-323" koodiarvo="11"/>
  <koodiversio id="-325" version="0" paivityspvm="2012-03-22" luotu="2013-01-01" tila="HYVAKSYTTY" versio="1" voimassaalkupvm="1993-01-01" koodi_id="-325" koodiarvo="12"/>
  <koodiversio id="-327" version="0" paivityspvm="2012-03-22" luotu="2013-01-01" tila="HYVAKSYTTY" versio="1" voimassaalkupvm="1993-01-01" koodi_id="-327" koodiarvo="13"/>
  <koodiversio id="-329" version="0" paivityspvm="2012-03-22" luotu="2013-01-01" tila="HYVAKSYTTY" versio="1" voimassaalkupvm="1993-01-01" koodi_id="-329" koodiarvo="14"/>
  <koodiversio id="-331" version="0" paivityspvm="2012-03-22" luotu="2013-01-01" tila="HYVAKSYTTY" versio="1" voimassaalkupvm="1998-03-01" koodi_id="-331" koodiarvo="15"/>
  <koodiversio id="-333" version="0" paivityspvm="2012-03-22" luotu="2013-01-01" tila="HYVAKSYTTY" versio="1" voimassaalkupvm="1993-01-01" koodi_id="-333" koodiarvo="16"/>
  <koodiversio id="-335" version="0" paivityspvm="2012-03-22" luotu="2013-01-01" tila="HYVAKSYTTY" versio="1" voimassaalkupvm="1993-01-01" koodi_id="-335" koodiarvo="17"/>
  <koodiversio id="-337" version="0" paivityspvm="2012-03-22" luotu="2013-01-01" tila="HYVAKSYTTY" versio="1" voimassaalkupvm="1993-01-01" koodi_id="-337" koodiarvo="18"/>
  <koodiversio id="-339" version="0" paivityspvm="2012-03-22" luotu="2013-01-01" tila="HYVAKSYTTY" versio="1" voimassaalkupvm="1993-01-01" koodi_id="-339" koodiarvo="19"/>
  <koodiversio id="-341" version="0" paivityspvm="2012-03-22" luotu="2013-01-01" tila="HYVAKSYTTY" versio="1" voimassaalkupvm="1993-01-01" koodi_id="-341" koodiarvo="21"/>
  <koodiversio id="-343" version="0" paivityspvm="2012-03-22" luotu="2013-01-01" tila="HYVAKSYTTY" versio="1" voimassaalkupvm="1993-01-01" koodi_id="-343" koodiarvo="99"/>
  <koodiversio id="-367" version="0" paivityspvm="2012-03-22" luotu="2013-01-01" tila="HYVAKSYTTY" versio="1" voimassaalkupvm="2010-01-01" koodi_id="-367" koodiarvo="1"/>
  <koodiversio id="-369" version="0" paivityspvm="2012-03-22" luotu="2013-01-01" tila="HYVAKSYTTY" versio="1" voimassaalkupvm="2010-01-01" koodi_id="-369" koodiarvo="2"/>
  <koodiversio id="-371" version="0" paivityspvm="2012-03-22" luotu="2013-01-01" tila="HYVAKSYTTY" versio="1" voimassaalkupvm="2010-01-01" koodi_id="-371" koodiarvo="3"/>
  <koodiversio id="-373" version="0" paivityspvm="2012-03-22" luotu="2013-01-01" tila="HYVAKSYTTY" versio="1" voimassaalkupvm="2010-01-01" koodi_id="-373" koodiarvo="4"/>
  <koodiversio id="-375" version="0" paivityspvm="2012-03-22" luotu="2013-01-01" tila="HYVAKSYTTY" versio="1" voimassaalkupvm="2010-01-01" koodi_id="-375" koodiarvo="5"/>
  <koodiversio id="-377" version="0" paivityspvm="2012-03-22" luotu="2013-01-01" tila="HYVAKSYTTY" versio="1" voimassaalkupvm="2010-01-01" koodi_id="-377" koodiarvo="6"/>
  <koodiversio id="-379" version="0" paivityspvm="2012-03-22" luotu="2013-01-01" tila="HYVAKSYTTY" versio="1" voimassaalkupvm="2010-01-01" koodi_id="-379" koodiarvo="7"/>
  <koodiversio id="-381" version="0" paivityspvm="2012-03-22" luotu="2013-01-01" tila="HYVAKSYTTY" versio="1" voimassaalkupvm="2010-01-01" koodi_id="-381" koodiarvo="9"/>
  <koodiversio id="-410" version="0" paivityspvm="2012-04-29" luotu="2013-01-01" tila="HYVAKSYTTY" versio="1" voimassaalkupvm="2010-01-01" koodi_id="-410" koodiarvo="ekakoodi ver 1"/>
  <koodiversio id="-411" version="0" paivityspvm="2012-04-29" luotu="2013-01-01" tila="HYVAKSYTTY" versio="1" voimassaalkupvm="2010-01-01" koodi_id="-411" koodiarvo="tokakoodi ver 1"/>
  <koodiversio id="-412" version="0" paivityspvm="2012-04-30" luotu="2013-01-01" tila="PASSIIVINEN" versio="2" voimassaalkupvm="2012-04-30" koodi_id="-410" koodiarvo="ekakoodi ver 2"/>
  <koodiversio id="-437" version="0" paivityspvm="2012-05-11" luotu="2013-01-01" tila="HYVAKSYTTY" versio="1" voimassaalkupvm="2012-04-01" koodi_id="-435" koodiarvo="versio 1"/>
  <koodiversio id="-438" version="0" paivityspvm="2012-05-11" luotu="2013-01-01" tila="HYVAKSYTTY" versio="2" voimassaalkupvm="2012-04-03" koodi_id="-435" koodiarvo="versio 2"/>
  <koodiversio id="-439" version="0" paivityspvm="2012-05-11" luotu="2013-01-01" tila="HYVAKSYTTY" versio="3" voimassaalkupvm="2012-04-05" koodi_id="-435" koodiarvo="versio 3"/>
  <koodiversio id="-440" version="0" paivityspvm="2012-05-11" luotu="2013-01-01" tila="HYVAKSYTTY" versio="4" voimassaalkupvm="2012-04-07" koodi_id="-435" koodiarvo="versio 4"/>
  <koodiversio id="-441" version="0" paivityspvm="2012-05-11" luotu="2013-01-01" tila="HYVAKSYTTY" versio="5" voimassaalkupvm="2012-04-09" koodi_id="-435" koodiarvo="versio 5"/>
  <koodiversio id="-442" version="0" paivityspvm="2012-05-11" luotu="2013-01-01" tila="HYVAKSYTTY" versio="6" voimassaalkupvm="2012-04-11" koodi_id="-435" koodiarvo="versio 6"/>
  <koodiversio id="-443" version="0" paivityspvm="2012-05-11" luotu="2013-01-01" tila="HYVAKSYTTY" versio="7" voimassaalkupvm="2012-04-13" koodi_id="-435" koodiarvo="versio 7"/>
  <koodiversio id="-444" version="0" paivityspvm="2012-05-11" luotu="2013-01-01" tila="HYVAKSYTTY" versio="8" voimassaalkupvm="2012-04-15" koodi_id="-435" koodiarvo="versio 8"/>
  <koodiversio id="-445" version="0" paivityspvm="2012-05-11" luotu="2013-01-01" tila="HYVAKSYTTY" versio="9" voimassaalkupvm="2012-04-17" koodi_id="-435" koodiarvo="versio 9"/>
  <koodiversio id="-446" version="0" paivityspvm="2012-05-11" luotu="2013-01-01" tila="HYVAKSYTTY" versio="10" voimassaalkupvm="2012-04-19" koodi_id="-435" koodiarvo="versio 10"/>
  <koodiversio id="-447" version="0" paivityspvm="2012-05-11" luotu="2013-01-01" tila="LUONNOS" versio="11" voimassaalkupvm="2012-04-21" voimassaloppupvm="2012-04-23" koodi_id="-435" koodiarvo="versio 11"/>
  <koodiversio id="-448" version="0" paivityspvm="2012-05-11" luotu="2013-01-01" tila="HYVAKSYTTY" versio="1" voimassaalkupvm="2012-04-01" koodi_id="-436" koodiarvo="versio 1"/>
  <koodiversio id="-449" version="0" paivityspvm="2012-05-11" luotu="2013-01-01" tila="HYVAKSYTTY" versio="2" voimassaalkupvm="2012-04-03" koodi_id="-436" koodiarvo="versio 2"/>
  <koodiversio id="-450" version="0" paivityspvm="2012-05-11" luotu="2013-01-01" tila="HYVAKSYTTY" versio="3" voimassaalkupvm="2012-04-05" koodi_id="-436" koodiarvo="versio 3"/>
  <koodiversio id="-451" version="0" paivityspvm="2012-05-11" luotu="2013-01-01" tila="HYVAKSYTTY" versio="4" voimassaalkupvm="2012-04-07" koodi_id="-436" koodiarvo="versio 4"/>
  <koodiversio id="-452" version="0" paivityspvm="2012-05-11" luotu="2013-01-01" tila="HYVAKSYTTY" versio="5" voimassaalkupvm="2012-04-09" koodi_id="-436" koodiarvo="versio 5"/>
  <koodiversio id="-453" version="0" paivityspvm="2012-05-11" luotu="2013-01-01" tila="HYVAKSYTTY" versio="6" voimassaalkupvm="2012-04-11" koodi_id="-436" koodiarvo="versio 6"/>
  <koodiversio id="-454" version="0" paivityspvm="2012-05-11" luotu="2013-01-01" tila="HYVAKSYTTY" versio="7" voimassaalkupvm="2012-04-13" koodi_id="-436" koodiarvo="versio 7"/>
  <koodiversio id="-455" version="0" paivityspvm="2012-05-11" luotu="2013-01-01" tila="HYVAKSYTTY" versio="8" voimassaalkupvm="2012-04-15" koodi_id="-436" koodiarvo="versio 8"/>
  <koodiversio id="-456" version="0" paivityspvm="2012-05-11" luotu="2013-01-01" tila="HYVAKSYTTY" versio="9" voimassaalkupvm="2012-04-17" koodi_id="-436" koodiarvo="versio 9"/>
  <koodiversio id="-457" version="0" paivityspvm="2012-05-11" luotu="2013-01-01" tila="HYVAKSYTTY" versio="10" voimassaalkupvm="2012-04-19" koodi_id="-436" koodiarvo="versio 10"/>
  <koodiversio id="-458" version="0" paivityspvm="2012-05-11" luotu="2013-01-01" tila="HYVAKSYTTY" versio="11" voimassaalkupvm="2012-04-21" koodi_id="-436" koodiarvo="versio 11"/>
  <koodiversio id="-459" version="0" paivityspvm="2012-11-07" luotu="2013-01-01" tila="HYVAKSYTTY" versio="1" voimassaalkupvm="2012-11-06" koodi_id="-437" koodiarvo="puuppa"/>
  <koodiversio id="-460" version="0" paivityspvm="2012-12-04" luotu="2013-01-01" tila="HYVAKSYTTY" versio="1" voimassaalkupvm="2012-12-04" koodi_id="-438" koodiarvo="plop"/>
  <koodiversio id="-461" version="0" paivityspvm="2012-12-05" luotu="2013-01-01" tila="HYVAKSYTTY" versio="1" voimassaalkupvm="2012-12-03" voimassaloppupvm="2012-12-04" koodi_id="-439" koodiarvo="1"/>
  <koodiversio id="-462" version="0" paivityspvm="2012-12-05" luotu="2013-01-01" tila="LUONNOS" versio="1" voimassaalkupvm="2012-12-03" voimassaloppupvm="2012-12-06" koodi_id="-440" koodiarvo="2"/>
  <koodiversio id="-463" version="0" paivityspvm="2012-12-05" luotu="2013-01-01" tila="HYVAKSYTTY" versio="1" voimassaalkupvm="2012-12-03" voimassaloppupvm="2012-12-06" koodi_id="-441" koodiarvo="3"/>
  <koodiversio id="-464" version="0" paivityspvm="2013-03-15" luotu="2013-01-01" tila="HYVAKSYTTY" versio="1" voimassaalkupvm="2013-03-15" koodi_id="-442" koodiarvo="3"/>
  <koodiversio id="-465" version="0" paivityspvm="2013-03-15" luotu="2013-01-01" tila="HYVAKSYTTY" versio="1" voimassaalkupvm="2013-03-15" koodi_id="-443" koodiarvo="4"/>
  <koodiversio id="-466" version="0" paivityspvm="2013-03-15" luotu="2013-01-01" tila="PASSIIVINEN" versio="1" voimassaalkupvm="2013-03-15" koodi_id="-444" koodiarvo="4"/>
  <koodiversio id="-467" version="0" paivityspvm="2013-03-18" luotu="2013-01-01" tila="HYVAKSYTTY" versio="1" voimassaalkupvm="2013-03-18" koodi_id="-445" koodiarvo="5"/>
  <koodiversio id="-468" version="0" paivityspvm="2013-03-18" luotu="2013-01-01" tila="HYVAKSYTTY" versio="1" voimassaalkupvm="2013-03-18" koodi_id="-446" koodiarvo="6"/>
  <koodiversio id="-469" version="0" paivityspvm="2013-03-18" luotu="2013-01-01" tila="HYVAKSYTTY" versio="1" voimassaalkupvm="2013-03-18" koodi_id="-447" koodiarvo="7"/>
  <koodiversio id="-470" version="0" paivityspvm="2013-03-18" luotu="2013-01-01" tila="HYVAKSYTTY" versio="1" voimassaalkupvm="2013-03-18" koodi_id="-448" koodiarvo="8"/>
  <koodiversio id="-471" version="0" paivityspvm="2013-03-18" luotu="2013-01-01" tila="HYVAKSYTTY" versio="1" voimassaalkupvm="2013-03-18" koodi_id="-449" koodiarvo="9"/>
  <koodiversio id="-472" version="0" paivityspvm="2013-03-18" luotu="2013-01-01" tila="LUONNOS" versio="1" voimassaalkupvm="2013-03-18" koodi_id="-450" koodiarvo="10"/>
  <koodiversio id="-473" version="0" paivityspvm="2013-03-19" luotu="2013-01-01" tila="LUONNOS" versio="1" voimassaalkupvm="2013-03-19" koodi_id="-451" koodiarvo="11"/>
  <koodiversio id="-474" version="0" paivityspvm="2013-03-19" luotu="2013-01-01" tila="LUONNOS" versio="1" voimassaalkupvm="2013-03-19" koodi_id="-452" koodiarvo="12"/>
  <koodiversio id="-475" version="0" paivityspvm="2013-03-19" luotu="2013-01-01" tila="HYVAKSYTTY" versio="1" voimassaalkupvm="2013-03-19" koodi_id="-453" koodiarvo="13"/>
  <koodiversio id="-476" version="0" paivityspvm="2013-03-19" luotu="2013-01-01" tila="HYVAKSYTTY" versio="1" voimassaalkupvm="2013-03-17" koodi_id="-454" koodiarvo="14"/>
  <koodiversio id="-477" version="0" paivityspvm="2013-03-19" luotu="2013-01-01" tila="LUONNOS" versio="2" voimassaalkupvm="2013-03-19" koodi_id="-454" koodiarvo="14"/>
  <koodiversio id="-478" version="0" paivityspvm="2013-03-21" luotu="2013-01-01" tila="HYVAKSYTTY" versio="1" voimassaalkupvm="2013-03-17" koodi_id="-455" koodiarvo="15"/>
  <koodiversio id="-479" version="0" paivityspvm="2013-03-21" luotu="2013-01-01" tila="HYVAKSYTTY" versio="2" voimassaalkupvm="2013-03-17" koodi_id="-455" koodiarvo="15"/>
  <koodiversio id="-480" version="0" paivityspvm="2013-03-21" luotu="2013-01-01" tila="HYVAKSYTTY" versio="4" voimassaalkupvm="2013-03-21" koodi_id="-455" koodiarvo="15"/>
  <koodiversio id="-481" version="0" paivityspvm="2013-03-21" luotu="2013-01-01" tila="HYVAKSYTTY" versio="1" voimassaalkupvm="2013-03-21" koodi_id="-456" koodiarvo="001"/>
  <koodiversio id="-482" version="0" paivityspvm="2013-03-21" luotu="2013-01-01" tila="LUONNOS" versio="1" voimassaalkupvm="2013-03-21" koodi_id="-457" koodiarvo="002"/>
  <koodiversio id="-483" version="0" paivityspvm="2013-03-21" luotu="2013-01-01" tila="HYVAKSYTTY" versio="1" voimassaalkupvm="2013-03-21" koodi_id="-458" koodiarvo="001"/>
  <koodiversio id="-484" version="0" paivityspvm="2013-03-21" luotu="2013-01-01" tila="LUONNOS" versio="1" voimassaalkupvm="2013-03-21" koodi_id="-459" koodiarvo="002"/>
  <koodiversio id="-485" version="0" paivityspvm="2013-03-26" luotu="2013-01-01" tila="HYVAKSYTTY" versio="1" voimassaalkupvm="2013-03-26" koodi_id="-460" koodiarvo="17"/>
  <koodiversio id="-486" version="0" paivityspvm="2013-04-02" luotu="2013-01-01" tila="HYVAKSYTTY" versio="1" voimassaalkupvm="2013-04-02" koodi_id="-461" koodiarvo="18"/>
  <koodiversio id="-487" version="0" paivityspvm="2013-04-02" luotu="2013-01-01" tila="HYVAKSYTTY" versio="1" voimassaalkupvm="2013-04-02" koodi_id="-462" koodiarvo="19"/>
  <koodiversio id="-488" version="0" paivityspvm="2013-04-02" luotu="2013-01-01" tila="HYVAKSYTTY" versio="1" voimassaalkupvm="2013-04-02" koodi_id="-463" koodiarvo="20"/>
  <koodiversio id="-489" version="0" paivityspvm="2013-04-02" luotu="2013-01-01" tila="HYVAKSYTTY" versio="1" voimassaalkupvm="2013-04-02" koodi_id="-464" koodiarvo="21"/>
  <koodiversio id="-490" version="0" paivityspvm="2013-04-02" luotu="2013-01-01" tila="HYVAKSYTTY" versio="1" voimassaalkupvm="2013-04-02" koodi_id="-465" koodiarvo="22"/>
  <koodiversio id="-491" version="0" paivityspvm="2013-04-03" luotu="2013-01-01" tila="HYVAKSYTTY" versio="1" voimassaalkupvm="2013-04-03" koodi_id="-466" koodiarvo="23"/>
  <koodiversio id="-492" version="0" paivityspvm="2013-04-03" luotu="2013-01-01" tila="HYVAKSYTTY" versio="1" voimassaalkupvm="2013-04-03" koodi_id="-467" koodiarvo="24"/>
  <koodiversio id="-493" version="0" paivityspvm="2013-04-03" luotu="2013-01-01" tila="HYVAKSYTTY" versio="1" voimassaalkupvm="2013-04-03" koodi_id="-468" koodiarvo="25"/>
  <koodiversio id="-494" version="0" paivityspvm="2013-04-03" luotu="2013-01-01" tila="HYVAKSYTTY" versio="1" voimassaalkupvm="2013-04-03" koodi_id="-469" koodiarvo="26"/>
  <koodiversio id="-495" version="0" paivityspvm="2013-04-08" luotu="2013-01-01" tila="PASSIIVINEN" versio="1" voimassaalkupvm="2013-04-08" koodi_id="-470" koodiarvo="27"/>
  <koodiversio id="-496" version="0" paivityspvm="2013-04-11" luotu="2013-01-01" tila="HYVAKSYTTY" versio="1" voimassaalkupvm="2013-04-10" voimassaloppupvm="2013-04-11" koodi_id="-471" koodiarvo="28"/>
  <koodiversio id="-497" version="0" paivityspvm="2013-04-11" luotu="2013-01-01" tila="LUONNOS" versio="2" voimassaalkupvm="2013-04-11" koodi_id="-471" koodiarvo="28"/>
  <koodiversio id="-498" version="0" paivityspvm="2013-04-11" luotu="2013-01-01" tila="LUONNOS" versio="1" voimassaalkupvm="2013-04-11" koodi_id="-472" koodiarvo="29"/>
  <koodiversio id="-499" version="0" paivityspvm="2013-04-15" luotu="2013-01-01" tila="HYVAKSYTTY" versio="1" voimassaalkupvm="2013-04-15" koodi_id="-473" koodiarvo="30"/>
  <koodiversio id="-500" version="0" paivityspvm="2013-04-15" luotu="2013-01-01" tila="HYVAKSYTTY" versio="1" voimassaalkupvm="2013-04-15" koodi_id="-474" koodiarvo="31"/>
  <koodiversio id="-501" version="0" paivityspvm="2013-04-15" luotu="2013-01-01" tila="HYVAKSYTTY" versio="1" voimassaalkupvm="2013-04-11" koodi_id="-475" koodiarvo="32"/>
  <koodiversio id="-502" version="0" paivityspvm="2013-08-13" luotu="2013-01-01" tila="HYVAKSYTTY" versio="1" voimassaalkupvm="2013-04-15" koodi_id="-476" koodiarvo="666"/>
  <koodiversio id="-503" version="0" paivityspvm="2013-08-13" luotu="2013-01-01" tila="PASSIIVINEN" versio="2" voimassaalkupvm="2013-04-11" koodi_id="-476" koodiarvo="666"/>
  <koodiversio id="-504" version="0" paivityspvm="2013-08-13" luotu="2013-01-01" tila="HYVAKSYTTY" versio="1" voimassaalkupvm="2013-04-15" koodi_id="-477" koodiarvo="777"/>
  <koodiversio id="-505" version="0" paivityspvm="2013-08-13" luotu="2013-01-01" tila="PASSIIVINEN" versio="2" voimassaalkupvm="2013-04-11" koodi_id="-477" koodiarvo="777"/>
  <koodiversio id="-506" version="0" paivityspvm="2013-08-13" luotu="2013-01-01" tila="HYVAKSYTTY" versio="1" voimassaalkupvm="2013-04-15" koodi_id="-478" koodiarvo="666"/>
  <koodiversio id="-600" version="0" paivityspvm="2013-08-13" luotu="2013-01-01" tila="HYVAKSYTTY" versio="1" voimassaalkupvm="2013-04-14" koodi_id="-500" koodiarvo="999"/>
  <koodiversio id="-700" version="0" paivityspvm="2013-08-13" luotu="2013-01-01" tila="HYVAKSYTTY" versio="1" voimassaalkupvm="2013-04-14" koodi_id="-700" koodiarvo="wanha"/>
  <koodiversio id="-701" version="0" paivityspvm="2013-08-13" luotu="2013-01-01" tila="HYVAKSYTTY" versio="1" voimassaalkupvm="2013-04-14" koodi_id="-701" koodiarvo="wanha"/>
  <koodiversio id="-702" version="0" paivityspvm="2013-08-13" luotu="2013-01-01" tila="HYVAKSYTTY" versio="2" voimassaalkupvm="2013-04-14" koodi_id="-701" koodiarvo="wanha"/>
  <koodiversio id="-703" version="0" paivityspvm="2013-08-13" luotu="2013-01-01" tila="HYVAKSYTTY" versio="1" voimassaalkupvm="2013-04-14" koodi_id="-702" koodiarvo="wanha2"/>
  <koodiversio id="-704" version="0" paivityspvm="2013-08-13" luotu="2013-01-01" tila="HYVAKSYTTY" versio="2" voimassaalkupvm="2013-04-14" koodi_id="-702" koodiarvo="wanha2"/>
  <koodiversio id="-705" version="0" paivityspvm="2013-08-13" luotu="2013-01-01" tila="HYVAKSYTTY" versio="1" voimassaalkupvm="2013-04-14" koodi_id="-703" koodiarvo="wanha3"/>
  <koodiversio id="-706" version="0" paivityspvm="2013-08-13" luotu="2013-01-01" tila="HYVAKSYTTY" versio="1" voimassaalkupvm="2013-04-14" koodi_id="-704" koodiarvo="tamansuhdepassivoidaan"/>
  <koodiversio id="-707" version="0" paivityspvm="2013-08-13" luotu="2013-01-01" tila="HYVAKSYTTY" versio="2" voimassaalkupvm="2013-04-14" koodi_id="-704" koodiarvo="tamahyvaksytaan"/>
  <koodiversio id="-708" version="0" paivityspvm="2013-08-13" luotu="2013-01-01" tila="HYVAKSYTTY" versio="1" voimassaalkupvm="2013-04-14" koodi_id="-705" koodiarvo="sisaltyy706ja707"/>
  <koodiversio id="-709" version="0" paivityspvm="2013-08-13" luotu="2013-01-01" tila="HYVAKSYTTY" versio="1" voimassaalkupvm="2013-04-14" koodi_id="-706" koodiarvo="passiivinensuhdeeikopioidu"/>
  <koodiversio id="-1000" version="0" paivityspvm="2013-08-13" luotu="2013-01-01" tila="HYVAKSYTTY" versio="1" voimassaalkupvm="2013-04-14" koodi_id="-1000" koodiarvo="wanhasuhdeaktivoituu"/>
  <koodiversio id="-1001" version="0" paivityspvm="2014-08-13" luotu="2014-01-01" tila="PASSIIVINEN" versio="2" voimassaalkupvm="2014-04-14" koodi_id="-1000" koodiarvo="tamapoistetaan"/>
  <koodiversio id="-1002" version="0" paivityspvm="2013-08-13" luotu="2013-01-01" tila="LUONNOS" versio="1" voimassaalkupvm="2013-04-14" koodi_id="-1001" koodiarvo="tonnillasuhdetahan"/>

  <koodimetadata id="-4" kieli="FI" nimi="Alajärvi" version="0" koodiversio_id="-3" lyhytnimi="Alajärvi" kuvaus="Alajärvi"/>
  <koodimetadata id="-6" kieli="FI" nimi="Alavieska" version="0" koodiversio_id="-5" lyhytnimi="Alavieska" kuvaus="Alavieska"/>
  <koodimetadata id="-8" kieli="FI" nimi="Alavus" version="0" koodiversio_id="-7" lyhytnimi="Alavus" kuvaus="Alavus"/>
  <koodimetadata id="-10" kieli="FI" nimi="Asikkala" version="0" koodiversio_id="-9" lyhytnimi="Asikkala" kuvaus="Asikkala"/>
  <koodimetadata id="-12" kieli="FI" nimi="Askola" version="0" koodiversio_id="-11" lyhytnimi="Askola" kuvaus="Askola"/>
  <koodimetadata id="-14" kieli="FI" nimi="Aura" version="0" koodiversio_id="-13" lyhytnimi="Aura" kuvaus="Aura"/>
  <koodimetadata id="-16" kieli="FI" nimi="Akaa" version="0" koodiversio_id="-15" lyhytnimi="Akaa" kuvaus="Akaa"/>
  <koodimetadata id="-18" kieli="FI" nimi="Brändö" version="0" koodiversio_id="-17" lyhytnimi="Brändö" kuvaus="Brändö"/>
  <koodimetadata id="-20" kieli="FI" nimi="Eckerö" version="0" koodiversio_id="-19" lyhytnimi="Eckerö" kuvaus="Eckerö"/>
  <koodimetadata id="-22" kieli="FI" nimi="Enonkoski" version="0" koodiversio_id="-21" lyhytnimi="Enonkoski" kuvaus="Enonkoski"/>
  <koodimetadata id="-24" kieli="FI" nimi="Enontekiö" version="0" koodiversio_id="-23" lyhytnimi="Enontekiö" kuvaus="Enontekiö"/>
  <koodimetadata id="-26" kieli="FI" nimi="Espoo" version="0" koodiversio_id="-25" lyhytnimi="Espoo" kuvaus="Espoo"/>
  <koodimetadata id="-28" kieli="FI" nimi="Eura" version="0" koodiversio_id="-27" lyhytnimi="Eura" kuvaus="Eura"/>
  <koodimetadata id="-30" kieli="FI" nimi="Eurajoki" version="0" koodiversio_id="-29" lyhytnimi="Eurajoki" kuvaus="Eurajoki"/>
  <koodimetadata id="-32" kieli="FI" nimi="Evijärvi" version="0" koodiversio_id="-31" lyhytnimi="Evijärvi" kuvaus="Evijärvi"/>
  <koodimetadata id="-34" kieli="FI" nimi="Finström" version="0" koodiversio_id="-33" lyhytnimi="Finström" kuvaus="Finström"/>
  <koodimetadata id="-36" kieli="FI" nimi="Forssa" version="0" koodiversio_id="-35" lyhytnimi="Forssa" kuvaus="Forssa"/>
  <koodimetadata id="-38" kieli="FI" nimi="Föglö" version="0" koodiversio_id="-37" lyhytnimi="Föglö" kuvaus="Föglö"/>
  <koodimetadata id="-40" kieli="FI" nimi="Geta" version="0" koodiversio_id="-39" lyhytnimi="Geta" kuvaus="Geta"/>
  <koodimetadata id="-42" kieli="FI" nimi="Haapajärvi" version="0" koodiversio_id="-41" lyhytnimi="Haapajärvi" kuvaus="Haapajärvi"/>
  <koodimetadata id="-44" kieli="FI" nimi="Haapavesi" version="0" koodiversio_id="-43" lyhytnimi="Haapavesi" kuvaus="Haapavesi"/>
  <koodimetadata id="-46" kieli="FI" nimi="Hailuoto" version="0" koodiversio_id="-45" lyhytnimi="Hailuoto" kuvaus="Hailuoto"/>
  <koodimetadata id="-48" kieli="FI" nimi="Halsua" version="0" koodiversio_id="-47" lyhytnimi="Halsua" kuvaus="Halsua"/>
  <koodimetadata id="-50" kieli="FI" nimi="Hamina" version="0" koodiversio_id="-49" lyhytnimi="Hamina" kuvaus="Hamina"/>
  <koodimetadata id="-52" kieli="FI" nimi="Hammarland" version="0" koodiversio_id="-51" lyhytnimi="Hammarland" kuvaus="Hammarland"/>
  <koodimetadata id="-54" kieli="FI" nimi="Hankasalmi" version="0" koodiversio_id="-53" lyhytnimi="Hankasalmi" kuvaus="Hankasalmi"/>
  <koodimetadata id="-56" kieli="FI" nimi="Hanko" version="0" koodiversio_id="-55" lyhytnimi="Hanko" kuvaus="Hanko"/>
  <koodimetadata id="-58" kieli="FI" nimi="Harjavalta" version="0" koodiversio_id="-57" lyhytnimi="Harjavalta" kuvaus="Harjavalta"/>
  <koodimetadata id="-60" kieli="FI" nimi="Hartola" version="0" koodiversio_id="-59" lyhytnimi="Hartola" kuvaus="Hartola"/>
  <koodimetadata id="-62" kieli="FI" nimi="Hattula" version="0" koodiversio_id="-61" lyhytnimi="Hattula" kuvaus="Hattula"/>
  <koodimetadata id="-64" kieli="FI" nimi="Haukipudas" version="0" koodiversio_id="-63" lyhytnimi="Haukipudas" kuvaus="Haukipudas"/>
  <koodimetadata id="-66" kieli="FI" nimi="Hausjärvi" version="0" koodiversio_id="-65" lyhytnimi="Hausjärvi" kuvaus="Hausjärvi"/>
  <koodimetadata id="-68" kieli="FI" nimi="Heinävesi" version="0" koodiversio_id="-67" lyhytnimi="Heinävesi" kuvaus="Heinävesi"/>
  <koodimetadata id="-70" kieli="FI" nimi="Helsinki" version="0" koodiversio_id="-69" lyhytnimi="Helsinki" kuvaus="Helsinki"/>
  <koodimetadata id="-72" kieli="FI" nimi="Vantaa" version="0" koodiversio_id="-71" lyhytnimi="Vantaa" kuvaus="Vantaa"/>
  <koodimetadata id="-74" kieli="FI" nimi="Hirvensalmi" version="0" koodiversio_id="-73" lyhytnimi="Hirvensalmi" kuvaus="Hirvensalmi"/>
  <koodimetadata id="-76" kieli="FI" nimi="Hollola" version="0" koodiversio_id="-75" lyhytnimi="Hollola" kuvaus="Hollola"/>
  <koodimetadata id="-78" kieli="FI" nimi="Honkajoki" version="0" koodiversio_id="-77" lyhytnimi="Honkajoki" kuvaus="Honkajoki"/>
  <koodimetadata id="-80" kieli="FI" nimi="Huittinen" version="0" koodiversio_id="-79" lyhytnimi="Huittinen" kuvaus="Huittinen"/>
  <koodimetadata id="-82" kieli="FI" nimi="Humppila" version="0" koodiversio_id="-81" lyhytnimi="Humppila" kuvaus="Humppila"/>
  <koodimetadata id="-84" kieli="FI" nimi="Hyrynsalmi" version="0" koodiversio_id="-83" lyhytnimi="Hyrynsalmi" kuvaus="Hyrynsalmi"/>
  <koodimetadata id="-86" kieli="FI" nimi="Hyvinkää" version="0" koodiversio_id="-85" lyhytnimi="Hyvinkää" kuvaus="Hyvinkää"/>
  <koodimetadata id="-88" kieli="FI" nimi="Hämeenkyrö" version="0" koodiversio_id="-87" lyhytnimi="Hämeenkyrö" kuvaus="Hämeenkyrö"/>
  <koodimetadata id="-90" kieli="FI" nimi="Hämeenlinna" version="0" koodiversio_id="-89" lyhytnimi="Hämeenlinna" kuvaus="Hämeenlinna"/>
  <koodimetadata id="-92" kieli="FI" nimi="Heinola" version="0" koodiversio_id="-91" lyhytnimi="Heinola" kuvaus="Heinola"/>
  <koodimetadata id="-94" kieli="FI" nimi="Ii" version="0" koodiversio_id="-93" lyhytnimi="Ii" kuvaus="Ii"/>
  <koodimetadata id="-96" kieli="FI" nimi="Iisalmi" version="0" koodiversio_id="-95" lyhytnimi="Iisalmi" kuvaus="Iisalmi"/>
  <koodimetadata id="-98" kieli="FI" nimi="Iitti" version="0" koodiversio_id="-97" lyhytnimi="Iitti" kuvaus="Iitti"/>
  <koodimetadata id="-100" kieli="FI" nimi="Ikaalinen" version="0" koodiversio_id="-99" lyhytnimi="Ikaalinen" kuvaus="Ikaalinen"/>
  <koodimetadata id="-102" kieli="FI" nimi="Ilmajoki" version="0" koodiversio_id="-101" lyhytnimi="Ilmajoki" kuvaus="Ilmajoki"/>
  <koodimetadata id="-104" kieli="FI" nimi="Ilomantsi" version="0" koodiversio_id="-103" lyhytnimi="Ilomantsi" kuvaus="Ilomantsi"/>
  <koodimetadata id="-106" kieli="FI" nimi="Inari" version="0" koodiversio_id="-105" lyhytnimi="Inari" kuvaus="Inari"/>
  <koodimetadata id="-108" kieli="FI" nimi="Inkoo" version="0" koodiversio_id="-107" lyhytnimi="Inkoo" kuvaus="Inkoo"/>
  <koodimetadata id="-110" kieli="FI" nimi="Isojoki" version="0" koodiversio_id="-109" lyhytnimi="Isojoki" kuvaus="Isojoki"/>
  <koodimetadata id="-112" kieli="FI" nimi="Isokyrö" version="0" koodiversio_id="-111" lyhytnimi="Isokyrö" kuvaus="Isokyrö"/>
  <koodimetadata id="-114" kieli="FI" nimi="Imatra" version="0" koodiversio_id="-113" lyhytnimi="Imatra" kuvaus="Imatra"/>
  <koodimetadata id="-116" kieli="FI" nimi="Jalasjärvi" version="0" koodiversio_id="-115" lyhytnimi="Jalasjärvi" kuvaus="Jalasjärvi"/>
  <koodimetadata id="-118" kieli="FI" nimi="Janakkala" version="0" koodiversio_id="-117" lyhytnimi="Janakkala" kuvaus="Janakkala"/>
  <koodimetadata id="-120" kieli="FI" nimi="Joensuu" version="0" koodiversio_id="-119" lyhytnimi="Joensuu" kuvaus="Joensuu"/>
  <koodimetadata id="-122" kieli="FI" nimi="Jokioinen" version="0" koodiversio_id="-121" lyhytnimi="Jokioinen" kuvaus="Jokioinen"/>
  <koodimetadata id="-124" kieli="FI" nimi="Jomala" version="0" koodiversio_id="-123" lyhytnimi="Jomala" kuvaus="Jomala"/>
  <koodimetadata id="-126" kieli="FI" nimi="Joroinen" version="0" koodiversio_id="-125" lyhytnimi="Joroinen" kuvaus="Joroinen"/>
  <koodimetadata id="-128" kieli="FI" nimi="Joutsa" version="0" koodiversio_id="-127" lyhytnimi="Joutsa" kuvaus="Joutsa"/>
  <koodimetadata id="-130" kieli="FI" nimi="Juankoski" version="0" koodiversio_id="-129" lyhytnimi="Juankoski" kuvaus="Juankoski"/>
  <koodimetadata id="-132" kieli="FI" nimi="Juuka" version="0" koodiversio_id="-131" lyhytnimi="Juuka" kuvaus="Juuka"/>
  <koodimetadata id="-134" kieli="FI" nimi="Juupajoki" version="0" koodiversio_id="-133" lyhytnimi="Juupajoki" kuvaus="Juupajoki"/>
  <koodimetadata id="-136" kieli="FI" nimi="Juva" version="0" koodiversio_id="-135" lyhytnimi="Juva" kuvaus="Juva"/>
  <koodimetadata id="-138" kieli="FI" nimi="Jyväskylä" version="0" koodiversio_id="-137" lyhytnimi="Jyväskylä" kuvaus="Jyväskylä"/>
  <koodimetadata id="-140" kieli="FI" nimi="Jämijärvi" version="0" koodiversio_id="-139" lyhytnimi="Jämijärvi" kuvaus="Jämijärvi"/>
  <koodimetadata id="-142" kieli="FI" nimi="Jämsä" version="0" koodiversio_id="-141" lyhytnimi="Jämsä" kuvaus="Jämsä"/>
  <koodimetadata id="-144" kieli="FI" nimi="Järvenpää" version="0" koodiversio_id="-143" lyhytnimi="Järvenpää" kuvaus="Järvenpää"/>
  <koodimetadata id="-146" kieli="FI" nimi="Ulkomaa" version="0" koodiversio_id="-145" lyhytnimi="Ulkomaa" kuvaus="Ulkomaa"/>
  <koodimetadata id="-148" kieli="FI" nimi="Kaarina" version="0" koodiversio_id="-147" lyhytnimi="Kaarina" kuvaus="Kaarina"/>
  <koodimetadata id="-150" kieli="FI" nimi="Kaavi" version="0" koodiversio_id="-149" lyhytnimi="Kaavi" kuvaus="Kaavi"/>
  <koodimetadata id="-152" kieli="FI" nimi="Kajaani" version="0" koodiversio_id="-151" lyhytnimi="Kajaani" kuvaus="Kajaani"/>
  <koodimetadata id="-154" kieli="FI" nimi="Kalajoki" version="0" koodiversio_id="-153" lyhytnimi="Kalajoki" kuvaus="Kalajoki"/>
  <koodimetadata id="-156" kieli="FI" nimi="Kangasala" version="0" koodiversio_id="-155" lyhytnimi="Kangasala" kuvaus="Kangasala"/>
  <koodimetadata id="-158" kieli="FI" nimi="Kangasniemi" version="0" koodiversio_id="-157" lyhytnimi="Kangasniemi" kuvaus="Kangasniemi"/>
  <koodimetadata id="-160" kieli="FI" nimi="Kankaanpää" version="0" koodiversio_id="-159" lyhytnimi="Kankaanpää" kuvaus="Kankaanpää"/>
  <koodimetadata id="-162" kieli="FI" nimi="Kannonkoski" version="0" koodiversio_id="-161" lyhytnimi="Kannonkoski" kuvaus="Kannonkoski"/>
  <koodimetadata id="-164" kieli="FI" nimi="Kannus" version="0" koodiversio_id="-163" lyhytnimi="Kannus" kuvaus="Kannus"/>
  <koodimetadata id="-166" kieli="FI" nimi="Karijoki" version="0" koodiversio_id="-165" lyhytnimi="Karijoki" kuvaus="Karijoki"/>
  <koodimetadata id="-168" kieli="FI" nimi="Karjalohja" version="0" koodiversio_id="-167" lyhytnimi="Karjalohja" kuvaus="Karjalohja"/>
  <koodimetadata id="-170" kieli="FI" nimi="Karkkila" version="0" koodiversio_id="-169" lyhytnimi="Karkkila" kuvaus="Karkkila"/>
  <koodimetadata id="-172" kieli="FI" nimi="Karstula" version="0" koodiversio_id="-171" lyhytnimi="Karstula" kuvaus="Karstula"/>
  <koodimetadata id="-174" kieli="FI" nimi="Karvia" version="0" koodiversio_id="-173" lyhytnimi="Karvia" kuvaus="Karvia"/>
  <koodimetadata id="-176" kieli="FI" nimi="Kaskinen" version="0" koodiversio_id="-175" lyhytnimi="Kaskinen" kuvaus="Kaskinen"/>
  <koodimetadata id="-178" kieli="FI" nimi="Kauhajoki" version="0" koodiversio_id="-177" lyhytnimi="Kauhajoki" kuvaus="Kauhajoki"/>
  <koodimetadata id="-180" kieli="FI" nimi="Kauhava" version="0" koodiversio_id="-179" lyhytnimi="Kauhava" kuvaus="Kauhava"/>
  <koodimetadata id="-182" kieli="FI" nimi="Kauniainen" version="0" koodiversio_id="-181" lyhytnimi="Kauniainen" kuvaus="Kauniainen"/>
  <koodimetadata id="-184" kieli="FI" nimi="Kaustinen" version="0" koodiversio_id="-183" lyhytnimi="Kaustinen" kuvaus="Kaustinen"/>
  <koodimetadata id="-186" kieli="FI" nimi="Keitele" version="0" koodiversio_id="-185" lyhytnimi="Keitele" kuvaus="Keitele"/>
  <koodimetadata id="-188" kieli="FI" nimi="Kemi" version="0" koodiversio_id="-187" lyhytnimi="Kemi" kuvaus="Kemi"/>
  <koodimetadata id="-190" kieli="FI" nimi="Keminmaa" version="0" koodiversio_id="-189" lyhytnimi="Keminmaa" kuvaus="Keminmaa"/>
  <koodimetadata id="-192" kieli="FI" nimi="Kempele" version="0" koodiversio_id="-191" lyhytnimi="Kempele" kuvaus="Kempele"/>
  <koodimetadata id="-194" kieli="FI" nimi="Kerava" version="0" koodiversio_id="-193" lyhytnimi="Kerava" kuvaus="Kerava"/>
  <koodimetadata id="-196" kieli="FI" nimi="Kerimäki" version="0" koodiversio_id="-195" lyhytnimi="Kerimäki" kuvaus="Kerimäki"/>
  <koodimetadata id="-198" kieli="FI" nimi="Kesälahti" version="0" koodiversio_id="-197" lyhytnimi="Kesälahti" kuvaus="Kesälahti"/>
  <koodimetadata id="-200" kieli="FI" nimi="Keuruu" version="0" koodiversio_id="-199" lyhytnimi="Keuruu" kuvaus="Keuruu"/>
  <koodimetadata id="-202" kieli="FI" nimi="Kihniö" version="0" koodiversio_id="-201" lyhytnimi="Kihniö" kuvaus="Kihniö"/>
  <koodimetadata id="-203" kieli="SV" nimi="Alajärvi" version="0" koodiversio_id="-3" lyhytnimi="Alajärvi" kuvaus="Alajärvi"/>
  <koodimetadata id="-204" kieli="SV" nimi="Alavieska" version="0" koodiversio_id="-5" lyhytnimi="Alavieska" kuvaus="Alavieska"/>
  <koodimetadata id="-205" kieli="SV" nimi="Alavo" version="0" koodiversio_id="-7" lyhytnimi="Alavo" kuvaus="Alavo"/>
  <koodimetadata id="-206" kieli="SV" nimi="Asikkala" version="0" koodiversio_id="-9" lyhytnimi="Asikkala" kuvaus="Asikkala"/>
  <koodimetadata id="-207" kieli="SV" nimi="Askola" version="0" koodiversio_id="-11" lyhytnimi="Askola" kuvaus="Askola"/>
  <koodimetadata id="-208" kieli="SV" nimi="Aura" version="0" koodiversio_id="-13" lyhytnimi="Aura" kuvaus="Aura"/>
  <koodimetadata id="-209" kieli="SV" nimi="Akaa" version="0" koodiversio_id="-15" lyhytnimi="Akaa" kuvaus="Akaa"/>
  <koodimetadata id="-210" kieli="SV" nimi="Brändö" version="0" koodiversio_id="-17" lyhytnimi="Brändö" kuvaus="Brändö"/>
  <koodimetadata id="-211" kieli="SV" nimi="Eckerö" version="0" koodiversio_id="-19" lyhytnimi="Eckerö" kuvaus="Eckerö"/>
  <koodimetadata id="-212" kieli="SV" nimi="Enonkoski" version="0" koodiversio_id="-21" lyhytnimi="Enonkoski" kuvaus="Enonkoski"/>
  <koodimetadata id="-213" kieli="SV" nimi="Enontekis" version="0" koodiversio_id="-23" lyhytnimi="Enontekis" kuvaus="Enontekis"/>
  <koodimetadata id="-214" kieli="SV" nimi="Esbo" version="0" koodiversio_id="-25" lyhytnimi="Esbo" kuvaus="Esbo"/>
  <koodimetadata id="-215" kieli="SV" nimi="Eura" version="0" koodiversio_id="-27" lyhytnimi="Eura" kuvaus="Eura"/>
  <koodimetadata id="-216" kieli="SV" nimi="Euraåminne" version="0" koodiversio_id="-29" lyhytnimi="Euraåminne" kuvaus="Euraåminne"/>
  <koodimetadata id="-217" kieli="SV" nimi="Evijärvi" version="0" koodiversio_id="-31" lyhytnimi="Evijärvi" kuvaus="Evijärvi"/>
  <koodimetadata id="-218" kieli="SV" nimi="Finström" version="0" koodiversio_id="-33" lyhytnimi="Finström" kuvaus="Finström"/>
  <koodimetadata id="-219" kieli="SV" nimi="Forssa" version="0" koodiversio_id="-35" lyhytnimi="Forssa" kuvaus="Forssa"/>
  <koodimetadata id="-220" kieli="SV" nimi="Föglö" version="0" koodiversio_id="-37" lyhytnimi="Föglö" kuvaus="Föglö"/>
  <koodimetadata id="-221" kieli="SV" nimi="Geta" version="0" koodiversio_id="-39" lyhytnimi="Geta" kuvaus="Geta"/>
  <koodimetadata id="-222" kieli="SV" nimi="Haapajärvi" version="0" koodiversio_id="-41" lyhytnimi="Haapajärvi" kuvaus="Haapajärvi"/>
  <koodimetadata id="-223" kieli="SV" nimi="Haapavesi" version="0" koodiversio_id="-43" lyhytnimi="Haapavesi" kuvaus="Haapavesi"/>
  <koodimetadata id="-224" kieli="SV" nimi="Karlö" version="0" koodiversio_id="-45" lyhytnimi="Karlö" kuvaus="Karlö"/>
  <koodimetadata id="-225" kieli="SV" nimi="Halsua" version="0" koodiversio_id="-47" lyhytnimi="Halsua" kuvaus="Halsua"/>
  <koodimetadata id="-226" kieli="SV" nimi="Fredrikshamn" version="0" koodiversio_id="-49" lyhytnimi="Fredrikshamn" kuvaus="Fredrikshamn"/>
  <koodimetadata id="-227" kieli="SV" nimi="Hammarland" version="0" koodiversio_id="-51" lyhytnimi="Hammarland" kuvaus="Hammarland"/>
  <koodimetadata id="-228" kieli="SV" nimi="Hankasalmi" version="0" koodiversio_id="-53" lyhytnimi="Hankasalmi" kuvaus="Hankasalmi"/>
  <koodimetadata id="-229" kieli="SV" nimi="Hangö" version="0" koodiversio_id="-55" lyhytnimi="Hangö" kuvaus="Hangö"/>
  <koodimetadata id="-230" kieli="SV" nimi="Harjavalta" version="0" koodiversio_id="-57" lyhytnimi="Harjavalta" kuvaus="Harjavalta"/>
  <koodimetadata id="-231" kieli="SV" nimi="Hartola" version="0" koodiversio_id="-59" lyhytnimi="Hartola" kuvaus="Hartola"/>
  <koodimetadata id="-232" kieli="SV" nimi="Hattula" version="0" koodiversio_id="-61" lyhytnimi="Hattula" kuvaus="Hattula"/>
  <koodimetadata id="-233" kieli="SV" nimi="Haukipudas" version="0" koodiversio_id="-63" lyhytnimi="Haukipudas" kuvaus="Haukipudas"/>
  <koodimetadata id="-234" kieli="SV" nimi="Hausjärvi" version="0" koodiversio_id="-65" lyhytnimi="Hausjärvi" kuvaus="Hausjärvi"/>
  <koodimetadata id="-235" kieli="SV" nimi="Heinävesi" version="0" koodiversio_id="-67" lyhytnimi="Heinävesi" kuvaus="Heinävesi"/>
  <koodimetadata id="-236" kieli="SV" nimi="Helsingfors" version="0" koodiversio_id="-69" lyhytnimi="Helsingfors" kuvaus="Helsingfors"/>
  <koodimetadata id="-237" kieli="SV" nimi="Vanda" version="0" koodiversio_id="-71" lyhytnimi="Vanda" kuvaus="Vanda"/>
  <koodimetadata id="-238" kieli="SV" nimi="Hirvensalmi" version="0" koodiversio_id="-73" lyhytnimi="Hirvensalmi" kuvaus="Hirvensalmi"/>
  <koodimetadata id="-239" kieli="SV" nimi="Hollola" version="0" koodiversio_id="-75" lyhytnimi="Hollola" kuvaus="Hollola"/>
  <koodimetadata id="-240" kieli="SV" nimi="Honkajoki" version="0" koodiversio_id="-77" lyhytnimi="Honkajoki" kuvaus="Honkajoki"/>
  <koodimetadata id="-241" kieli="SV" nimi="Huittinen" version="0" koodiversio_id="-79" lyhytnimi="Huittinen" kuvaus="Huittinen"/>
  <koodimetadata id="-242" kieli="SV" nimi="Humppila" version="0" koodiversio_id="-81" lyhytnimi="Humppila" kuvaus="Humppila"/>
  <koodimetadata id="-243" kieli="SV" nimi="Hyrynsalmi" version="0" koodiversio_id="-83" lyhytnimi="Hyrynsalmi" kuvaus="Hyrynsalmi"/>
  <koodimetadata id="-244" kieli="SV" nimi="Hyvinge" version="0" koodiversio_id="-85" lyhytnimi="Hyvinge" kuvaus="Hyvinge"/>
  <koodimetadata id="-245" kieli="SV" nimi="Tavastkyro" version="0" koodiversio_id="-87" lyhytnimi="Tavastkyro" kuvaus="Tavastkyro"/>
  <koodimetadata id="-246" kieli="SV" nimi="Tavastehus" version="0" koodiversio_id="-89" lyhytnimi="Tavastehus" kuvaus="Tavastehus"/>
  <koodimetadata id="-247" kieli="SV" nimi="Heinola" version="0" koodiversio_id="-91" lyhytnimi="Heinola" kuvaus="Heinola"/>
  <koodimetadata id="-248" kieli="SV" nimi="Ii" version="0" koodiversio_id="-93" lyhytnimi="Ii" kuvaus="Ii"/>
  <koodimetadata id="-249" kieli="SV" nimi="Idensalmi" version="0" koodiversio_id="-95" lyhytnimi="Idensalmi" kuvaus="Idensalmi"/>
  <koodimetadata id="-250" kieli="SV" nimi="Iitti" version="0" koodiversio_id="-97" lyhytnimi="Iitti" kuvaus="Iitti"/>
  <koodimetadata id="-251" kieli="SV" nimi="Ikalis" version="0" koodiversio_id="-99" lyhytnimi="Ikalis" kuvaus="Ikalis"/>
  <koodimetadata id="-252" kieli="SV" nimi="Ilmajoki" version="0" koodiversio_id="-101" lyhytnimi="Ilmajoki" kuvaus="Ilmajoki"/>
  <koodimetadata id="-253" kieli="SV" nimi="Ilomants" version="0" koodiversio_id="-103" lyhytnimi="Ilomants" kuvaus="Ilomants"/>
  <koodimetadata id="-254" kieli="SV" nimi="Enare" version="0" koodiversio_id="-105" lyhytnimi="Enare" kuvaus="Enare"/>
  <koodimetadata id="-255" kieli="SV" nimi="Ingå" version="0" koodiversio_id="-107" lyhytnimi="Ingå" kuvaus="Ingå"/>
  <koodimetadata id="-256" kieli="SV" nimi="Storå" version="0" koodiversio_id="-109" lyhytnimi="Storå" kuvaus="Storå"/>
  <koodimetadata id="-257" kieli="SV" nimi="Storkyro" version="0" koodiversio_id="-111" lyhytnimi="Storkyro" kuvaus="Storkyro"/>
  <koodimetadata id="-258" kieli="SV" nimi="Imatra" version="0" koodiversio_id="-113" lyhytnimi="Imatra" kuvaus="Imatra"/>
  <koodimetadata id="-259" kieli="SV" nimi="Jalasjärvi" version="0" koodiversio_id="-115" lyhytnimi="Jalasjärvi" kuvaus="Jalasjärvi"/>
  <koodimetadata id="-260" kieli="SV" nimi="Janakkala" version="0" koodiversio_id="-117" lyhytnimi="Janakkala" kuvaus="Janakkala"/>
  <koodimetadata id="-261" kieli="SV" nimi="Joensuu" version="0" koodiversio_id="-119" lyhytnimi="Joensuu" kuvaus="Joensuu"/>
  <koodimetadata id="-262" kieli="SV" nimi="Jokioinen" version="0" koodiversio_id="-121" lyhytnimi="Jokioinen" kuvaus="Jokioinen"/>
  <koodimetadata id="-263" kieli="SV" nimi="Jomala" version="0" koodiversio_id="-123" lyhytnimi="Jomala" kuvaus="Jomala"/>
  <koodimetadata id="-264" kieli="SV" nimi="Jorois" version="0" koodiversio_id="-125" lyhytnimi="Jorois" kuvaus="Jorois"/>
  <koodimetadata id="-265" kieli="SV" nimi="Joutsa" version="0" koodiversio_id="-127" lyhytnimi="Joutsa" kuvaus="Joutsa"/>
  <koodimetadata id="-266" kieli="SV" nimi="Juankoski" version="0" koodiversio_id="-129" lyhytnimi="Juankoski" kuvaus="Juankoski"/>
  <koodimetadata id="-267" kieli="SV" nimi="Juuka" version="0" koodiversio_id="-131" lyhytnimi="Juuka" kuvaus="Juuka"/>
  <koodimetadata id="-268" kieli="SV" nimi="Juupajoki" version="0" koodiversio_id="-133" lyhytnimi="Juupajoki" kuvaus="Juupajoki"/>
  <koodimetadata id="-269" kieli="SV" nimi="Juva" version="0" koodiversio_id="-135" lyhytnimi="Juva" kuvaus="Juva"/>
  <koodimetadata id="-270" kieli="SV" nimi="Jyväskylä" version="0" koodiversio_id="-137" lyhytnimi="Jyväskylä" kuvaus="Jyväskylä"/>
  <koodimetadata id="-271" kieli="SV" nimi="Jämijärvi" version="0" koodiversio_id="-139" lyhytnimi="Jämijärvi" kuvaus="Jämijärvi"/>
  <koodimetadata id="-272" kieli="SV" nimi="Jämsä" version="0" koodiversio_id="-141" lyhytnimi="Jämsä" kuvaus="Jämsä"/>
  <koodimetadata id="-273" kieli="SV" nimi="Träskända" version="0" koodiversio_id="-143" lyhytnimi="Träskända" kuvaus="Träskända"/>
  <koodimetadata id="-274" kieli="SV" nimi="Utlandet" version="0" koodiversio_id="-145" lyhytnimi="Utlandet" kuvaus="Utlandet"/>
  <koodimetadata id="-275" kieli="SV" nimi="St Karins" version="0" koodiversio_id="-147" lyhytnimi="St Karins" kuvaus="St Karins"/>
  <koodimetadata id="-276" kieli="SV" nimi="Kaavi" version="0" koodiversio_id="-149" lyhytnimi="Kaavi" kuvaus="Kaavi"/>
  <koodimetadata id="-277" kieli="SV" nimi="Kajana" version="0" koodiversio_id="-151" lyhytnimi="Kajana" kuvaus="Kajana"/>
  <koodimetadata id="-278" kieli="SV" nimi="Kalajoki" version="0" koodiversio_id="-153" lyhytnimi="Kalajoki" kuvaus="Kalajoki"/>
  <koodimetadata id="-279" kieli="SV" nimi="Kangasala" version="0" koodiversio_id="-155" lyhytnimi="Kangasala" kuvaus="Kangasala"/>
  <koodimetadata id="-280" kieli="SV" nimi="Kangasniemi" version="0" koodiversio_id="-157" lyhytnimi="Kangasniemi" kuvaus="Kangasniemi"/>
  <koodimetadata id="-281" kieli="SV" nimi="Kankaanpää" version="0" koodiversio_id="-159" lyhytnimi="Kankaanpää" kuvaus="Kankaanpää"/>
  <koodimetadata id="-282" kieli="SV" nimi="Kannonkoski" version="0" koodiversio_id="-161" lyhytnimi="Kannonkoski" kuvaus="Kannonkoski"/>
  <koodimetadata id="-283" kieli="SV" nimi="Kannus" version="0" koodiversio_id="-163" lyhytnimi="Kannus" kuvaus="Kannus"/>
  <koodimetadata id="-284" kieli="SV" nimi="Bötom" version="0" koodiversio_id="-165" lyhytnimi="Bötom" kuvaus="Bötom"/>
  <koodimetadata id="-285" kieli="SV" nimi="Karislojo" version="0" koodiversio_id="-167" lyhytnimi="Karislojo" kuvaus="Karislojo"/>
  <koodimetadata id="-286" kieli="SV" nimi="Högfors" version="0" koodiversio_id="-169" lyhytnimi="Högfors" kuvaus="Högfors"/>
  <koodimetadata id="-287" kieli="SV" nimi="Karstula" version="0" koodiversio_id="-171" lyhytnimi="Karstula" kuvaus="Karstula"/>
  <koodimetadata id="-288" kieli="SV" nimi="Karvia" version="0" koodiversio_id="-173" lyhytnimi="Karvia" kuvaus="Karvia"/>
  <koodimetadata id="-289" kieli="SV" nimi="Kaskö" version="0" koodiversio_id="-175" lyhytnimi="Kaskö" kuvaus="Kaskö"/>
  <koodimetadata id="-290" kieli="SV" nimi="Kauhajoki" version="0" koodiversio_id="-177" lyhytnimi="Kauhajoki" kuvaus="Kauhajoki"/>
  <koodimetadata id="-291" kieli="SV" nimi="Kauhava" version="0" koodiversio_id="-179" lyhytnimi="Kauhava" kuvaus="Kauhava"/>
  <koodimetadata id="-292" kieli="SV" nimi="Grankulla" version="0" koodiversio_id="-181" lyhytnimi="Grankulla" kuvaus="Grankulla"/>
  <koodimetadata id="-293" kieli="SV" nimi="Kaustby" version="0" koodiversio_id="-183" lyhytnimi="Kaustby" kuvaus="Kaustby"/>
  <koodimetadata id="-294" kieli="SV" nimi="Keitele" version="0" koodiversio_id="-185" lyhytnimi="Keitele" kuvaus="Keitele"/>
  <koodimetadata id="-295" kieli="SV" nimi="Kemi" version="0" koodiversio_id="-187" lyhytnimi="Kemi" kuvaus="Kemi"/>
  <koodimetadata id="-296" kieli="SV" nimi="Keminmaa" version="0" koodiversio_id="-189" lyhytnimi="Keminmaa" kuvaus="Keminmaa"/>
  <koodimetadata id="-297" kieli="SV" nimi="Kempele" version="0" koodiversio_id="-191" lyhytnimi="Kempele" kuvaus="Kempele"/>
  <koodimetadata id="-298" kieli="SV" nimi="Kervo" version="0" koodiversio_id="-193" lyhytnimi="Kervo" kuvaus="Kervo"/>
  <koodimetadata id="-299" kieli="SV" nimi="Kerimäki" version="0" koodiversio_id="-195" lyhytnimi="Kerimäki" kuvaus="Kerimäki"/>
  <koodimetadata id="-300" kieli="SV" nimi="Kesälahti" version="0" koodiversio_id="-197" lyhytnimi="Kesälahti" kuvaus="Kesälahti"/>
  <koodimetadata id="-301" kieli="SV" nimi="Keuruu" version="0" koodiversio_id="-199" lyhytnimi="Keuruu" kuvaus="Keuruu"/>
  <koodimetadata id="-302" kieli="SV" nimi="Kihniö" version="0" koodiversio_id="-201" lyhytnimi="Kihniö" kuvaus="Kihniö"/>
  <koodimetadata id="-306" kieli="FI" nimi="Uusimaa" version="0" koodiversio_id="-305" lyhytnimi="Uusimaa" kuvaus="Uusimaa"/>
  <koodimetadata id="-308" kieli="FI" nimi="Varsinais-Suomi" version="0" koodiversio_id="-307" lyhytnimi="Varsinais-Suomi" kuvaus="Varsinais-Suomi"/>
  <koodimetadata id="-310" kieli="FI" nimi="Satakunta" version="0" koodiversio_id="-309" lyhytnimi="Satakunta" kuvaus="Satakunta"/>
  <koodimetadata id="-312" kieli="FI" nimi="Kanta-Häme" version="0" koodiversio_id="-311" lyhytnimi="Kanta-Häme" kuvaus="Kanta-Häme"/>
  <koodimetadata id="-314" kieli="FI" nimi="Pirkanmaa" version="0" koodiversio_id="-313" lyhytnimi="Pirkanmaa" kuvaus="Pirkanmaa"/>
  <koodimetadata id="-316" kieli="FI" nimi="Päijät-Häme" version="0" koodiversio_id="-315" lyhytnimi="Päijät-Häme" kuvaus="Päijät-Häme"/>
  <koodimetadata id="-318" kieli="FI" nimi="Kymenlaakso" version="0" koodiversio_id="-317" lyhytnimi="Kymenlaakso" kuvaus="Kymenlaakso"/>
  <koodimetadata id="-320" kieli="FI" nimi="Etelä-Karjala" version="0" koodiversio_id="-319" lyhytnimi="Etelä-Karjala" kuvaus="Etelä-Karjala"/>
  <koodimetadata id="-322" kieli="FI" nimi="Etelä-Savo" version="0" koodiversio_id="-321" lyhytnimi="Etelä-Savo" kuvaus="Etelä-Savo"/>
  <koodimetadata id="-324" kieli="FI" nimi="Pohjois-Savo" version="0" koodiversio_id="-323" lyhytnimi="Pohjois-Savo" kuvaus="Pohjois-Savo"/>
  <koodimetadata id="-326" kieli="FI" nimi="Pohjois-Karjala" version="0" koodiversio_id="-325" lyhytnimi="Pohjois-Karjala" kuvaus="Pohjois-Karjala"/>
  <koodimetadata id="-328" kieli="FI" nimi="Keski-Suomi" version="0" koodiversio_id="-327" lyhytnimi="Keski-Suomi" kuvaus="Keski-Suomi"/>
  <koodimetadata id="-330" kieli="FI" nimi="Etelä-Pohjanmaa" version="0" koodiversio_id="-329" lyhytnimi="Etelä-Pohjanmaa" kuvaus="Etelä-Pohjanmaa"/>
  <koodimetadata id="-332" kieli="FI" nimi="Pohjanmaa" version="0" koodiversio_id="-331" lyhytnimi="Pohjanmaa" kuvaus="Pohjanmaa"/>
  <koodimetadata id="-334" kieli="FI" nimi="Keski-Pohjanmaa" version="0" koodiversio_id="-333" lyhytnimi="Keski-Pohjanmaa" kuvaus="Keski-Pohjanmaa"/>
  <koodimetadata id="-336" kieli="FI" nimi="Pohjois-Pohjanmaa" version="0" koodiversio_id="-335" lyhytnimi="Pohjois-Pohjanmaa" kuvaus="Pohjois-Pohjanmaa"/>
  <koodimetadata id="-338" kieli="FI" nimi="Kainuu" version="0" koodiversio_id="-337" lyhytnimi="Kainuu" kuvaus="Kainuu"/>
  <koodimetadata id="-340" kieli="FI" nimi="Lappi" version="0" koodiversio_id="-339" lyhytnimi="Lappi" kuvaus="Lappi"/>
  <koodimetadata id="-342" kieli="FI" nimi="Ahvenanmaa" version="0" koodiversio_id="-341" lyhytnimi="Ahvenanmaa" kuvaus="Ahvenanmaa"/>
  <koodimetadata id="-344" kieli="FI" nimi="Ei tiedossa (maakunta)" version="0" koodiversio_id="-343" lyhytnimi="Ei tiedossa (maakunta)" kuvaus="Ei tiedossa (maakunta)"/>
  <koodimetadata id="-345" kieli="SV" nimi="Nyland" version="0" koodiversio_id="-305" lyhytnimi="Nyland" kuvaus="Nyland"/>
  <koodimetadata id="-346" kieli="SV" nimi="Egentliga Finland" version="0" koodiversio_id="-307" lyhytnimi="Egentliga Finland" kuvaus="Egentliga Finland"/>
  <koodimetadata id="-347" kieli="SV" nimi="Satakunta" version="0" koodiversio_id="-309" lyhytnimi="Satakunta" kuvaus="Satakunta"/>
  <koodimetadata id="-348" kieli="SV" nimi="Egentliga Tavastland" version="0" koodiversio_id="-311" lyhytnimi="Egentliga Tavastland" kuvaus="Egentliga Tavastland"/>
  <koodimetadata id="-349" kieli="SV" nimi="Birkaland" version="0" koodiversio_id="-313" lyhytnimi="Birkaland" kuvaus="Birkaland"/>
  <koodimetadata id="-350" kieli="SV" nimi="Päijänne-Tavastland" version="0" koodiversio_id="-315" lyhytnimi="Päijänne-Tavastland" kuvaus="Päijänne-Tavastland"/>
  <koodimetadata id="-351" kieli="SV" nimi="Kymmenedalen" version="0" koodiversio_id="-317" lyhytnimi="Kymmenedalen" kuvaus="Kymmenedalen"/>
  <koodimetadata id="-352" kieli="SV" nimi="Södra Karelen" version="0" koodiversio_id="-319" lyhytnimi="Södra Karelen" kuvaus="Södra Karelen"/>
  <koodimetadata id="-353" kieli="SV" nimi="Södra Savolax" version="0" koodiversio_id="-321" lyhytnimi="Södra Savolax" kuvaus="Södra Savolax"/>
  <koodimetadata id="-354" kieli="SV" nimi="Norra Savolax" version="0" koodiversio_id="-323" lyhytnimi="Norra Savolax" kuvaus="Norra Savolax"/>
  <koodimetadata id="-355" kieli="SV" nimi="Norra Karelen" version="0" koodiversio_id="-325" lyhytnimi="Norra Karelen" kuvaus="Norra Karelen"/>
  <koodimetadata id="-356" kieli="SV" nimi="Mellersta Finland" version="0" koodiversio_id="-327" lyhytnimi="Mellersta Finland" kuvaus="Mellersta Finland"/>
  <koodimetadata id="-357" kieli="SV" nimi="Södra Österbotten" version="0" koodiversio_id="-329" lyhytnimi="Södra Österbotten" kuvaus="Södra Österbotten"/>
  <koodimetadata id="-358" kieli="SV" nimi="Österbotten" version="0" koodiversio_id="-331" lyhytnimi="Österbotten" kuvaus="Österbotten"/>
  <koodimetadata id="-359" kieli="SV" nimi="Mellersta Österbotten" version="0" koodiversio_id="-333" lyhytnimi="Mellersta Österbotten" kuvaus="Mellersta Österbotten"/>
  <koodimetadata id="-360" kieli="SV" nimi="Norra Österbotten" version="0" koodiversio_id="-335" lyhytnimi="Norra Österbotten" kuvaus="Norra Österbotten"/>
  <koodimetadata id="-361" kieli="SV" nimi="Kajanaland" version="0" koodiversio_id="-337" lyhytnimi="Kajanaland" kuvaus="Kajanaland"/>
  <koodimetadata id="-362" kieli="SV" nimi="Lappland" version="0" koodiversio_id="-339" lyhytnimi="Lappland" kuvaus="Lappland"/>
  <koodimetadata id="-363" kieli="SV" nimi="Åland" version="0" koodiversio_id="-341" lyhytnimi="Åland" kuvaus="Åland"/>
  <koodimetadata id="-364" kieli="SV" nimi="Okänt landskap" version="0" koodiversio_id="-343" lyhytnimi="Okänt landskap" kuvaus="Okänt landskap"/>
  <koodimetadata id="-368" kieli="FI" nimi="Etelä-Suomen AVI" version="0" koodiversio_id="-367" lyhytnimi="Etelä-Suomen AVI" kuvaus="Etelä-Suomen AVI"/>
  <koodimetadata id="-370" kieli="FI" nimi="Lounais-Suomen AVI" version="0" koodiversio_id="-369" lyhytnimi="Lounais-Suomen AVI" kuvaus="Lounais-Suomen AVI"/>
  <koodimetadata id="-372" kieli="FI" nimi="Itä-Suomen AVI" version="0" koodiversio_id="-371" lyhytnimi="Itä-Suomen AVI" kuvaus="Itä-Suomen AVI"/>
  <koodimetadata id="-374" kieli="FI" nimi="Länsi- ja Sisä-Suomen AVI" version="0" koodiversio_id="-373" lyhytnimi="Länsi- ja Sisä-Suomen AVI" kuvaus="Länsi- ja Sisä-Suomen AVI"/>
  <koodimetadata id="-376" kieli="FI" nimi="Pohjois-Suomen AVI" version="0" koodiversio_id="-375" lyhytnimi="Pohjois-Suomen AVI" kuvaus="Pohjois-Suomen AVI"/>
  <koodimetadata id="-378" kieli="FI" nimi="Lapin AVI" version="0" koodiversio_id="-377" lyhytnimi="Lapin AVI" kuvaus="Lapin AVI"/>
  <koodimetadata id="-380" kieli="FI" nimi="Ahvenanmaan valtionvirasto" version="0" koodiversio_id="-379" lyhytnimi="Ahvenanmaan valtionvirasto" kuvaus="Ahvenanmaan valtionvirasto"/>
  <koodimetadata id="-382" kieli="FI" nimi="Ei tiedossa (AVI)" version="0" koodiversio_id="-381" lyhytnimi="Ei tiedossa (AVI)" kuvaus="Ei tiedossa (AVI)"/>
  <koodimetadata id="-384" kieli="SV" nimi="Södra Finlands RFV" version="0" koodiversio_id="-367" lyhytnimi="Södra Finlands RFV" kuvaus="Södra Finlands RFV"/>
  <koodimetadata id="-385" kieli="SV" nimi="Sydvästra Finlands RFV" version="0" koodiversio_id="-369" lyhytnimi="Sydvästra Finlands RFV" kuvaus="Sydvästra Finlands RFV"/>
  <koodimetadata id="-386" kieli="SV" nimi="Östra Finlands RFV" version="0" koodiversio_id="-371" lyhytnimi="Östra Finlands RFV" kuvaus="Östra Finlands RFV"/>
  <koodimetadata id="-387" kieli="SV" nimi="Västra och Inre Finlands RFV" version="0" koodiversio_id="-373" lyhytnimi="Västra och Inre Finlands RFV" kuvaus="Västra och Inre Finlands RFV"/>
  <koodimetadata id="-388" kieli="SV" nimi="Norra Finlands RFV" version="0" koodiversio_id="-375" lyhytnimi="Norra Finlands RFV" kuvaus="Norra Finlands RFV"/>
  <koodimetadata id="-389" kieli="SV" nimi="Lapin AVI" version="0" koodiversio_id="-377" lyhytnimi="Lapin AVI" kuvaus="Lapin AVI"/>
  <koodimetadata id="-390" kieli="SV" nimi="Statens ämbetsverk på Åland" version="0" koodiversio_id="-379" lyhytnimi="Statens ämbetsverk på Åland" kuvaus="Statens ämbetsverk på Åland"/>
  <koodimetadata id="-391" kieli="SV" nimi="Okänt (RFV)" version="0" koodiversio_id="-381" lyhytnimi="Okänt (RFV)" kuvaus="Okänt (RFV)"/>
  <koodimetadata id="-414" kieli="FI" nimi="ekakoodi FI - ver 1" version="0" koodiversio_id="-410" lyhytnimi="ekakoodi FI - ver 1" kuvaus="ekakoodi FI - ver 1"/>
  <koodimetadata id="-415" kieli="SV" nimi="ekakoodi SV - ver 1" version="0" koodiversio_id="-410" lyhytnimi="ekakoodi SV - ver 1" kuvaus="ekakoodi SV - ver 1"/>
  <koodimetadata id="-416" kieli="FI" nimi="tokakoodi FI - ver 1" version="0" koodiversio_id="-411" lyhytnimi="tokakoodi FI - ver 1" kuvaus="tokakoodi FI - ver 1"/>
  <koodimetadata id="-417" kieli="SV" nimi="tokakoodi SV - ver 1" version="0" koodiversio_id="-411" lyhytnimi="tokakoodi SV - ver 1" kuvaus="tokakoodi SV - ver 1"/>
  <koodimetadata id="-418" kieli="FI" nimi="ekakoodi FI - ver 2" version="0" koodiversio_id="-412" lyhytnimi="ekakoodi FI - ver 2" kuvaus="ekakoodi FI - ver 2"/>
  <koodimetadata id="-419" kieli="SV" nimi="ekakoodi SV - ver 2" version="0" koodiversio_id="-412" lyhytnimi="ekakoodi SV - ver 2" kuvaus="ekakoodi SV - ver 2"/>
  <koodimetadata id="-459" kieli="FI" nimi="koodi 1 versio 1" version="0" koodiversio_id="-437" lyhytnimi="koodi 1 versio 1" kuvaus="koodi 1 versio 1"/>
  <koodimetadata id="-460" kieli="FI" nimi="koodi 1 versio 2" version="0" koodiversio_id="-438" lyhytnimi="koodi 1 versio 2" kuvaus="koodi 1 versio 2"/>
  <koodimetadata id="-461" kieli="FI" nimi="koodi 1 versio 3" version="0" koodiversio_id="-439" lyhytnimi="koodi 1 versio 3" kuvaus="koodi 1 versio 3"/>
  <koodimetadata id="-462" kieli="FI" nimi="koodi 1 versio 4" version="0" koodiversio_id="-440" lyhytnimi="koodi 1 versio 4" kuvaus="koodi 1 versio 4"/>
  <koodimetadata id="-463" kieli="FI" nimi="koodi 1 versio 5" version="0" koodiversio_id="-441" lyhytnimi="koodi 1 versio 5" kuvaus="koodi 1 versio 5"/>
  <koodimetadata id="-464" kieli="FI" nimi="koodi 1 versio 6" version="0" koodiversio_id="-442" lyhytnimi="koodi 1 versio 6" kuvaus="koodi 1 versio 6"/>
  <koodimetadata id="-465" kieli="FI" nimi="koodi 1 versio 7" version="0" koodiversio_id="-443" lyhytnimi="koodi 1 versio 7" kuvaus="koodi 1 versio 7"/>
  <koodimetadata id="-466" kieli="FI" nimi="koodi 1 versio 8" version="0" koodiversio_id="-444" lyhytnimi="koodi 1 versio 8" kuvaus="koodi 1 versio 8"/>
  <koodimetadata id="-467" kieli="FI" nimi="koodi 1 versio 9" version="0" koodiversio_id="-445" lyhytnimi="koodi 1 versio 9" kuvaus="koodi 1 versio 9"/>
  <koodimetadata id="-468" kieli="FI" nimi="koodi 1 versio 10" version="0" koodiversio_id="-446" lyhytnimi="koodi 1 versio 10" kuvaus="koodi 1 versio 10"/>
  <koodimetadata id="-469" kieli="FI" nimi="koodi 1 versio 11" version="0" koodiversio_id="-447" lyhytnimi="koodi 1 versio 11" kuvaus="koodi 1 versio 11"/>
  <koodimetadata id="-485" kieli="SV" nimi="kåådi 1 versiå 1" version="0" koodiversio_id="-437" lyhytnimi="kåådi 1 versiå 1" kuvaus="kåådi 1 versiå 1"/>
  <koodimetadata id="-486" kieli="SV" nimi="kåådi 1 versiå 2" version="0" koodiversio_id="-438" lyhytnimi="kåådi 1 versiå 2" kuvaus="kåådi 1 versiå 2"/>
  <koodimetadata id="-487" kieli="SV" nimi="kåådi 1 versiå 3" version="0" koodiversio_id="-439" lyhytnimi="kåådi 1 versiå 3" kuvaus="kåådi 1 versiå 3"/>
  <koodimetadata id="-488" kieli="SV" nimi="kåådi 1 versiå 4" version="0" koodiversio_id="-440" lyhytnimi="kåådi 1 versiå 4" kuvaus="kåådi 1 versiå 4"/>
  <koodimetadata id="-489" kieli="SV" nimi="kåådi 1 versiå 5" version="0" koodiversio_id="-441" lyhytnimi="kåådi 1 versiå 5" kuvaus="kåådi 1 versiå 5"/>
  <koodimetadata id="-490" kieli="SV" nimi="kåådi 1 versiå 6" version="0" koodiversio_id="-442" lyhytnimi="kåådi 1 versiå 6" kuvaus="kåådi 1 versiå 6"/>
  <koodimetadata id="-491" kieli="SV" nimi="kåådi 1 versiå 7" version="0" koodiversio_id="-443" lyhytnimi="kåådi 1 versiå 7" kuvaus="kåådi 1 versiå 7"/>
  <koodimetadata id="-492" kieli="SV" nimi="kåådi 1 versiå 8" version="0" koodiversio_id="-444" lyhytnimi="kåådi 1 versiå 8" kuvaus="kåådi 1 versiå 8"/>
  <koodimetadata id="-493" kieli="SV" nimi="kåådi 1 versiå 9" version="0" koodiversio_id="-445" lyhytnimi="kåådi 1 versiå 9" kuvaus="kåådi 1 versiå 9"/>
  <koodimetadata id="-494" kieli="SV" nimi="kåådi 1 versiå 10" version="0" koodiversio_id="-446" lyhytnimi="kåådi 1 versiå 10" kuvaus="kåådi 1 versiå 10"/>
  <koodimetadata id="-495" kieli="SV" nimi="kåådi 1 versiå 11" version="0" koodiversio_id="-447" lyhytnimi="kåådi 1 versiå 11" kuvaus="kåådi 1 versiå 11"/>
  <koodimetadata id="-496" kieli="EN" nimi="code 1 version 1" version="0" koodiversio_id="-437" lyhytnimi="code 1 version 1" kuvaus="code 1 version 1"/>
  <koodimetadata id="-497" kieli="EN" nimi="code 1 version 2" version="0" koodiversio_id="-438" lyhytnimi="code 1 version 2" kuvaus="code 1 version 2"/>
  <koodimetadata id="-498" kieli="EN" nimi="code 1 version 3" version="0" koodiversio_id="-439" lyhytnimi="code 1 version 3" kuvaus="code 1 version 3"/>
  <koodimetadata id="-499" kieli="EN" nimi="code 1 version 4" version="0" koodiversio_id="-440" lyhytnimi="code 1 version 4" kuvaus="code 1 version 4"/>
  <koodimetadata id="-500" kieli="EN" nimi="code 1 version 5" version="0" koodiversio_id="-441" lyhytnimi="code 1 version 5" kuvaus="code 1 version 5"/>
  <koodimetadata id="-501" kieli="EN" nimi="code 1 version 6" version="0" koodiversio_id="-442" lyhytnimi="code 1 version 6" kuvaus="code 1 version 6"/>
  <koodimetadata id="-502" kieli="EN" nimi="code 1 version 7" version="0" koodiversio_id="-443" lyhytnimi="code 1 version 7" kuvaus="code 1 version 7"/>
  <koodimetadata id="-503" kieli="EN" nimi="code 1 version 8" version="0" koodiversio_id="-444" lyhytnimi="code 1 version 8" kuvaus="code 1 version 8"/>
  <koodimetadata id="-504" kieli="EN" nimi="code 1 version 9" version="0" koodiversio_id="-445" lyhytnimi="code 1 version 9" kuvaus="code 1 version 9"/>
  <koodimetadata id="-505" kieli="EN" nimi="code 1 version 10" version="0" koodiversio_id="-446" lyhytnimi="code 1 version 10" kuvaus="code 1 version 10"/>
  <koodimetadata id="-506" kieli="EN" nimi="code 1 version 11" version="0" koodiversio_id="-447" lyhytnimi="code 1 version 11" kuvaus="code 1 version 11"/>
  <koodimetadata id="-470" kieli="FI" nimi="koodi 2 versio 1" version="0" koodiversio_id="-448" lyhytnimi="koodi 2 versio 1" kuvaus="koodi 2 versio 1"/>
  <koodimetadata id="-471" kieli="FI" nimi="koodi 2 versio 2" version="0" koodiversio_id="-449" lyhytnimi="koodi 2 versio 2" kuvaus="koodi 2 versio 2"/>
  <koodimetadata id="-472" kieli="FI" nimi="koodi 2 versio 3" version="0" koodiversio_id="-450" lyhytnimi="koodi 2 versio 3" kuvaus="koodi 2 versio 3"/>
  <koodimetadata id="-473" kieli="FI" nimi="koodi 2 versio 4" version="0" koodiversio_id="-451" lyhytnimi="koodi 2 versio 4" kuvaus="koodi 2 versio 4"/>
  <koodimetadata id="-474" kieli="FI" nimi="koodi 2 versio 5" version="0" koodiversio_id="-452" lyhytnimi="koodi 2 versio 5" kuvaus="koodi 2 versio 5"/>
  <koodimetadata id="-475" kieli="FI" nimi="koodi 2 versio 6" version="0" koodiversio_id="-453" lyhytnimi="koodi 2 versio 6" kuvaus="koodi 2 versio 6"/>
  <koodimetadata id="-476" kieli="FI" nimi="koodi 2 versio 7" version="0" koodiversio_id="-454" lyhytnimi="koodi 2 versio 7" kuvaus="koodi 2 versio 7"/>
  <koodimetadata id="-477" kieli="FI" nimi="koodi 2 versio 8" version="0" koodiversio_id="-455" lyhytnimi="koodi 2 versio 8" kuvaus="koodi 2 versio 8"/>
  <koodimetadata id="-478" kieli="FI" nimi="koodi 2 versio 9" version="0" koodiversio_id="-456" lyhytnimi="koodi 2 versio 9" kuvaus="koodi 2 versio 9"/>
  <koodimetadata id="-479" kieli="FI" nimi="koodi 2 versio 10" version="0" koodiversio_id="-457" lyhytnimi="koodi 2 versio 10" kuvaus="koodi 2 versio 10"/>
  <koodimetadata id="-480" kieli="FI" nimi="koodi 2 versio 11" version="0" koodiversio_id="-458" lyhytnimi="koodi 2 versio 11" kuvaus="koodi 2 versio 11"/>
  <koodimetadata id="-507" kieli="SV" nimi="cåådi 2 versiå 1" version="0" koodiversio_id="-448" lyhytnimi="cåådi 2 versiå 1" kuvaus="cåådi 2 versiå 1"/>
  <koodimetadata id="-508" kieli="SV" nimi="cåådi 2 versiå 2" version="0" koodiversio_id="-449" lyhytnimi="cåådi 2 versiå 2" kuvaus="cåådi 2 versiå 2"/>
  <koodimetadata id="-509" kieli="SV" nimi="cåådi 2 versiå 3" version="0" koodiversio_id="-450" lyhytnimi="cåådi 2 versiå 3" kuvaus="cåådi 2 versiå 3"/>
  <koodimetadata id="-510" kieli="SV" nimi="cåådi 2 versiå 4" version="0" koodiversio_id="-451" lyhytnimi="cåådi 2 versiå 4" kuvaus="cåådi 2 versiå 4"/>
  <koodimetadata id="-511" kieli="SV" nimi="cåådi 2 versiå 5" version="0" koodiversio_id="-452" lyhytnimi="cåådi 2 versiå 5" kuvaus="cåådi 2 versiå 5"/>
  <koodimetadata id="-512" kieli="SV" nimi="cåådi 2 versiå 6" version="0" koodiversio_id="-453" lyhytnimi="cåådi 2 versiå 6" kuvaus="cåådi 2 versiå 6"/>
  <koodimetadata id="-513" kieli="SV" nimi="cåådi 2 versiå 7" version="0" koodiversio_id="-454" lyhytnimi="cåådi 2 versiå 7" kuvaus="cåådi 2 versiå 7"/>
  <koodimetadata id="-514" kieli="SV" nimi="cåådi 2 versiå 8" version="0" koodiversio_id="-455" lyhytnimi="cåådi 2 versiå 8" kuvaus="cåådi 2 versiå 8"/>
  <koodimetadata id="-515" kieli="SV" nimi="cåådi 2 versiå 9" version="0" koodiversio_id="-456" lyhytnimi="cåådi 2 versiå 9" kuvaus="cåådi 2 versiå 9"/>
  <koodimetadata id="-516" kieli="SV" nimi="cåådi 2 versiå 10" version="0" koodiversio_id="-457" lyhytnimi="cåådi 2 versiå 10" kuvaus="cåådi 2 versiå 10"/>
  <koodimetadata id="-517" kieli="SV" nimi="cåådi 2 versiå 11" version="0" koodiversio_id="-458" lyhytnimi="cåådi 2 versiå 11" kuvaus="cåådi 2 versiå 11"/>
  <koodimetadata id="-518" kieli="EN" nimi="code 2 version 1" version="0" koodiversio_id="-448" lyhytnimi="code 2 version 1" kuvaus="code 2 version 1"/>
  <koodimetadata id="-519" kieli="EN" nimi="code 2 version 2" version="0" koodiversio_id="-449" lyhytnimi="code 2 version 2" kuvaus="code 2 version 2"/>
  <koodimetadata id="-520" kieli="EN" nimi="code 2 version 3" version="0" koodiversio_id="-450" lyhytnimi="code 2 version 3" kuvaus="code 2 version 3"/>
  <koodimetadata id="-521" kieli="EN" nimi="code 2 version 4" version="0" koodiversio_id="-451" lyhytnimi="code 2 version 4" kuvaus="code 2 version 4"/>
  <koodimetadata id="-522" kieli="EN" nimi="code 2 version 5" version="0" koodiversio_id="-452" lyhytnimi="code 2 version 5" kuvaus="code 2 version 5"/>
  <koodimetadata id="-523" kieli="EN" nimi="code 2 version 6" version="0" koodiversio_id="-453" lyhytnimi="code 2 version 6" kuvaus="code 2 version 6"/>
  <koodimetadata id="-524" kieli="EN" nimi="code 2 version 7" version="0" koodiversio_id="-454" lyhytnimi="code 2 version 7" kuvaus="code 2 version 7"/>
  <koodimetadata id="-525" kieli="EN" nimi="code 2 version 8" version="0" koodiversio_id="-455" lyhytnimi="code 2 version 8" kuvaus="code 2 version 8"/>
  <koodimetadata id="-526" kieli="EN" nimi="code 2 version 9" version="0" koodiversio_id="-456" lyhytnimi="code 2 version 9" kuvaus="code 2 version 9"/>
  <koodimetadata id="-527" kieli="EN" nimi="code 2 version 10" version="0" koodiversio_id="-457" lyhytnimi="code 2 version 10" kuvaus="code 2 version 10"/>
  <koodimetadata id="-528" kieli="EN" nimi="code 2 version 11" version="0" koodiversio_id="-458" lyhytnimi="code 2 version 11" kuvaus="code 2 version 11"/>
  <koodimetadata id="-529" kieli="FI" nimi="puuppa" version="0" koodiversio_id="-459" lyhytnimi="puuppa" kuvaus="puuppa"/>
  <koodimetadata id="-530" kieli="FI" nimi="plop" version="0" koodiversio_id="-460" lyhytnimi="plop" kuvaus="plop"/>
  <koodimetadata id="-531" kieli="FI" nimi="1" version="0" koodiversio_id="-461" lyhytnimi="1" kuvaus="1"/>
  <koodimetadata id="-532" kieli="FI" nimi="2" version="0" koodiversio_id="-462" lyhytnimi="2" kuvaus="2"/>
  <koodimetadata id="-533" kieli="FI" nimi="3" version="0" koodiversio_id="-463" lyhytnimi="3" kuvaus="3"/>
  <koodimetadata id="-534" kieli="FI" nimi="koodi1" version="0" koodiversio_id="-464" lyhytnimi="koodi1" kuvaus="koodi1"/>
  <koodimetadata id="-535" kieli="FI" nimi="koodi2" version="0" koodiversio_id="-465" lyhytnimi="koodi2" kuvaus="koodi2"/>
  <koodimetadata id="-536" kieli="FI" nimi="koodi3" version="0" koodiversio_id="-466" lyhytnimi="koodi3" kuvaus="koodi3"/>
  <koodimetadata id="-537" kieli="FI" nimi="koodi4" version="0" koodiversio_id="-467" lyhytnimi="koodi4" kuvaus="koodi4"/>
  <koodimetadata id="-538" kieli="FI" nimi="koodi5" version="0" koodiversio_id="-468" lyhytnimi="koodi5" kuvaus="koodi5"/>
  <koodimetadata id="-539" kieli="FI" nimi="koodi6" version="0" koodiversio_id="-469" lyhytnimi="koodi6" kuvaus="koodi6"/>
  <koodimetadata id="-540" kieli="FI" nimi="koodi7" version="0" koodiversio_id="-470" lyhytnimi="koodi7" kuvaus="koodi7"/>
  <koodimetadata id="-541" kieli="FI" nimi="koodi8" version="0" koodiversio_id="-471" lyhytnimi="koodi8" kuvaus="koodi8"/>
  <koodimetadata id="-542" kieli="FI" nimi="koodi9" version="0" koodiversio_id="-472" lyhytnimi="koodi9" kuvaus="koodi9"/>
  <koodimetadata id="-543" kieli="FI" nimi="koodi10" version="0" koodiversio_id="-473" lyhytnimi="koodi10" kuvaus="koodi10"/>
  <koodimetadata id="-544" kieli="FI" nimi="koodi11" version="0" koodiversio_id="-474" lyhytnimi="koodi11" kuvaus="koodi11"/>
  <koodimetadata id="-545" kieli="FI" nimi="koodi12" version="0" koodiversio_id="-475" lyhytnimi="koodi12" kuvaus="koodi12"/>
  <koodimetadata id="-546" kieli="FI" nimi="koodi13" version="0" koodiversio_id="-476" lyhytnimi="koodi13" kuvaus="koodi13"/>
  <koodimetadata id="-547" kieli="FI" nimi="koodi13" version="0" koodiversio_id="-477" lyhytnimi="koodi13" kuvaus="koodi13"/>
  <koodimetadata id="-548" kieli="FI" nimi="koodi14" version="0" koodiversio_id="-478" lyhytnimi="koodi14" kuvaus="koodi14"/>
  <koodimetadata id="-549" kieli="FI" nimi="koodi14" version="0" koodiversio_id="-479" lyhytnimi="koodi14" kuvaus="koodi14"/>
  <koodimetadata id="-550" kieli="FI" nimi="koodi14" version="0" koodiversio_id="-480" lyhytnimi="koodi14" kuvaus="koodi14"/>
  <koodimetadata id="-551" kieli="FI" nimi="koodi15" version="0" koodiversio_id="-481" lyhytnimi="koodi15" kuvaus="koodi15"/>
  <koodimetadata id="-552" kieli="FI" nimi="koodi16" version="0" koodiversio_id="-482" lyhytnimi="koodi16" kuvaus="koodi16"/>
  <koodimetadata id="-553" kieli="FI" nimi="koodi17" version="0" koodiversio_id="-483" lyhytnimi="koodi17" kuvaus="koodi17"/>
  <koodimetadata id="-554" kieli="FI" nimi="koodi18" version="0" koodiversio_id="-484" lyhytnimi="koodi18" kuvaus="koodi18"/>
  <koodimetadata id="-555" kieli="FI" nimi="koodi19" version="0" koodiversio_id="-485" lyhytnimi="koodi19" kuvaus="koodi19"/>
  <koodimetadata id="-556" kieli="FI" nimi="koodi20" version="0" koodiversio_id="-486" lyhytnimi="koodi20" kuvaus="koodi20"/>
  <koodimetadata id="-557" kieli="FI" nimi="koodi21" version="0" koodiversio_id="-487" lyhytnimi="koodi21" kuvaus="koodi21"/>
  <koodimetadata id="-558" kieli="FI" nimi="koodi22" version="0" koodiversio_id="-488" lyhytnimi="koodi22" kuvaus="koodi22"/>
  <koodimetadata id="-559" kieli="FI" nimi="koodi23" version="0" koodiversio_id="-489" lyhytnimi="koodi23" kuvaus="koodi23"/>
  <koodimetadata id="-560" kieli="FI" nimi="koodi24" version="0" koodiversio_id="-490" lyhytnimi="koodi24" kuvaus="koodi24"/>
  <koodimetadata id="-561" kieli="FI" nimi="koodi25" version="0" koodiversio_id="-491" lyhytnimi="koodi25" kuvaus="koodi25"/>
  <koodimetadata id="-562" kieli="FI" nimi="koodi26" version="0" koodiversio_id="-492" lyhytnimi="koodi26" kuvaus="koodi26"/>
  <koodimetadata id="-563" kieli="FI" nimi="koodi27" version="0" koodiversio_id="-493" lyhytnimi="koodi27" kuvaus="koodi27"/>
  <koodimetadata id="-564" kieli="FI" nimi="koodi28" version="0" koodiversio_id="-494" lyhytnimi="koodi28" kuvaus="koodi28"/>
  <koodimetadata id="-565" kieli="FI" nimi="koodi29" version="0" koodiversio_id="-495" lyhytnimi="koodi29" kuvaus="koodi29"/>
  <koodimetadata id="-566" kieli="FI" nimi="koodi30" version="0" koodiversio_id="-496" lyhytnimi="koodi30" kuvaus="koodi30"/>
  <koodimetadata id="-567" kieli="FI" nimi="koodi30" version="0" koodiversio_id="-497" lyhytnimi="koodi30" kuvaus="koodi30"/>
  <koodimetadata id="-568" kieli="FI" nimi="koodi31" version="0" koodiversio_id="-498" lyhytnimi="koodi31" kuvaus="koodi31"/>
  <koodimetadata id="-569" kieli="FI" nimi="koodi32" version="0" koodiversio_id="-499" lyhytnimi="koodi32" kuvaus="koodi32"/>
  <koodimetadata id="-570" kieli="FI" nimi="koodi33" version="0" koodiversio_id="-500" lyhytnimi="koodi33" kuvaus="koodi33"/>
  <koodimetadata id="-571" kieli="FI" nimi="koodi34" version="0" koodiversio_id="-501" lyhytnimi="koodi34" kuvaus="koodi34"/>
  <koodimetadata id="-572" kieli="FI" nimi="koodi35" version="0" koodiversio_id="-502" lyhytnimi="koodi35" kuvaus="koodi35"/>
  <koodimetadata id="-573" kieli="FI" nimi="koodi36" version="0" koodiversio_id="-503" lyhytnimi="koodi36" kuvaus="koodi36"/>
  <koodimetadata id="-574" kieli="FI" nimi="koodi37" version="0" koodiversio_id="-504" lyhytnimi="koodi37" kuvaus="koodi37"/>
  <koodimetadata id="-575" kieli="FI" nimi="koodi38" version="0" koodiversio_id="-505" lyhytnimi="koodi38" kuvaus="koodi38"/>
  <koodimetadata id="-576" kieli="FI" nimi="koodi39" version="0" koodiversio_id="-506" lyhytnimi="koodi39" kuvaus="koodi39"/>
  <koodimetadata id="-577" kieli="FI" nimi="koodisiirtyy" version="0" koodiversio_id="-600" lyhytnimi="siirtyy" kuvaus="Koodi siirtyy"/>
  <koodimetadata id="-578" kieli="FI" nimi="wanha" version="0" koodiversio_id="-700" lyhytnimi="wanha" kuvaus="wanha ei siirry"/>
  <koodimetadata id="-579" kieli="FI" nimi="wanha" version="0" koodiversio_id="-701" lyhytnimi="wanha" kuvaus="wanha ei siirry"/>
  <koodimetadata id="-580" kieli="FI" nimi="wanha" version="0" koodiversio_id="-702" lyhytnimi="wanha" kuvaus="wanha ei siirry"/>
  <koodimetadata id="-581" kieli="FI" nimi="wanha" version="0" koodiversio_id="-703" lyhytnimi="wanha" kuvaus="wanha ei siirry2"/>
  <koodimetadata id="-582" kieli="FI" nimi="wanha" version="0" koodiversio_id="-704" lyhytnimi="wanha" kuvaus="wanha ei siirry2"/>
  <koodimetadata id="-583" kieli="FI" nimi="wanha" version="0" koodiversio_id="-705" lyhytnimi="wanha" kuvaus="wanha ei siirry2"/>
  <koodimetadata id="-584" kieli="FI" nimi="suhdepassivoidaan" version="0" koodiversio_id="-706" lyhytnimi="passivoidaan" kuvaus="suhde passivoidaan uusimman koodiversion hyvaksynnän yhteydessä"/>
  <koodimetadata id="-585" kieli="FI" nimi="koodihyvaksytään" version="0" koodiversio_id="-707" lyhytnimi="hyvaksytään" kuvaus="koodiversio laitetaan hyväksytty tilaan"/>
  <koodimetadata id="-586" kieli="FI" nimi="sisaltyy" version="0" koodiversio_id="-708" lyhytnimi="sisaltyy" kuvaus="sisaltyy"/>
  <koodimetadata id="-587" kieli="FI" nimi="passiivinensuhdeeikopioidu" version="0" koodiversio_id="-709" lyhytnimi="passiivinen" kuvaus="Passiivista koodinsuhdetta ei kopioida uusimpaan versioon"/>
  <koodimetadata id="-1000" kieli="FI" nimi="vanhasuhdeaktivoituu" version="0" koodiversio_id="-1000" lyhytnimi="suhdeaktivoituu" kuvaus="Vanha suhde tähän aktivoituu poiston yhteydessä"/>
  <koodimetadata id="-1001" kieli="FI" nimi="tämäpoistetaan" version="0" koodiversio_id="-1001" lyhytnimi="poistetaan" kuvaus="Tämä poistetaan"/>
  <koodimetadata id="-1002" kieli="FI" nimi="tonnillasuhdetähän" version="0" koodiversio_id="-1002" lyhytnimi="tonnisuhde" kuvaus="Tähän on suhde tonnilla"/>

  <koodinsuhde id="-1" alakoodiversio_id="-3" ylakoodiversio_id="-7" suhteentyyppi="RINNASTEINEN" version="0" versio="1" ylakoodistapassiivinen="false" alakoodistapassiivinen="false"/>
  <koodinsuhde id="-2" alakoodiversio_id="-7" ylakoodiversio_id="-5" suhteentyyppi="RINNASTEINEN" version="0" versio="1" ylakoodistapassiivinen="false" alakoodistapassiivinen="false"/>
  <koodinsuhde id="-3" alakoodiversio_id="-5" ylakoodiversio_id="-3" suhteentyyppi="RINNASTEINEN" version="0" versio="1" ylakoodistapassiivinen="false" alakoodistapassiivinen="false"/>
  <koodinsuhde id="-4" alakoodiversio_id="-3" ylakoodiversio_id="-9" suhteentyyppi="SISALTYY" version="0" versio="1" ylakoodistapassiivinen="false" alakoodistapassiivinen="false"/>
  <koodinsuhde id="-5" alakoodiversio_id="-9" ylakoodiversio_id="-3" suhteentyyppi="SISALTYY" version="0" versio="1" ylakoodistapassiivinen="false" alakoodistapassiivinen="false"/>
  <koodinsuhde id="-6" alakoodiversio_id="-11" ylakoodiversio_id="-3" suhteentyyppi="SISALTYY" version="0" versio="1" ylakoodistapassiivinen="false" alakoodistapassiivinen="false"/>
  <koodinsuhde id="-7" alakoodiversio_id="-412" ylakoodiversio_id="-411" suhteentyyppi="RINNASTEINEN" version="0" versio="1" ylakoodistapassiivinen="false" alakoodistapassiivinen="false"/>
  <koodinsuhde id="-8" alakoodiversio_id="-465" ylakoodiversio_id="-464" suhteentyyppi="SISALTYY" version="0" versio="1" ylakoodistapassiivinen="false" alakoodistapassiivinen="false"/>
  <koodinsuhde id="-9" alakoodiversio_id="-487" ylakoodiversio_id="-486" suhteentyyppi="SISALTYY" version="0" versio="1" ylakoodistapassiivinen="false" alakoodistapassiivinen="false"/>
  <koodinsuhde id="-10" alakoodiversio_id="-489" ylakoodiversio_id="-488" suhteentyyppi="SISALTYY" version="0" versio="1" ylakoodistapassiivinen="false" alakoodistapassiivinen="false"/>
  <koodinsuhde id="-11" alakoodiversio_id="-490" ylakoodiversio_id="-488" suhteentyyppi="SISALTYY" version="0" versio="1" ylakoodistapassiivinen="false" alakoodistapassiivinen="false"/>
  <koodinsuhde id="-12" alakoodiversio_id="-494" ylakoodiversio_id="-493" suhteentyyppi="RINNASTEINEN" version="0" versio="1" ylakoodistapassiivinen="false" alakoodistapassiivinen="false"/>
  <koodinsuhde id="-13" alakoodiversio_id="-501" ylakoodiversio_id="-499" suhteentyyppi="SISALTYY" version="0" versio="1" ylakoodistapassiivinen="false" alakoodistapassiivinen="false"/>
  <koodinsuhde id="-14" alakoodiversio_id="-500" ylakoodiversio_id="-501" suhteentyyppi="SISALTYY" version="0" versio="1" ylakoodistapassiivinen="false" alakoodistapassiivinen="false"/>
  <koodinsuhde id="-15" alakoodiversio_id="-501" ylakoodiversio_id="-500" suhteentyyppi="RINNASTEINEN" version="0" versio="1" ylakoodistapassiivinen="false" alakoodistapassiivinen="false"/>
  <koodinsuhde id="-16" alakoodiversio_id="-500" ylakoodiversio_id="-600" suhteentyyppi="SISALTYY" version="0" versio="1" ylakoodistapassiivinen="false" alakoodistapassiivinen="false"/>
  <koodinsuhde id="-17" alakoodiversio_id="-700" ylakoodiversio_id="-701" suhteentyyppi="SISALTYY" version="0" versio="1" ylakoodistapassiivinen="false" alakoodistapassiivinen="false"/>
  <koodinsuhde id="-18" alakoodiversio_id="-700" ylakoodiversio_id="-702" suhteentyyppi="SISALTYY" version="0" versio="2" ylakoodistapassiivinen="false" alakoodistapassiivinen="false"/>
  <koodinsuhde id="-19" alakoodiversio_id="-703" ylakoodiversio_id="-705" suhteentyyppi="SISALTYY" version="0" versio="2" ylakoodistapassiivinen="false" alakoodistapassiivinen="false"/>
  <koodinsuhde id="-20" alakoodiversio_id="-704" ylakoodiversio_id="-705" suhteentyyppi="SISALTYY" version="0" versio="1" ylakoodistapassiivinen="false" alakoodistapassiivinen="false"/>
  <koodinsuhde id="-21" alakoodiversio_id="-708" ylakoodiversio_id="-706" suhteentyyppi="SISALTYY" version="0" versio="1" ylakoodistapassiivinen="true" alakoodistapassiivinen="false"/>
  <koodinsuhde id="-22" alakoodiversio_id="-708" ylakoodiversio_id="-707" suhteentyyppi="SISALTYY" version="0" versio="2" ylakoodistapassiivinen="false" alakoodistapassiivinen="false"/>
  <koodinsuhde id="-23" alakoodiversio_id="-709" ylakoodiversio_id="-495" suhteentyyppi="SISALTYY" version="0" versio="1" ylakoodistapassiivinen="true" alakoodistapassiivinen="false"/>
  <koodinsuhde id="-1000" alakoodiversio_id="-1002" ylakoodiversio_id="-1000" suhteentyyppi="SISALTYY" version="0" versio="1" ylakoodistapassiivinen="true" alakoodistapassiivinen="false"/>

  <koodistoversio id="-1" version="0" paivityspvm="2012-03-22" luotu="2013-01-01" tila="HYVAKSYTTY" versio="1" koodisto_id="-1" voimassaalkupvm="2012-11-20"/>
  <koodistoversio id="-303" version="0" paivityspvm="2012-03-22" luotu="2013-01-01" tila="HYVAKSYTTY" versio="1" koodisto_id="-303" voimassaalkupvm="2012-11-20"/>
  <koodistoversio id="-365" version="0" paivityspvm="2012-03-22" luotu="2013-01-01" tila="HYVAKSYTTY" versio="1" koodisto_id="-365" voimassaalkupvm="2012-11-20"/>
  <koodistoversio id="-398" version="2" paivityspvm="2012-04-13" luotu="2013-01-01" tila="HYVAKSYTTY" versio="1" koodisto_id="-398" voimassaalkupvm="2012-11-20"/>
  <koodistoversio id="-399" version="0" paivityspvm="2012-04-29" luotu="2013-01-01" tila="HYVAKSYTTY" versio="1" koodisto_id="-399" voimassaalkupvm="2012-11-20"/>
  <koodistoversio id="-400" version="0" paivityspvm="2012-04-30" luotu="2013-01-01" tila="PASSIIVINEN" versio="2" koodisto_id="-399" voimassaalkupvm="2012-11-20"/>
  <koodistoversio id="-423" version="0" paivityspvm="2012-05-03" luotu="2013-01-01" tila="HYVAKSYTTY" versio="1" koodisto_id="-422" voimassaalkupvm="2012-11-20"/>
  <koodistoversio id="-431" version="0" paivityspvm="2012-05-11" voimassaalkupvm="2012-10-01" voimassaloppupvm="2012-10-03" luotu="2013-01-01" tila="HYVAKSYTTY" versio="1" koodisto_id="-430"/>
  <koodistoversio id="-481" version="0" paivityspvm="2012-05-11" voimassaalkupvm="2012-10-04" voimassaloppupvm="2012-10-06" luotu="2013-01-01" tila="HYVAKSYTTY" versio="2" koodisto_id="-430"/>
  <koodistoversio id="-482" version="0" paivityspvm="2012-11-07" voimassaalkupvm="2012-11-06" luotu="2013-01-01" tila="LUONNOS" versio="1" koodisto_id="-431"/>
  <koodistoversio id="-483" version="0" paivityspvm="2012-11-09" voimassaalkupvm="2012-11-08" luotu="2013-01-01" tila="HYVAKSYTTY" versio="1" koodisto_id="-432"/>
  <koodistoversio id="-484" version="0" paivityspvm="2012-11-09" voimassaalkupvm="2012-11-08" luotu="2013-01-01" tila="PASSIIVINEN" versio="2" koodisto_id="-432"/>
  <koodistoversio id="-485" version="0" paivityspvm="2012-11-09" voimassaalkupvm="2012-11-08" luotu="2013-01-01" tila="PASSIIVINEN" versio="3" koodisto_id="-432"/>
  <koodistoversio id="-486" version="0" paivityspvm="2012-11-09" voimassaalkupvm="2012-11-08" luotu="2013-01-01" tila="PASSIIVINEN" versio="4" koodisto_id="-432"/>
  <koodistoversio id="-487" version="0" paivityspvm="2012-11-09" voimassaalkupvm="2012-11-08" luotu="2013-01-01" tila="PASSIIVINEN" versio="5" koodisto_id="-432"/>
  <koodistoversio id="-488" version="0" paivityspvm="2012-12-04" voimassaalkupvm="2012-12-04" luotu="2013-01-01" tila="PASSIIVINEN" versio="1" koodisto_id="-433"/>
  <koodistoversio id="-489" version="0" paivityspvm="2012-12-05" voimassaalkupvm="2012-12-04" luotu="2013-01-01" tila="HYVAKSYTTY" versio="1" koodisto_id="-434"/>
  <koodistoversio id="-490" version="0" paivityspvm="2013-03-15" voimassaalkupvm="2013-03-15" luotu="2013-01-01" tila="HYVAKSYTTY" versio="1" koodisto_id="-435"/>
  <koodistoversio id="-491" version="0" paivityspvm="2013-03-18" voimassaalkupvm="2013-03-18" luotu="2013-01-01" tila="HYVAKSYTTY" versio="1" koodisto_id="-436"/>
  <koodistoversio id="-492" version="0" paivityspvm="2013-03-18" voimassaalkupvm="2013-03-18" luotu="2013-01-01" tila="LUONNOS" versio="1" koodisto_id="-437"/>
  <koodistoversio id="-493" version="0" paivityspvm="2013-03-19" voimassaalkupvm="2013-03-19" luotu="2013-01-01" tila="LUONNOS" versio="1" koodisto_id="-438"/>
  <koodistoversio id="-494" version="0" paivityspvm="2013-03-19" voimassaalkupvm="2013-03-17" luotu="2013-01-01" tila="HYVAKSYTTY" versio="1" koodisto_id="-439"/>
  <koodistoversio id="-495" version="0" paivityspvm="2013-03-19" voimassaalkupvm="2013-03-19" luotu="2013-01-01" tila="LUONNOS" versio="2" koodisto_id="-439"/>
  <koodistoversio id="-496" version="0" paivityspvm="2013-03-17" voimassaalkupvm="2013-03-17" luotu="2013-01-01" tila="LUONNOS" versio="1" koodisto_id="-440"/>
  <koodistoversio id="-497" version="0" paivityspvm="2013-03-21" voimassaalkupvm="2013-03-17" luotu="2013-01-01" tila="HYVAKSYTTY" versio="1" koodisto_id="-441"/>
  <koodistoversio id="-498" version="0" paivityspvm="2013-03-21" voimassaalkupvm="2013-03-18" luotu="2013-01-01" tila="HYVAKSYTTY" versio="2" koodisto_id="-441"/>
  <koodistoversio id="-499" version="0" paivityspvm="2013-03-21" voimassaalkupvm="2013-03-21" luotu="2013-01-01" tila="HYVAKSYTTY" versio="4" koodisto_id="-441"/>
  <koodistoversio id="-500" version="0" paivityspvm="2013-03-21" voimassaalkupvm="2013-03-21" luotu="2013-01-01" tila="LUONNOS" versio="1" koodisto_id="-442"/>
  <koodistoversio id="-501" version="0" paivityspvm="2013-03-21" voimassaalkupvm="2013-03-21" luotu="2013-01-01" tila="HYVAKSYTTY" versio="1" koodisto_id="-443"/>
  <koodistoversio id="-502" version="0" paivityspvm="2013-03-26" voimassaalkupvm="2013-03-26" luotu="2013-01-01" tila="HYVAKSYTTY" versio="1" koodisto_id="-444"/>
  <koodistoversio id="-503" version="0" paivityspvm="2013-04-02" voimassaalkupvm="2013-04-02" luotu="2013-01-01" tila="HYVAKSYTTY" versio="1" koodisto_id="-445"/>
  <koodistoversio id="-504" version="0" paivityspvm="2013-04-02" voimassaalkupvm="2013-04-02" luotu="2013-01-01" tila="HYVAKSYTTY" versio="1" koodisto_id="-446"/>
  <koodistoversio id="-505" version="0" paivityspvm="2013-04-02" voimassaalkupvm="2013-04-02" luotu="2013-01-01" tila="HYVAKSYTTY" versio="1" koodisto_id="-447"/>
  <koodistoversio id="-506" version="0" paivityspvm="2013-04-08" voimassaalkupvm="2013-04-06" voimassaloppupvm="2013-04-07" luotu="2013-01-01" tila="HYVAKSYTTY" versio="1" koodisto_id="-448"/>
  <koodistoversio id="-507" version="0" paivityspvm="2013-04-08" voimassaalkupvm="2013-04-02" luotu="2013-01-01" tila="LUONNOS" versio="2" koodisto_id="-448"/>
  <koodistoversio id="-508" version="0" paivityspvm="2013-04-11" voimassaalkupvm="2013-04-11" luotu="2013-01-01" tila="HYVAKSYTTY" versio="1" koodisto_id="-449"/>
  <koodistoversio id="-509" version="0" paivityspvm="2013-04-12" voimassaalkupvm="2013-04-10" luotu="2013-01-01" tila="HYVAKSYTTY" versio="1" koodisto_id="-450"/>
  <koodistoversio id="-510" version="0" paivityspvm="2013-04-12" voimassaalkupvm="2013-04-11" luotu="2013-01-01" tila="LUONNOS" versio="2" koodisto_id="-450"/>
  <koodistoversio id="-511" version="0" paivityspvm="2013-04-15" voimassaalkupvm="2013-04-15" luotu="2013-01-01" tila="HYVAKSYTTY" versio="1" koodisto_id="-451"/>
  <koodistoversio id="-512" version="0" paivityspvm="2013-04-15" voimassaalkupvm="2013-04-15" luotu="2013-01-01" tila="HYVAKSYTTY" versio="1" koodisto_id="-452"/>
  <koodistoversio id="-513" version="0" paivityspvm="2013-08-13" voimassaalkupvm="2013-08-11" luotu="2013-01-01" tila="PASSIIVINEN" versio="1" koodisto_id="-453"/>
  <koodistoversio id="-514" version="0" paivityspvm="2013-08-13" voimassaalkupvm="2013-08-11" luotu="2013-01-01" tila="HYVAKSYTTY" versio="1" koodisto_id="-454"/>
  <koodistoversio id="-515" version="0" paivityspvm="2013-08-13" voimassaalkupvm="2013-08-12" luotu="2013-01-01" tila="HYVAKSYTTY" versio="2" koodisto_id="-454"/>
  <koodistoversio id="-600" version="0" paivityspvm="2013-08-13" voimassaalkupvm="2013-08-12" luotu="2013-01-01" tila="HYVAKSYTTY" versio="1" koodisto_id="-500"/>
  <koodistoversio id="-601" version="0" paivityspvm="2013-08-13" voimassaalkupvm="2013-08-12" luotu="2013-01-01" tila="HYVAKSYTTY" versio="1" koodisto_id="-501"/>
  <koodistoversio id="-602" version="0" paivityspvm="2013-08-13" voimassaalkupvm="2013-08-12" luotu="2013-01-01" tila="HYVAKSYTTY" versio="1" koodisto_id="-502"/>
  <koodistoversio id="-700" version="0" paivityspvm="2013-08-13" voimassaalkupvm="2013-08-12" luotu="2013-01-01" tila="HYVAKSYTTY" versio="1" koodisto_id="-600"/>
  <koodistoversio id="-701" version="0" paivityspvm="2013-08-13" voimassaalkupvm="2013-08-12" luotu="2013-01-01" tila="HYVAKSYTTY" versio="1" koodisto_id="-601"/>
  <koodistoversio id="-702" version="0" paivityspvm="2013-08-13" voimassaalkupvm="2013-08-12" luotu="2013-01-01" tila="HYVAKSYTTY" versio="2" koodisto_id="-601"/>
  <koodistoversio id="-703" version="0" paivityspvm="2013-08-13" voimassaalkupvm="2013-08-12" luotu="2013-01-01" tila="HYVAKSYTTY" versio="1" koodisto_id="-602"/>
  <koodistoversio id="-704" version="0" paivityspvm="2013-08-13" voimassaalkupvm="2013-08-12" luotu="2013-01-01" tila="PASSIIVINEN" versio="2" koodisto_id="-600"/>
  <koodistoversio id="-800" version="0" paivityspvm="2013-08-13" voimassaalkupvm="2013-08-12" luotu="2013-01-01" tila="HYVAKSYTTY" versio="1" koodisto_id="-700"/>
  <koodistoversio id="-801" version="0" paivityspvm="2013-08-13" voimassaalkupvm="2013-08-12" luotu="2013-01-01" tila="HYVAKSYTTY" versio="1" koodisto_id="-701"/>
  <koodistoversio id="-802" version="0" paivityspvm="2013-08-13" voimassaalkupvm="2013-08-12" luotu="2013-01-01" tila="LUONNOS" versio="2" koodisto_id="-701"/>
  <koodistoversio id="-803" version="0" paivityspvm="2013-08-13" voimassaalkupvm="2013-08-12" luotu="2013-01-01" tila="HYVAKSYTTY" versio="1" koodisto_id="-702"/>
  <koodistoversio id="-804" version="0" paivityspvm="2013-08-13" voimassaalkupvm="2013-08-12" luotu="2013-01-01" tila="LUONNOS" versio="2" koodisto_id="-702"/>
  <koodistoversio id="-805" version="0" paivityspvm="2013-08-13" voimassaalkupvm="2013-08-12" luotu="2013-01-01" tila="HYVAKSYTTY" versio="1" koodisto_id="-703"/>
  <koodistoversio id="-806" version="0" paivityspvm="2013-04-15" voimassaalkupvm="2013-04-15" luotu="2013-01-01" tila="HYVAKSYTTY" versio="1" koodisto_id="-809"/>
  <koodistoversio id="-807" version="0" paivityspvm="2013-04-15" voimassaalkupvm="2013-04-15" luotu="2013-01-01" tila="HYVAKSYTTY" versio="2" koodisto_id="-809"/>
  <koodistoversio id="-808" version="0" paivityspvm="2013-04-15" voimassaalkupvm="2013-04-15" luotu="2013-01-01" tila="HYVAKSYTTY" versio="1" koodisto_id="-810"/>
  <koodistoversio id="-900" version="0" paivityspvm="2013-08-13" voimassaalkupvm="2013-08-12" luotu="2013-01-01" tila="HYVAKSYTTY" versio="1" koodisto_id="-800"/>
  <koodistoversio id="-901" version="0" paivityspvm="2013-08-13" voimassaalkupvm="2013-08-12" luotu="2013-01-01" tila="HYVAKSYTTY" versio="1" koodisto_id="-801"/>
  <koodistoversio id="-902" version="0" paivityspvm="2013-08-13" voimassaalkupvm="2013-08-12" luotu="2013-01-01" tila="HYVAKSYTTY" versio="1" koodisto_id="-802"/>
  <koodistoversio id="-903" version="0" paivityspvm="2013-08-13" voimassaalkupvm="2013-08-12" luotu="2013-01-01" tila="HYVAKSYTTY" versio="1" koodisto_id="-803"/>
  <koodistoversio id="-904" version="0" paivityspvm="2013-08-13" voimassaalkupvm="2013-08-12" luotu="2013-01-01" tila="HYVAKSYTTY" versio="1" koodisto_id="-804"/>
  <koodistoversio id="-905" version="0" paivityspvm="2013-08-13" voimassaalkupvm="2013-08-12" luotu="2013-01-01" tila="HYVAKSYTTY" versio="1" koodisto_id="-805"/>
  <koodistoversio id="-906" version="0" paivityspvm="2013-08-13" voimassaalkupvm="2013-08-12" luotu="2013-01-01" tila="HYVAKSYTTY" versio="1" koodisto_id="-806"/>
  <koodistoversio id="-907" version="0" paivityspvm="2013-08-13" voimassaalkupvm="2013-08-12" luotu="2013-01-01" tila="HYVAKSYTTY" versio="1" koodisto_id="-807"/>
  <koodistoversio id="-910" version="0" paivityspvm="2013-08-13" voimassaalkupvm="2013-08-12" luotu="2013-01-01" tila="HYVAKSYTTY" versio="1" koodisto_id="-808"/>
  <koodistoversio id="-911" version="0" paivityspvm="2013-08-13" voimassaalkupvm="2013-08-12" luotu="2013-01-01" tila="HYVAKSYTTY" versio="1" koodisto_id="-811"/>
  <koodistoversio id="-912" version="0" paivityspvm="2013-08-13" voimassaalkupvm="2013-08-12" luotu="2013-01-01" tila="HYVAKSYTTY" versio="1" koodisto_id="-812"/>
  <koodistoversio id="-1000" version="0" paivityspvm="2013-08-13" voimassaalkupvm="2013-08-12" luotu="2013-01-01" tila="HYVAKSYTTY" versio="1" koodisto_id="-1000"/>
  <koodistoversio id="-1001" version="0" paivityspvm="2014-08-13" voimassaalkupvm="2014-08-12" luotu="2014-01-01" tila="PASSIIVINEN" versio="2" koodisto_id="-1000"/>
  <koodistoversio id="-1002" version="0" paivityspvm="2013-08-13" voimassaalkupvm="2013-08-12" luotu="2013-01-01" tila="LUONNOS" versio="1" koodisto_id="-1001"/>

  <koodistometadata id="-2" kieli="FI" nimi="Kunnat" version="0" koodistoversio_id="-1" kuvaus="Kunnat"/>
  <koodistometadata id="-304" kieli="FI" nimi="Maakunnat" version="0" koodistoversio_id="-303" kuvaus="Maakunnat"/>
  <koodistometadata id="-305" kieli="FI" nimi="Foobaar!" version="0" koodistoversio_id="-398" kuvaus="Foobaar!"/>
  <koodistometadata id="-366" kieli="FI" nimi="Aluevirastot" version="0" koodistoversio_id="-365" kuvaus="Aluevirastot"/>
  <koodistometadata id="-383" kieli="SV" nimi="Regionförvaltning" version="0" koodistoversio_id="-365" kuvaus="Regionförvaltning"/>
  <koodistometadata id="-392" kieli="EN" nimi="NI!" version="0" koodistoversio_id="-365" kuvaus="NI!"/>
  <koodistometadata id="-395" kieli="SV" nimi="Kommuner" version="0" koodistoversio_id="-1" kuvaus="Kommuner"/>
  <koodistometadata id="-396" kieli="EN" nimi="Communes" version="0" koodistoversio_id="-1" kuvaus="Communes"/>
  <koodistometadata id="-401" kieli="FI" nimi="testikoodistoFI" version="0" koodistoversio_id="-399" kuvaus="testikoodistoFI"/>
  <koodistometadata id="-402" kieli="SV" nimi="testikoodistoSV" version="0" koodistoversio_id="-399" kuvaus="testikoodistoSV"/>
  <koodistometadata id="-403" kieli="EN" nimi="testikoodistoEN" version="0" koodistoversio_id="-399" kuvaus="testikoodistoEN"/>
  <koodistometadata id="-404" kieli="FI" nimi="testikoodistoFI - ver 2" version="0" koodistoversio_id="-400" kuvaus="testikoodistoFI - ver 2"/>
  <koodistometadata id="-405" kieli="SV" nimi="testikoodistoSV - ver 2" version="0" koodistoversio_id="-400" kuvaus="testikoodistoSV - ver 2"/>
  <koodistometadata id="-406" kieli="EN" nimi="testikoodistoEN - ver 2" version="0" koodistoversio_id="-400" kuvaus="testikoodistoEN - ver 2"/>
  <koodistometadata id="-424" kieli="FI" nimi="testing 2 FI" version="0" koodistoversio_id="-423" kuvaus="testing 2 FI"/>
  <koodistometadata id="-425" kieli="SV" nimi="testing 2 SV" version="0" koodistoversio_id="-423" kuvaus="testing 2 SV"/>
  <koodistometadata id="-432" kieli="FI" nimi="paljon versioita koodistossa" version="0" koodistoversio_id="-431" kuvaus="paljon versioita koodistossa"/>
  <koodistometadata id="-433" kieli="SV" nimi="mycket av versioner i koodisto" version="0" koodistoversio_id="-431" kuvaus="mycket av versioner i koodisto"/>
  <koodistometadata id="-434" kieli="EN" nimi="lots of versions in koodisto" version="0" koodistoversio_id="-431" kuvaus="lots of versions in koodisto"/>
  <koodistometadata id="-482" kieli="FI" nimi="paljon versioita koodistossa" version="0" koodistoversio_id="-481" kuvaus="paljon versioita koodistossa"/>
  <koodistometadata id="-483" kieli="SV" nimi="mycket av versioner i koodisto" version="0" koodistoversio_id="-481" kuvaus="mycket av versioner i koodisto"/>
  <koodistometadata id="-484" kieli="EN" nimi="lots of versions in koodisto" version="0" koodistoversio_id="-481" kuvaus="lots of versions in koodisto"/>
  <koodistometadata id="-485" kieli="FI" nimi="ekaversioluonnostilassa" version="0" koodistoversio_id="-482" kuvaus="ekaversioluonnostilassa"/>
  <koodistometadata id="-486" kieli="FI" nimi="montapassiivistauuttaversiota" version="0" koodistoversio_id="-483" kuvaus="montapassiivistauuttaversiota"/>
  <koodistometadata id="-487" kieli="FI" nimi="montapassiivistauuttaversiota" version="0" koodistoversio_id="-484" kuvaus="montapassiivistauuttaversiota"/>
  <koodistometadata id="-488" kieli="FI" nimi="montapassiivistauuttaversiota" version="0" koodistoversio_id="-485" kuvaus="montapassiivistauuttaversiota"/>
  <koodistometadata id="-489" kieli="FI" nimi="montapassiivistauuttaversiota" version="0" koodistoversio_id="-486" kuvaus="montapassiivistauuttaversiota"/>
  <koodistometadata id="-490" kieli="FI" nimi="montapassiivistauuttaversiota" version="0" koodistoversio_id="-487" kuvaus="montapassiivistauuttaversiota"/>
  <koodistometadata id="-491" kieli="FI" nimi="plop koodisto" version="0" koodistoversio_id="-488" kuvaus="plop koodisto"/>
  <koodistometadata id="-492" kieli="FI" nimi="koodistoo" version="0" koodistoversio_id="-489" kuvaus="koodistookuvaus"/>
  <koodistometadata id="-493" kieli="FI" nimi="koodistoo2" version="0" koodistoversio_id="-490" kuvaus="koodistoo2kuvaus"/>
  <koodistometadata id="-494" kieli="FI" nimi="koodistoo3" version="0" koodistoversio_id="-491" kuvaus="koodistoo3kuvaus"/>
  <koodistometadata id="-495" kieli="FI" nimi="koodistoo4" version="0" koodistoversio_id="-492" kuvaus="koodistoo4kuvaus"/>
  <koodistometadata id="-496" kieli="FI" nimi="koodistoo5" version="0" koodistoversio_id="-493" kuvaus="koodistoo5kuvaus"/>
  <koodistometadata id="-497" kieli="FI" nimi="koodistoo6" version="0" koodistoversio_id="-494" kuvaus="koodistoo6kuvaus"/>
  <koodistometadata id="-498" kieli="FI" nimi="koodistoo6" version="0" koodistoversio_id="-495" kuvaus="koodistoo6kuvaus"/>
  <koodistometadata id="-499" kieli="FI" nimi="koodistoo7" version="0" koodistoversio_id="-496" kuvaus="koodistoo7kuvaus"/>
  <koodistometadata id="-500" kieli="FI" nimi="koodistoo8" version="0" koodistoversio_id="-497" kuvaus="koodistoo8kuvaus"/>
  <koodistometadata id="-501" kieli="FI" nimi="koodistoo8" version="0" koodistoversio_id="-498" kuvaus="koodistoo8kuvaus"/>
  <koodistometadata id="-502" kieli="FI" nimi="koodistoo8" version="0" koodistoversio_id="-499" kuvaus="koodistoo8kuvaus"/>
  <koodistometadata id="-503" kieli="FI" nimi="koodistoo9" version="0" koodistoversio_id="-500" kuvaus="koodistoo9kuvaus"/>
  <koodistometadata id="-504" kieli="FI" nimi="koodistoo10" version="0" koodistoversio_id="-501" kuvaus="koodistoo10kuvaus"/>
  <koodistometadata id="-505" kieli="FI" nimi="koodistoo11" version="0" koodistoversio_id="-502" kuvaus="koodistoo11kuvaus"/>
  <koodistometadata id="-506" kieli="FI" nimi="koodistoo12" version="0" koodistoversio_id="-503" kuvaus="koodistoo12kuvaus"/>
  <koodistometadata id="-507" kieli="FI" nimi="koodistoo13" version="0" koodistoversio_id="-504" kuvaus="koodistoo13kuvaus"/>
  <koodistometadata id="-508" kieli="FI" nimi="koodistoo14" version="0" koodistoversio_id="-505" kuvaus="koodistoo14kuvaus"/>
  <koodistometadata id="-509" kieli="FI" nimi="koodistoo15" version="0" koodistoversio_id="-506" kuvaus="koodistoo15kuvaus"/>
  <koodistometadata id="-510" kieli="FI" nimi="koodistoo15" version="0" koodistoversio_id="-507" kuvaus="koodistoo15kuvaus"/>
  <koodistometadata id="-511" kieli="FI" nimi="koodistoo16" version="0" koodistoversio_id="-508" kuvaus="koodistoo16kuvaus"/>
  <koodistometadata id="-512" kieli="FI" nimi="koodistoo17" version="0" koodistoversio_id="-509" kuvaus="koodistoo17kuvaus"/>
  <koodistometadata id="-513" kieli="FI" nimi="koodistoo17" version="0" koodistoversio_id="-510" kuvaus="koodistoo17kuvaus"/>
  <koodistometadata id="-514" kieli="FI" nimi="koodistoo18" version="0" koodistoversio_id="-511" kuvaus="koodistoo18kuvaus"/>
  <koodistometadata id="-515" kieli="FI" nimi="koodistoo19" version="0" koodistoversio_id="-512" kuvaus="koodistoo19kuvaus"/>
  <koodistometadata id="-516" kieli="FI" nimi="koodistoo20" version="0" koodistoversio_id="-513" kuvaus="koodistoo20kuvaus"/>
  <koodistometadata id="-517" kieli="FI" nimi="koodistoo21" version="0" koodistoversio_id="-514" kuvaus="koodistoo21kuvaus"/>
  <koodistometadata id="-518" kieli="FI" nimi="koodistoo22" version="0" koodistoversio_id="-515" kuvaus="koodistoo22kuvaus"/>
  <koodistometadata id="-519" kieli="FI" nimi="koodisiirtyy" version="0" koodistoversio_id="-600" kuvaus="koodi siirtyy"/>
  <koodistometadata id="-520" kieli="FI" nimi="koodinsuhde" version="0" koodistoversio_id="-601" kuvaus="koodin suhde"/>
  <koodistometadata id="-521" kieli="FI" nimi="koodinsuhde2" version="0" koodistoversio_id="-602" kuvaus="koodin suhde"/>
  <koodistometadata id="-522" kieli="FI" nimi="tarkasteltava" version="0" koodistoversio_id="-700" kuvaus="tarkasteltava"/>
  <koodistometadata id="-523" kieli="FI" nimi="tuoreimmassaeisuhdetta" version="0" koodistoversio_id="-701" kuvaus="tuoreimmassa ei suhdetta"/>
  <koodistometadata id="-524" kieli="FI" nimi="tuoreimmassaeisuhdetta" version="0" koodistoversio_id="-702" kuvaus="tuoreimmassa ei suhdetta"/>
  <koodistometadata id="-525" kieli="FI" nimi="suhdetuoreimmassa" version="0" koodistoversio_id="-703" kuvaus="suhdetuoreimmassa"/>
  <koodistometadata id="-526" kieli="FI" nimi="tarkasteltava" version="0" koodistoversio_id="-704" kuvaus="tarkasteltava"/>
  <koodistometadata id="-527" kieli="FI" nimi="wanhakoodinsuhdeeisiirry" version="0" koodistoversio_id="-800" kuvaus="Wanha suhde ei siirry"/>
  <koodistometadata id="-528" kieli="FI" nimi="wanhakoodinsuhdeeisiirry" version="0" koodistoversio_id="-801" kuvaus="Wanha suhde ei siirry"/>
  <koodistometadata id="-529" kieli="FI" nimi="wanhakoodinsuhdeeisiirry" version="0" koodistoversio_id="-802" kuvaus="Wanha suhde ei siirry"/>
  <koodistometadata id="-530" kieli="FI" nimi="wanhakoodinsuhdeeisiirry" version="0" koodistoversio_id="-803" kuvaus="Wanha suhde ei siirry2"/>
  <koodistometadata id="-531" kieli="FI" nimi="wanhakoodinsuhdeeisiirry" version="0" koodistoversio_id="-804" kuvaus="Wanha suhde ei siirry2"/>
  <koodistometadata id="-532" kieli="FI" nimi="wanhakoodinsuhdeeisiirry" version="0" koodistoversio_id="-805" kuvaus="Wanha suhde ei siirry2"/>
  <koodistometadata id="-800" kieli="FI" nimi="koodistonSaveTestiKoodisto0" version="0" koodistoversio_id="-900" kuvaus="Luodaan tälle relaatio 1:een, 2:een ja 3:een ja poistetaan olemassaolevat relaatiot 4,5,6 ja 7"/>
  <koodistometadata id="-801" kieli="FI" nimi="koodistonSaveTestiKoodisto1" version="0" koodistoversio_id="-901" kuvaus="Luodaan tälle sisältyy relaatio 0:aan"/>
  <koodistometadata id="-802" kieli="FI" nimi="koodistonSaveTestiKoodisto2" version="0" koodistoversio_id="-902" kuvaus="Luodaan tälle sisältää relaatio 0:aan"/>
  <koodistometadata id="-803" kieli="FI" nimi="koodistonSaveTestiKoodisto3" version="0" koodistoversio_id="-903" kuvaus="Luodaan tälle rinnastuu relaatio 0:aan"/>
  <koodistometadata id="-804" kieli="FI" nimi="koodistonSaveTestiKoodisto4" version="0" koodistoversio_id="-904" kuvaus="Poistetaan tältä relaatio 0:aan"/>
  <koodistometadata id="-805" kieli="FI" nimi="koodistonSaveTestiKoodisto5" version="0" koodistoversio_id="-905" kuvaus="Poistetaan tältä relaatio 0:aan"/>
  <koodistometadata id="-806" kieli="FI" nimi="koodistonSaveTestiKoodisto6" version="0" koodistoversio_id="-906" kuvaus="Poistetaan tältä relaatio 0:aan"/>
  <koodistometadata id="-807" kieli="FI" nimi="koodistonSaveTestiKoodisto7" version="0" koodistoversio_id="-907" kuvaus="Poistetaan tältä relaatio 0:aan"/>
  <koodistometadata id="-910" kieli="FI" nimi="RelaatioItseensä" version="0" koodistoversio_id="-910" kuvaus="Tällä on Hyväksytty relaatio itseensä"/>
  <koodistometadata id="-911" kieli="FI" nimi="suhdepassivoidaan" version="0" koodistoversio_id="-806" kuvaus="Tämän suhde passivoidaan seuraavan version hyväksynnän yhteydessä"/>
  <koodistometadata id="-912" kieli="FI" nimi="muutetaanaktiiviseksi" version="0" koodistoversio_id="-807" kuvaus="Tämä hyväksytään"/>
  <koodistometadata id="-913" kieli="FI" nimi="sisaltyy" version="0" koodistoversio_id="-808" kuvaus="sisaltyy"/>
  <koodistometadata id="-914" kieli="FI" nimi="passiivinensuhdeeikopioidu" version="0" koodistoversio_id="-911" kuvaus="Passiivinen koodistonsuhde ei kopioidu uuteen versioon"/>
  <koodistometadata id="-915" kieli="FI" nimi="RelaatioItseensäRinnasteinen" version="0" koodistoversio_id="-912" kuvaus="Tällä on Hyväksytty relaatio itseensä"/>
  <koodistometadata id="-1000" kieli="FI" nimi="WanhaSuhdeAktivoituu" version="0" koodistoversio_id="-1000" kuvaus="Vanha suhde aktivoituu poiston yhteydessä"/>
  <koodistometadata id="-1001" kieli="FI" nimi="Tämäpoistetaan" version="0" koodistoversio_id="-1001" kuvaus="Tämä versio poistetaan"/>
  <koodistometadata id="-1002" kieli="FI" nimi="Tonnillawanhasuhdetähän" version="0" koodistoversio_id="-1002" kuvaus="Tällä on passiivinen suhde tonnin kanssa"/>

  <koodistoversio_koodiversio id="-1" version="0" koodistoversio_id="-1" koodiversio_id="-3"/>
  <koodistoversio_koodiversio id="-2" version="0" koodistoversio_id="-1" koodiversio_id="-5"/>
  <koodistoversio_koodiversio id="-3" version="0" koodistoversio_id="-1" koodiversio_id="-7"/>
  <koodistoversio_koodiversio id="-4" version="0" koodistoversio_id="-1" koodiversio_id="-9"/>
  <koodistoversio_koodiversio id="-5" version="0" koodistoversio_id="-1" koodiversio_id="-11"/>
  <koodistoversio_koodiversio id="-6" version="0" koodistoversio_id="-1" koodiversio_id="-13"/>
  <koodistoversio_koodiversio id="-7" version="0" koodistoversio_id="-1" koodiversio_id="-15"/>
  <koodistoversio_koodiversio id="-8" version="0" koodistoversio_id="-1" koodiversio_id="-17"/>
  <koodistoversio_koodiversio id="-9" version="0" koodistoversio_id="-1" koodiversio_id="-19"/>
  <koodistoversio_koodiversio id="-10" version="0" koodistoversio_id="-1" koodiversio_id="-21"/>
  <koodistoversio_koodiversio id="-11" version="0" koodistoversio_id="-1" koodiversio_id="-23"/>
  <koodistoversio_koodiversio id="-12" version="0" koodistoversio_id="-1" koodiversio_id="-25"/>
  <koodistoversio_koodiversio id="-13" version="0" koodistoversio_id="-1" koodiversio_id="-27"/>
  <koodistoversio_koodiversio id="-14" version="0" koodistoversio_id="-1" koodiversio_id="-29"/>
  <koodistoversio_koodiversio id="-15" version="0" koodistoversio_id="-1" koodiversio_id="-31"/>
  <koodistoversio_koodiversio id="-16" version="0" koodistoversio_id="-1" koodiversio_id="-33"/>
  <koodistoversio_koodiversio id="-17" version="0" koodistoversio_id="-1" koodiversio_id="-35"/>
  <koodistoversio_koodiversio id="-18" version="0" koodistoversio_id="-1" koodiversio_id="-37"/>
  <koodistoversio_koodiversio id="-19" version="0" koodistoversio_id="-1" koodiversio_id="-39"/>
  <koodistoversio_koodiversio id="-20" version="0" koodistoversio_id="-1" koodiversio_id="-41"/>
  <koodistoversio_koodiversio id="-21" version="0" koodistoversio_id="-1" koodiversio_id="-43"/>
  <koodistoversio_koodiversio id="-22" version="0" koodistoversio_id="-1" koodiversio_id="-45"/>
  <koodistoversio_koodiversio id="-23" version="0" koodistoversio_id="-1" koodiversio_id="-47"/>
  <koodistoversio_koodiversio id="-24" version="0" koodistoversio_id="-1" koodiversio_id="-49"/>
  <koodistoversio_koodiversio id="-25" version="0" koodistoversio_id="-1" koodiversio_id="-51"/>
  <koodistoversio_koodiversio id="-26" version="0" koodistoversio_id="-1" koodiversio_id="-53"/>
  <koodistoversio_koodiversio id="-27" version="0" koodistoversio_id="-1" koodiversio_id="-55"/>
  <koodistoversio_koodiversio id="-28" version="0" koodistoversio_id="-1" koodiversio_id="-57"/>
  <koodistoversio_koodiversio id="-29" version="0" koodistoversio_id="-1" koodiversio_id="-59"/>
  <koodistoversio_koodiversio id="-30" version="0" koodistoversio_id="-1" koodiversio_id="-61"/>
  <koodistoversio_koodiversio id="-31" version="0" koodistoversio_id="-1" koodiversio_id="-63"/>
  <koodistoversio_koodiversio id="-32" version="0" koodistoversio_id="-1" koodiversio_id="-65"/>
  <koodistoversio_koodiversio id="-33" version="0" koodistoversio_id="-1" koodiversio_id="-67"/>
  <koodistoversio_koodiversio id="-34" version="0" koodistoversio_id="-1" koodiversio_id="-69"/>
  <koodistoversio_koodiversio id="-35" version="0" koodistoversio_id="-1" koodiversio_id="-71"/>
  <koodistoversio_koodiversio id="-36" version="0" koodistoversio_id="-1" koodiversio_id="-73"/>
  <koodistoversio_koodiversio id="-37" version="0" koodistoversio_id="-1" koodiversio_id="-75"/>
  <koodistoversio_koodiversio id="-38" version="0" koodistoversio_id="-1" koodiversio_id="-77"/>
  <koodistoversio_koodiversio id="-39" version="0" koodistoversio_id="-1" koodiversio_id="-79"/>
  <koodistoversio_koodiversio id="-40" version="0" koodistoversio_id="-1" koodiversio_id="-81"/>
  <koodistoversio_koodiversio id="-41" version="0" koodistoversio_id="-1" koodiversio_id="-83"/>
  <koodistoversio_koodiversio id="-42" version="0" koodistoversio_id="-1" koodiversio_id="-85"/>
  <koodistoversio_koodiversio id="-43" version="0" koodistoversio_id="-1" koodiversio_id="-87"/>
  <koodistoversio_koodiversio id="-44" version="0" koodistoversio_id="-1" koodiversio_id="-89"/>
  <koodistoversio_koodiversio id="-45" version="0" koodistoversio_id="-1" koodiversio_id="-91"/>
  <koodistoversio_koodiversio id="-46" version="0" koodistoversio_id="-1" koodiversio_id="-93"/>
  <koodistoversio_koodiversio id="-47" version="0" koodistoversio_id="-1" koodiversio_id="-95"/>
  <koodistoversio_koodiversio id="-48" version="0" koodistoversio_id="-1" koodiversio_id="-97"/>
  <koodistoversio_koodiversio id="-49" version="0" koodistoversio_id="-1" koodiversio_id="-99"/>
  <koodistoversio_koodiversio id="-50" version="0" koodistoversio_id="-1" koodiversio_id="-101"/>
  <koodistoversio_koodiversio id="-51" version="0" koodistoversio_id="-1" koodiversio_id="-103"/>
  <koodistoversio_koodiversio id="-52" version="0" koodistoversio_id="-1" koodiversio_id="-105"/>
  <koodistoversio_koodiversio id="-53" version="0" koodistoversio_id="-1" koodiversio_id="-107"/>
  <koodistoversio_koodiversio id="-54" version="0" koodistoversio_id="-1" koodiversio_id="-109"/>
  <koodistoversio_koodiversio id="-55" version="0" koodistoversio_id="-1" koodiversio_id="-111"/>
  <koodistoversio_koodiversio id="-56" version="0" koodistoversio_id="-1" koodiversio_id="-113"/>
  <koodistoversio_koodiversio id="-57" version="0" koodistoversio_id="-1" koodiversio_id="-115"/>
  <koodistoversio_koodiversio id="-58" version="0" koodistoversio_id="-1" koodiversio_id="-117"/>
  <koodistoversio_koodiversio id="-59" version="0" koodistoversio_id="-1" koodiversio_id="-119"/>
  <koodistoversio_koodiversio id="-60" version="0" koodistoversio_id="-1" koodiversio_id="-121"/>
  <koodistoversio_koodiversio id="-61" version="0" koodistoversio_id="-1" koodiversio_id="-123"/>
  <koodistoversio_koodiversio id="-62" version="0" koodistoversio_id="-1" koodiversio_id="-125"/>
  <koodistoversio_koodiversio id="-63" version="0" koodistoversio_id="-1" koodiversio_id="-127"/>
  <koodistoversio_koodiversio id="-64" version="0" koodistoversio_id="-1" koodiversio_id="-129"/>
  <koodistoversio_koodiversio id="-65" version="0" koodistoversio_id="-1" koodiversio_id="-131"/>
  <koodistoversio_koodiversio id="-66" version="0" koodistoversio_id="-1" koodiversio_id="-133"/>
  <koodistoversio_koodiversio id="-67" version="0" koodistoversio_id="-1" koodiversio_id="-135"/>
  <koodistoversio_koodiversio id="-68" version="0" koodistoversio_id="-1" koodiversio_id="-137"/>
  <koodistoversio_koodiversio id="-69" version="0" koodistoversio_id="-1" koodiversio_id="-139"/>
  <koodistoversio_koodiversio id="-70" version="0" koodistoversio_id="-1" koodiversio_id="-141"/>
  <koodistoversio_koodiversio id="-71" version="0" koodistoversio_id="-1" koodiversio_id="-143"/>
  <koodistoversio_koodiversio id="-72" version="0" koodistoversio_id="-1" koodiversio_id="-145"/>
  <koodistoversio_koodiversio id="-73" version="0" koodistoversio_id="-1" koodiversio_id="-147"/>
  <koodistoversio_koodiversio id="-74" version="0" koodistoversio_id="-1" koodiversio_id="-149"/>
  <koodistoversio_koodiversio id="-75" version="0" koodistoversio_id="-1" koodiversio_id="-151"/>
  <koodistoversio_koodiversio id="-76" version="0" koodistoversio_id="-1" koodiversio_id="-153"/>
  <koodistoversio_koodiversio id="-77" version="0" koodistoversio_id="-1" koodiversio_id="-155"/>
  <koodistoversio_koodiversio id="-78" version="0" koodistoversio_id="-1" koodiversio_id="-157"/>
  <koodistoversio_koodiversio id="-79" version="0" koodistoversio_id="-1" koodiversio_id="-159"/>
  <koodistoversio_koodiversio id="-80" version="0" koodistoversio_id="-1" koodiversio_id="-161"/>
  <koodistoversio_koodiversio id="-81" version="0" koodistoversio_id="-1" koodiversio_id="-163"/>
  <koodistoversio_koodiversio id="-82" version="0" koodistoversio_id="-1" koodiversio_id="-165"/>
  <koodistoversio_koodiversio id="-83" version="0" koodistoversio_id="-1" koodiversio_id="-167"/>
  <koodistoversio_koodiversio id="-84" version="0" koodistoversio_id="-1" koodiversio_id="-169"/>
  <koodistoversio_koodiversio id="-85" version="0" koodistoversio_id="-1" koodiversio_id="-171"/>
  <koodistoversio_koodiversio id="-86" version="0" koodistoversio_id="-1" koodiversio_id="-173"/>
  <koodistoversio_koodiversio id="-87" version="0" koodistoversio_id="-1" koodiversio_id="-175"/>
  <koodistoversio_koodiversio id="-88" version="0" koodistoversio_id="-1" koodiversio_id="-177"/>
  <koodistoversio_koodiversio id="-89" version="0" koodistoversio_id="-1" koodiversio_id="-179"/>
  <koodistoversio_koodiversio id="-90" version="0" koodistoversio_id="-1" koodiversio_id="-181"/>
  <koodistoversio_koodiversio id="-91" version="0" koodistoversio_id="-1" koodiversio_id="-183"/>
  <koodistoversio_koodiversio id="-92" version="0" koodistoversio_id="-1" koodiversio_id="-185"/>
  <koodistoversio_koodiversio id="-93" version="0" koodistoversio_id="-1" koodiversio_id="-187"/>
  <koodistoversio_koodiversio id="-94" version="0" koodistoversio_id="-1" koodiversio_id="-189"/>
  <koodistoversio_koodiversio id="-95" version="0" koodistoversio_id="-1" koodiversio_id="-191"/>
  <koodistoversio_koodiversio id="-96" version="0" koodistoversio_id="-1" koodiversio_id="-193"/>
  <koodistoversio_koodiversio id="-97" version="0" koodistoversio_id="-1" koodiversio_id="-195"/>
  <koodistoversio_koodiversio id="-98" version="0" koodistoversio_id="-1" koodiversio_id="-197"/>
  <koodistoversio_koodiversio id="-99" version="0" koodistoversio_id="-1" koodiversio_id="-199"/>
  <koodistoversio_koodiversio id="-100" version="0" koodistoversio_id="-1" koodiversio_id="-201"/>
  <koodistoversio_koodiversio id="-101" version="0" koodistoversio_id="-303" koodiversio_id="-305"/>
  <koodistoversio_koodiversio id="-102" version="0" koodistoversio_id="-303" koodiversio_id="-307"/>
  <koodistoversio_koodiversio id="-103" version="0" koodistoversio_id="-303" koodiversio_id="-309"/>
  <koodistoversio_koodiversio id="-104" version="0" koodistoversio_id="-303" koodiversio_id="-311"/>
  <koodistoversio_koodiversio id="-105" version="0" koodistoversio_id="-303" koodiversio_id="-313"/>
  <koodistoversio_koodiversio id="-106" version="0" koodistoversio_id="-303" koodiversio_id="-315"/>
  <koodistoversio_koodiversio id="-107" version="0" koodistoversio_id="-303" koodiversio_id="-317"/>
  <koodistoversio_koodiversio id="-108" version="0" koodistoversio_id="-303" koodiversio_id="-319"/>
  <koodistoversio_koodiversio id="-109" version="0" koodistoversio_id="-303" koodiversio_id="-321"/>
  <koodistoversio_koodiversio id="-110" version="0" koodistoversio_id="-303" koodiversio_id="-323"/>
  <koodistoversio_koodiversio id="-111" version="0" koodistoversio_id="-303" koodiversio_id="-325"/>
  <koodistoversio_koodiversio id="-112" version="0" koodistoversio_id="-303" koodiversio_id="-327"/>
  <koodistoversio_koodiversio id="-113" version="0" koodistoversio_id="-303" koodiversio_id="-329"/>
  <koodistoversio_koodiversio id="-114" version="0" koodistoversio_id="-303" koodiversio_id="-331"/>
  <koodistoversio_koodiversio id="-115" version="0" koodistoversio_id="-303" koodiversio_id="-333"/>
  <koodistoversio_koodiversio id="-116" version="0" koodistoversio_id="-303" koodiversio_id="-335"/>
  <koodistoversio_koodiversio id="-117" version="0" koodistoversio_id="-303" koodiversio_id="-337"/>
  <koodistoversio_koodiversio id="-118" version="0" koodistoversio_id="-303" koodiversio_id="-339"/>
  <koodistoversio_koodiversio id="-119" version="0" koodistoversio_id="-303" koodiversio_id="-341"/>
  <koodistoversio_koodiversio id="-120" version="0" koodistoversio_id="-303" koodiversio_id="-343"/>
  <koodistoversio_koodiversio id="-121" version="0" koodistoversio_id="-365" koodiversio_id="-367"/>
  <koodistoversio_koodiversio id="-122" version="0" koodistoversio_id="-365" koodiversio_id="-369"/>
  <koodistoversio_koodiversio id="-123" version="0" koodistoversio_id="-365" koodiversio_id="-371"/>
  <koodistoversio_koodiversio id="-124" version="0" koodistoversio_id="-365" koodiversio_id="-373"/>
  <koodistoversio_koodiversio id="-125" version="0" koodistoversio_id="-365" koodiversio_id="-375"/>
  <koodistoversio_koodiversio id="-126" version="0" koodistoversio_id="-365" koodiversio_id="-377"/>
  <koodistoversio_koodiversio id="-127" version="0" koodistoversio_id="-365" koodiversio_id="-379"/>
  <koodistoversio_koodiversio id="-128" version="0" koodistoversio_id="-365" koodiversio_id="-381"/>
  <koodistoversio_koodiversio id="-129" version="0" koodistoversio_id="-399" koodiversio_id="-410"/>
  <koodistoversio_koodiversio id="-130" version="0" koodistoversio_id="-423" koodiversio_id="-411"/>
  <koodistoversio_koodiversio id="-131" version="0" koodistoversio_id="-400" koodiversio_id="-412"/>
  <koodistoversio_koodiversio id="-135" version="0" koodistoversio_id="-431" koodiversio_id="-440"/>
  <koodistoversio_koodiversio id="-136" version="0" koodistoversio_id="-431" koodiversio_id="-453"/>
  <koodistoversio_koodiversio id="-137" version="0" koodistoversio_id="-481" koodiversio_id="-447"/>
  <koodistoversio_koodiversio id="-138" version="0" koodistoversio_id="-481" koodiversio_id="-458"/>
  <koodistoversio_koodiversio id="-139" version="0" koodistoversio_id="-482" koodiversio_id="-459"/>
  <koodistoversio_koodiversio id="-140" version="0" koodistoversio_id="-488" koodiversio_id="-460"/>
  <koodistoversio_koodiversio id="-141" version="0" koodistoversio_id="-489" koodiversio_id="-461"/>
  <koodistoversio_koodiversio id="-142" version="0" koodistoversio_id="-489" koodiversio_id="-462"/>
  <koodistoversio_koodiversio id="-143" version="0" koodistoversio_id="-489" koodiversio_id="-463"/>
  <koodistoversio_koodiversio id="-144" version="0" koodistoversio_id="-490" koodiversio_id="-464"/>
  <koodistoversio_koodiversio id="-145" version="0" koodistoversio_id="-490" koodiversio_id="-465"/>
  <koodistoversio_koodiversio id="-146" version="0" koodistoversio_id="-490" koodiversio_id="-466"/>
  <koodistoversio_koodiversio id="-147" version="0" koodistoversio_id="-491" koodiversio_id="-467"/>
  <koodistoversio_koodiversio id="-148" version="0" koodistoversio_id="-491" koodiversio_id="-468"/>
  <koodistoversio_koodiversio id="-149" version="0" koodistoversio_id="-491" koodiversio_id="-469"/>
  <koodistoversio_koodiversio id="-150" version="0" koodistoversio_id="-492" koodiversio_id="-470"/>
  <koodistoversio_koodiversio id="-151" version="0" koodistoversio_id="-492" koodiversio_id="-471"/>
  <koodistoversio_koodiversio id="-152" version="0" koodistoversio_id="-492" koodiversio_id="-472"/>
  <koodistoversio_koodiversio id="-153" version="0" koodistoversio_id="-493" koodiversio_id="-473"/>
  <koodistoversio_koodiversio id="-154" version="0" koodistoversio_id="-493" koodiversio_id="-474"/>
  <koodistoversio_koodiversio id="-155" version="0" koodistoversio_id="-493" koodiversio_id="-475"/>
  <koodistoversio_koodiversio id="-156" version="0" koodistoversio_id="-494" koodiversio_id="-476"/>
  <koodistoversio_koodiversio id="-157" version="0" koodistoversio_id="-495" koodiversio_id="-477"/>
  <koodistoversio_koodiversio id="-158" version="0" koodistoversio_id="-497" koodiversio_id="-478"/>
  <koodistoversio_koodiversio id="-159" version="0" koodistoversio_id="-498" koodiversio_id="-479"/>
  <koodistoversio_koodiversio id="-160" version="0" koodistoversio_id="-499" koodiversio_id="-480"/>
  <koodistoversio_koodiversio id="-161" version="0" koodistoversio_id="-500" koodiversio_id="-481"/>
  <koodistoversio_koodiversio id="-162" version="0" koodistoversio_id="-500" koodiversio_id="-482"/>
  <koodistoversio_koodiversio id="-163" version="0" koodistoversio_id="-501" koodiversio_id="-483"/>
  <koodistoversio_koodiversio id="-164" version="0" koodistoversio_id="-501" koodiversio_id="-484"/>
  <koodistoversio_koodiversio id="-165" version="0" koodistoversio_id="-502" koodiversio_id="-485"/>
  <koodistoversio_koodiversio id="-166" version="0" koodistoversio_id="-503" koodiversio_id="-486"/>
  <koodistoversio_koodiversio id="-167" version="0" koodistoversio_id="-504" koodiversio_id="-487"/>
  <koodistoversio_koodiversio id="-168" version="0" koodistoversio_id="-503" koodiversio_id="-488"/>
  <koodistoversio_koodiversio id="-169" version="0" koodistoversio_id="-504" koodiversio_id="-489"/>
  <koodistoversio_koodiversio id="-170" version="0" koodistoversio_id="-505" koodiversio_id="-490"/>
  <koodistoversio_koodiversio id="-171" version="0" koodistoversio_id="-505" koodiversio_id="-491"/>
  <koodistoversio_koodiversio id="-172" version="0" koodistoversio_id="-504" koodiversio_id="-492"/>
  <koodistoversio_koodiversio id="-173" version="0" koodistoversio_id="-503" koodiversio_id="-493"/>
  <koodistoversio_koodiversio id="-174" version="0" koodistoversio_id="-504" koodiversio_id="-494"/>
  <koodistoversio_koodiversio id="-175" version="0" koodistoversio_id="-506" koodiversio_id="-495"/>
  <koodistoversio_koodiversio id="-176" version="0" koodistoversio_id="-509" koodiversio_id="-496"/>
  <koodistoversio_koodiversio id="-177" version="0" koodistoversio_id="-510" koodiversio_id="-497"/>
  <koodistoversio_koodiversio id="-178" version="0" koodistoversio_id="-510" koodiversio_id="-498"/>
  <koodistoversio_koodiversio id="-179" version="0" koodistoversio_id="-511" koodiversio_id="-499"/>
  <koodistoversio_koodiversio id="-180" version="0" koodistoversio_id="-511" koodiversio_id="-500"/>
  <koodistoversio_koodiversio id="-181" version="0" koodistoversio_id="-512" koodiversio_id="-501"/>
  <koodistoversio_koodiversio id="-182" version="0" koodistoversio_id="-513" koodiversio_id="-503"/>
  <koodistoversio_koodiversio id="-183" version="0" koodistoversio_id="-514" koodiversio_id="-504"/>
  <koodistoversio_koodiversio id="-184" version="0" koodistoversio_id="-515" koodiversio_id="-505"/>
  <koodistoversio_koodiversio id="-185" version="0" koodistoversio_id="-513" koodiversio_id="-506"/>
  <koodistoversio_koodiversio id="-600" version="0" koodistoversio_id="-600" koodiversio_id="-600"/>
  <koodistoversio_koodiversio id="-700" version="0" koodistoversio_id="-800" koodiversio_id="-700"/>
  <koodistoversio_koodiversio id="-701" version="0" koodistoversio_id="-801" koodiversio_id="-701"/>
  <koodistoversio_koodiversio id="-702" version="0" koodistoversio_id="-802" koodiversio_id="-702"/>
  <koodistoversio_koodiversio id="-703" version="0" koodistoversio_id="-803" koodiversio_id="-703"/>
  <koodistoversio_koodiversio id="-704" version="0" koodistoversio_id="-804" koodiversio_id="-704"/>
  <koodistoversio_koodiversio id="-705" version="0" koodistoversio_id="-805" koodiversio_id="-705"/>
  <koodistoversio_koodiversio id="-706" version="0" koodistoversio_id="-806" koodiversio_id="-706"/>
  <koodistoversio_koodiversio id="-707" version="0" koodistoversio_id="-807" koodiversio_id="-707"/>
  <koodistoversio_koodiversio id="-708" version="0" koodistoversio_id="-808" koodiversio_id="-708"/>
  <koodistoversio_koodiversio id="-709" version="0" koodistoversio_id="-911" koodiversio_id="-709"/>
  <koodistoversio_koodiversio id="-1000" version="0" koodistoversio_id="-1000" koodiversio_id="-1000"/>
  <koodistoversio_koodiversio id="-1001" version="0" koodistoversio_id="-1001" koodiversio_id="-1001"/>
  <koodistoversio_koodiversio id="-1002" version="0" koodistoversio_id="-1002" koodiversio_id="-1002"/>

  <koodistoryhma id="-1" koodistoryhmauri="foobarrr" version="0"/>
  <koodistoryhma id="-2" koodistoryhmauri="baafoorrr" version="0"/>
  <koodistoryhma id="-407" koodistoryhmauri="testikoodistoryhma" version="0"/>
  <koodistoryhma id="-426" koodistoryhmauri="http://paljon_versioita.fi" version="0"/>
  <koodistoryhma_koodisto koodistoryhma_id="-1" koodisto_id="-1"/>
  <koodistoryhma_koodisto koodistoryhma_id="-2" koodisto_id="-303"/>
  <koodistoryhma_koodisto koodistoryhma_id="-2" koodisto_id="-365"/>
  <koodistoryhma_koodisto koodistoryhma_id="-407" koodisto_id="-399"/>
  <koodistoryhma_koodisto koodistoryhma_id="-407" koodisto_id="-422"/>
  <koodistoryhma_koodisto koodistoryhma_id="-426" koodisto_id="-430"/>
  <koodistoryhma_koodisto koodistoryhma_id="-426" koodisto_id="-431"/>
  <koodistoryhma_koodisto koodistoryhma_id="-426" koodisto_id="-432"/>
  <koodistoryhma_koodisto koodistoryhma_id="-426" koodisto_id="-433"/>
  <koodistoryhma_koodisto koodistoryhma_id="-426" koodisto_id="-434"/>
  <koodistoryhma_koodisto koodistoryhma_id="-426" koodisto_id="-435"/>
  <koodistoryhma_koodisto koodistoryhma_id="-426" koodisto_id="-436"/>
  <koodistoryhma_koodisto koodistoryhma_id="-426" koodisto_id="-437"/>
  <koodistoryhma_koodisto koodistoryhma_id="-426" koodisto_id="-438"/>
  <koodistoryhma_koodisto koodistoryhma_id="-426" koodisto_id="-439"/>
  <koodistoryhma_koodisto koodistoryhma_id="-426" koodisto_id="-440"/>
  <koodistoryhma_koodisto koodistoryhma_id="-426" koodisto_id="-441"/>
  <koodistoryhma_koodisto koodistoryhma_id="-426" koodisto_id="-442"/>
  <koodistoryhma_koodisto koodistoryhma_id="-426" koodisto_id="-443"/>
  <koodistoryhma_koodisto koodistoryhma_id="-426" koodisto_id="-444"/>
  <koodistoryhma_koodisto koodistoryhma_id="-426" koodisto_id="-445"/>
  <koodistoryhma_koodisto koodistoryhma_id="-426" koodisto_id="-446"/>
  <koodistoryhma_koodisto koodistoryhma_id="-426" koodisto_id="-447"/>
  <koodistoryhma_koodisto koodistoryhma_id="-426" koodisto_id="-448"/>
  <koodistoryhma_koodisto koodistoryhma_id="-426" koodisto_id="-449"/>
  <koodistoryhma_koodisto koodistoryhma_id="-426" koodisto_id="-450"/>
  <koodistoryhma_koodisto koodistoryhma_id="-426" koodisto_id="-451"/>
  <koodistoryhma_koodisto koodistoryhma_id="-426" koodisto_id="-452"/>
  <koodistoryhma_koodisto koodistoryhma_id="-426" koodisto_id="-500"/>
  <koodistoryhma_koodisto koodistoryhma_id="-426" koodisto_id="-501"/>
  <koodistoryhma_koodisto koodistoryhma_id="-426" koodisto_id="-502"/>
  <koodistoryhma_koodisto koodistoryhma_id="-426" koodisto_id="-809"/>
  <koodistoryhma_koodisto koodistoryhma_id="-426" koodisto_id="-810"/>
  <koodistoryhma_koodisto koodistoryhma_id="-426" koodisto_id="-811"/>
  <koodistoryhma_koodisto koodistoryhma_id="-426" koodisto_id="-1000"/>
  <koodistoryhma_koodisto koodistoryhma_id="-426" koodisto_id="-1001"/>
  <koodistoryhmametadata id="-1" koodistoryhma_id="-1" kieli="FI" nimi="nimi1" version="0"/>
  <koodistoryhmametadata id="-2" koodistoryhma_id="-1" kieli="SV" nimi="namn1" version="0"/>
  <koodistoryhmametadata id="-3" koodistoryhma_id="-2" kieli="FI" nimi="nimi2" version="0"/>
  <koodistoryhmametadata id="-4" koodistoryhma_id="-2" kieli="SV" nimi="namn2" version="0"/>
  <koodistoryhmametadata id="-408" koodistoryhma_id="-407" kieli="FI" nimi="testFI" version="0"/>
  <koodistoryhmametadata id="-409" koodistoryhma_id="-407" kieli="SV" nimi="testSV" version="0"/>
  <koodistoryhmametadata id="-427" koodistoryhma_id="-426" kieli="FI" nimi="paljon versioita" version="0"/>
  <koodistoryhmametadata id="-428" koodistoryhma_id="-426" kieli="SV" nimi="mycket av versioner" version="0"/>
  <koodistoryhmametadata id="-429" koodistoryhma_id="-426" kieli="EN" nimi="lots of versions" version="0"/>

  <koodistonsuhde id="-1" alakoodistoversio_id="-400" ylakoodistoversio_id="-1" versio="1" suhteentyyppi="RINNASTEINEN" version="0" ylakoodistostapassiivinen="false" alakoodistostapassiivinen="false"/>
  <koodistonsuhde id="-2" alakoodistoversio_id="-423" ylakoodistoversio_id="-1" versio="1" suhteentyyppi="SISALTYY" version="0" ylakoodistostapassiivinen="false" alakoodistostapassiivinen="false"/>
  <koodistonsuhde id="-3" alakoodistoversio_id="-1" ylakoodistoversio_id="-483" versio="1" suhteentyyppi="RINNASTEINEN" version="0" ylakoodistostapassiivinen="false" alakoodistostapassiivinen="false"/>
  <koodistonsuhde id="-4" alakoodistoversio_id="-1" ylakoodistoversio_id="-484" versio="1" suhteentyyppi="SISALTYY" version="0" ylakoodistostapassiivinen="false" alakoodistostapassiivinen="false"/>
  <koodistonsuhde id="-5" alakoodistoversio_id="-511" ylakoodistoversio_id="-600" versio="1" suhteentyyppi="SISALTYY" version="0" ylakoodistostapassiivinen="false" alakoodistostapassiivinen="false"/>
  <koodistonsuhde id="-6" alakoodistoversio_id="-602" ylakoodistoversio_id="-601" versio="1" suhteentyyppi="SISALTYY" version="0" ylakoodistostapassiivinen="false" alakoodistostapassiivinen="false"/>

  <koodistonsuhde id="-7" alakoodistoversio_id="-701" ylakoodistoversio_id="-700" versio="1" suhteentyyppi="SISALTYY" version="0" ylakoodistostapassiivinen="false" alakoodistostapassiivinen="false"/>
  <koodistonsuhde id="-8" alakoodistoversio_id="-703" ylakoodistoversio_id="-700" versio="1" suhteentyyppi="SISALTYY" version="0" ylakoodistostapassiivinen="false" alakoodistostapassiivinen="false"/>
  <koodistonsuhde id="-9" alakoodistoversio_id="-701" ylakoodistoversio_id="-704" versio="2" suhteentyyppi="SISALTYY" version="0" ylakoodistostapassiivinen="false" alakoodistostapassiivinen="false"/>
  <koodistonsuhde id="-10" alakoodistoversio_id="-703" ylakoodistoversio_id="-704" versio="2" suhteentyyppi="SISALTYY" version="0" ylakoodistostapassiivinen="false" alakoodistostapassiivinen="false"/>
  <koodistonsuhde id="-11" alakoodistoversio_id="-800" ylakoodistoversio_id="-801" versio="1" suhteentyyppi="SISALTYY" version="0" ylakoodistostapassiivinen="false" alakoodistostapassiivinen="false"/>
  <koodistonsuhde id="-12" alakoodistoversio_id="-800" ylakoodistoversio_id="-802" versio="1" suhteentyyppi="SISALTYY" version="0" ylakoodistostapassiivinen="false" alakoodistostapassiivinen="false"/>
  <koodistonsuhde id="-13" alakoodistoversio_id="-803" ylakoodistoversio_id="-805" versio="1" suhteentyyppi="SISALTYY" version="0" ylakoodistostapassiivinen="false" alakoodistostapassiivinen="false"/>
  <koodistonsuhde id="-14" alakoodistoversio_id="-804" ylakoodistoversio_id="-805" versio="1" suhteentyyppi="SISALTYY" version="0" ylakoodistostapassiivinen="false" alakoodistostapassiivinen="false"/>

  <koodistonsuhde id="-504" alakoodistoversio_id="-505" ylakoodistoversio_id="-503" versio="1" suhteentyyppi="SISALTYY" version="0" ylakoodistostapassiivinen="false" alakoodistostapassiivinen="false"/>
  <koodistonsuhde id="-503" alakoodistoversio_id="-503" ylakoodistoversio_id="-504" versio="1" suhteentyyppi="SISALTYY" version="0" ylakoodistostapassiivinen="false" alakoodistostapassiivinen="false"/>
  <koodistonsuhde id="-505" alakoodistoversio_id="-505" ylakoodistoversio_id="-504" versio="1" suhteentyyppi="RINNASTEINEN" version="0" ylakoodistostapassiivinen="false" alakoodistostapassiivinen="false"/>

  <koodistonsuhde id="-800" alakoodistoversio_id="-900" ylakoodistoversio_id="-904" versio="1" suhteentyyppi="SISALTYY" version="0" ylakoodistostapassiivinen="false" alakoodistostapassiivinen="false"/>
  <koodistonsuhde id="-801" alakoodistoversio_id="-905" ylakoodistoversio_id="-900" versio="1" suhteentyyppi="SISALTYY" version="0" ylakoodistostapassiivinen="false" alakoodistostapassiivinen="false"/>
  <koodistonsuhde id="-802" alakoodistoversio_id="-900" ylakoodistoversio_id="-906" versio="1" suhteentyyppi="RINNASTEINEN" version="0" ylakoodistostapassiivinen="false" alakoodistostapassiivinen="false"/>
  <koodistonsuhde id="-803" alakoodistoversio_id="-907" ylakoodistoversio_id="-900" versio="1" suhteentyyppi="RINNASTEINEN" version="0" ylakoodistostapassiivinen="false" alakoodistostapassiivinen="false"/>

  <koodistonsuhde id="-910" alakoodistoversio_id="-910" ylakoodistoversio_id="-910" versio="1" suhteentyyppi="SISALTYY" version="0" ylakoodistostapassiivinen="false" alakoodistostapassiivinen="false"/>

  <koodistonsuhde id="-911" alakoodistoversio_id="-808" ylakoodistoversio_id="-806" versio="1" suhteentyyppi="SISALTYY" version="0" ylakoodistostapassiivinen="true" alakoodistostapassiivinen="false"/>
  <koodistonsuhde id="-912" alakoodistoversio_id="-808" ylakoodistoversio_id="-807" versio="2" suhteentyyppi="SISALTYY" version="0" ylakoodistostapassiivinen="false" alakoodistostapassiivinen="false"/>
  <koodistonsuhde id="-913" alakoodistoversio_id="-911" ylakoodistoversio_id="-506" versio="2" suhteentyyppi="SISALTYY" version="0" ylakoodistostapassiivinen="true" alakoodistostapassiivinen="false"/>
  <koodistonsuhde id="-914" alakoodistoversio_id="-912" ylakoodistoversio_id="-912" versio="1" suhteentyyppi="RINNASTEINEN" version="0" ylakoodistostapassiivinen="false" alakoodistostapassiivinen="false"/>

  <koodistonsuhde id="-1000" alakoodistoversio_id="-1002" ylakoodistoversio_id="-1000" versio="1" suhteentyyppi="SISALTYY" version="0" ylakoodistostapassiivinen="true" alakoodistostapassiivinen="false"/>

</dataset>