<?xml version="1.0" encoding="UTF-8"?>
<dataset>
  <koodisto id="-1" koodistouri="sisaltyysuhde2kanssa" version="0" organisaatioOid="1.2.2004.6" />
  <koodisto id="-2" koodistouri="sisaltaasuhde1kanssa" version="0" organisaatioOid="1.2.2004.6" />
  <koodisto id="-3" koodistouri="rinnasteinensuhde1kanssa" version="0" organisaatioOid="1.2.2004.6" />
  <koodisto id="-4" koodistouri="sisaltyysuhde1kanssa" version="0" organisaatioOid="1.2.2004.6" />
  <koodisto id="-5" koodistouri="sisaltaasuhde6ja7ja8kanssa" version="0" organisaatioOid="1.2.2004.6" />
  <koodisto id="-6" koodistouri="sisaltyysuhde5kanssa1" version="0" organisaatioOid="1.2.2004.6" />
  <koodisto id="-7" koodistouri="sisaltyysuhde5kanssa2" version="0" organisaatioOid="1.2.2004.6" />
  <koodisto id="-8" koodistouri="sisaltyysuhde5kanssa3" version="0" organisaatioOid="1.2.2004.6" />
  <koodisto id="-9" koodistouri="lisaarinnasteinen1" version="0" organisaatioOid="1.2.2004.6" />
  <koodisto id="-10" koodistouri="lisaarinnasteinen2" version="0" organisaatioOid="1.2.2004.6" />
  <koodisto id="-11" koodistouri="lisaasisaltyy1" version="0" organisaatioOid="1.2.2004.6" />
  <koodisto id="-12" koodistouri="lisaasisaltyy2" version="0" organisaatioOid="1.2.2004.6" />
  <koodisto id="-13" koodistouri="lisaasisaltyy3" version="0" organisaatioOid="1.2.2004.6" />
  <koodisto id="-14" koodistouri="inserttestkoodisto" version="0" organisaatioOid="1.2.2004.6" />
  <koodisto id="-15" koodistouri="updatetestkoodisto" version="0" organisaatioOid="1.2.2004.6" />
  <koodisto id="-16" koodistouri="savetestkoodisto" version="0" organisaatioOid="1.2.2004.6" />
  <koodisto id="-17" koodistouri="savetestkoodistosisaltaa" version="0" organisaatioOid="1.2.2004.6" />
  <koodisto id="-18" koodistouri="savetestkoodistorinnastuu" version="0" organisaatioOid="1.2.2004.6" />
  <koodisto id="-19" koodistouri="savetestkoodistosisaltyy" version="0" organisaatioOid="1.2.2004.6" />
  <koodisto id="-20" koodistouri="viimeisinversioonluonnos" version="0" organisaatioOid="1.2.2004.6" />
  <koodisto id="-21" koodistouri="kerranpoistetturelaatioluodaanuudelleen1" version="0" organisaatioOid="1.2.2004.6" />
  <koodisto id="-22" koodistouri="kerranpoistetturelaatioluodaanuudelleen2" version="0" organisaatioOid="1.2.2004.6" />
  <koodisto id="-23" koodistouri="koodistonsisaisetrelaatiot" version="0" organisaatioOid="1.2.2004.6" />
  
  
  <koodi id="-1" koodisto_id="-1" version="0" koodiuri="sisaltyysuhde4kanssa1"/>
  <koodi id="-2" koodisto_id="-1" version="0" koodiuri="sisaltyysuhde4kanssa2"/>
  <koodi id="-3" koodisto_id="-1" version="0" koodiuri="sisaltyysuhde4kanssa3"/>
  <koodi id="-4" koodisto_id="-2" version="0" koodiuri="sisaltaakoodisto1koodit"/>
  <koodi id="-5" koodisto_id="-3" version="0" koodiuri="rinnastuu4kanssa1"/>
  <koodi id="-6" koodisto_id="-3" version="0" koodiuri="rinnastuu4kanssa2"/>
  <koodi id="-7" koodisto_id="-3" version="0" koodiuri="rinnastuu4kanssa3"/>
  <koodi id="-8" koodisto_id="-4" version="0" koodiuri="sisaltyykoodisto1koodienkanssa"/>
  <koodi id="-9" koodisto_id="-5" version="0" koodiuri="sisaltaakoodisto6ja7ja8koodit" />
  <koodi id="-10" koodisto_id="-6" version="0" koodiuri="sisaltyysuhde9kanssa1" />
  <koodi id="-11" koodisto_id="-7" version="0" koodiuri="sisaltyysuhde9kanssa2" />
  <koodi id="-12" koodisto_id="-8" version="0" koodiuri="sisaltyysuhde9kanssa3" />
  <koodi id="-13" koodisto_id="-8" version="0" koodiuri="sisaltyysuhde9kanssa4" />
  <koodi id="-14" koodisto_id="-9" version="0" koodiuri="lisaarinnasteinen14" />
  <koodi id="-15" koodisto_id="-10" version="0" koodiuri="lisaarinnasteinen14kanssa1" />
  <koodi id="-16" koodisto_id="-10" version="0" koodiuri="lisaarinnasteinen14kanssa2" />
  <koodi id="-17" koodisto_id="-10" version="0" koodiuri="lisaarinnasteinen14kanssa3" />
  <koodi id="-18" koodisto_id="-11" version="0" koodiuri="lisaasisaltyy18" />
  <koodi id="-19" koodisto_id="-12" version="0" koodiuri="lisaasisaltyy18kanssa1" />
  <koodi id="-20" koodisto_id="-12" version="0" koodiuri="lisaasisaltyy18kanssa2" />
  <koodi id="-21" koodisto_id="-13" version="0" koodiuri="lisaasisaltyy18kanssa3" />
  <koodi id="-22" koodisto_id="-13" version="0" koodiuri="lisaasisaltyy18kanssa4" />
  <koodi id="-23" koodisto_id="-13" version="0" koodiuri="montaversiota"/>
  <koodi id="-24" koodisto_id="-13" version="0" koodiuri="tuhottavatestikoodi"/>
  <koodi id="-25" koodisto_id="-15" version="0" koodiuri="paivitettavatestikoodi"/>
  <koodi id="-26" koodisto_id="-16" version="0" koodiuri="savekoodineljallasuhteella"/>
  <koodi id="-27" koodisto_id="-17" version="0" koodiuri="savekoodinsuhde1"/>
  <koodi id="-28" koodisto_id="-18" version="0" koodiuri="savekoodinsuhde2"/>
  <koodi id="-29" koodisto_id="-18" version="0" koodiuri="savekoodinsuhde3"/>
  <koodi id="-30" koodisto_id="-19" version="0" koodiuri="savekoodinsuhde4"/>
  <koodi id="-31" koodisto_id="-17" version="0" koodiuri="uusisavekoodinsuhde1"/>
  <koodi id="-32" koodisto_id="-18" version="0" koodiuri="uusisavekoodinsuhde2"/>
  <koodi id="-33" koodisto_id="-19" version="0" koodiuri="uusisavekoodinsuhde3"/>
  <koodi id="-34" koodisto_id="-20" version="0" koodiuri="viimeinenonluonnos"/>
  <koodi id="-35" koodisto_id="-13" version="0" koodiuri="poistettu"/>
  <koodi id="-36" koodisto_id="-21" version="0" koodiuri="uusirelaatiovanhantilalle1"/>
  <koodi id="-37" koodisto_id="-22" version="0" koodiuri="uusirelaatiovanhantilalle2"/>
  <koodi id="-38" koodisto_id="-23" version="0" koodiuri="savekoodisuhteillaomaankoodistoon"/>
  <koodi id="-39" koodisto_id="-23" version="0" koodiuri="samankoodistonsisalla1"/>
  <koodi id="-40" koodisto_id="-23" version="0" koodiuri="samankoodistonsisalla2"/>
  <koodi id="-41" koodisto_id="-23" version="0" koodiuri="uusisamankoodistonsisalla1"/>
  <koodi id="-42" koodisto_id="-23" version="0" koodiuri="uusisamankoodistonsisalla2"/>
  
  <koodiversio id="-1" version="0" paivityspvm="2012-03-22" luotu="2013-01-01" tila="HYVAKSYTTY" versio="1" voimassaalkupvm="1990-01-01" koodi_id="-1" koodiarvo="ss4k1"/>
  <koodiversio id="-2" version="0" paivityspvm="2012-03-22" luotu="2013-01-01" tila="HYVAKSYTTY" versio="1" voimassaalkupvm="1990-01-01" koodi_id="-2" koodiarvo="ss4k2"/>
  <koodiversio id="-3" version="0" paivityspvm="2012-03-22" luotu="2013-01-01" tila="HYVAKSYTTY" versio="1" voimassaalkupvm="1990-01-01" koodi_id="-3" koodiarvo="ss4k3"/>
  <koodiversio id="-4" version="0" paivityspvm="2012-03-22" luotu="2013-01-01" tila="HYVAKSYTTY" versio="1" voimassaalkupvm="1990-01-01" koodi_id="-4" koodiarvo="skk"/>
  <koodiversio id="-5" version="0" paivityspvm="2012-03-22" luotu="2013-01-01" tila="HYVAKSYTTY" versio="1" voimassaalkupvm="1990-01-01" koodi_id="-5" koodiarvo="r4k1"/>
  <koodiversio id="-6" version="0" paivityspvm="2012-03-22" luotu="2013-01-01" tila="HYVAKSYTTY" versio="1" voimassaalkupvm="1990-01-01" koodi_id="-6" koodiarvo="r4k2"/>
  <koodiversio id="-7" version="0" paivityspvm="2012-03-22" luotu="2013-01-01" tila="HYVAKSYTTY" versio="1" voimassaalkupvm="1990-01-01" koodi_id="-7" koodiarvo="r4k3"/>
  <koodiversio id="-8" version="0" paivityspvm="2012-03-22" luotu="2013-01-01" tila="HYVAKSYTTY" versio="1" voimassaalkupvm="1990-01-01" koodi_id="-8" koodiarvo="sk1kk"/>
  <koodiversio id="-9" version="0" paivityspvm="2012-03-22" luotu="2013-01-01" tila="HYVAKSYTTY" versio="1" voimassaalkupvm="1990-01-01" koodi_id="-9" koodiarvo="sk678k"/>
  <koodiversio id="-10" version="0" paivityspvm="2012-03-22" luotu="2013-01-01" tila="HYVAKSYTTY" versio="1" voimassaalkupvm="1990-01-01" koodi_id="-10" koodiarvo="ss9k1"/>
  <koodiversio id="-11" version="0" paivityspvm="2012-03-22" luotu="2013-01-01" tila="HYVAKSYTTY" versio="1" voimassaalkupvm="1990-01-01" koodi_id="-11" koodiarvo="ss9k2"/>
  <koodiversio id="-12" version="0" paivityspvm="2012-03-22" luotu="2013-01-01" tila="HYVAKSYTTY" versio="1" voimassaalkupvm="1990-01-01" koodi_id="-12" koodiarvo="ss9k3"/>
  <koodiversio id="-13" version="0" paivityspvm="2012-03-22" luotu="2013-01-01" tila="HYVAKSYTTY" versio="1" voimassaalkupvm="1990-01-01" koodi_id="-13" koodiarvo="ss9k4"/>
  <koodiversio id="-14" version="0" paivityspvm="2012-03-22" luotu="2013-01-01" tila="HYVAKSYTTY" versio="1" voimassaalkupvm="1990-01-01" koodi_id="-14" koodiarvo="lr14"/>
  <koodiversio id="-15" version="0" paivityspvm="2012-03-22" luotu="2013-01-01" tila="HYVAKSYTTY" versio="1" voimassaalkupvm="1990-01-01" koodi_id="-15" koodiarvo="lr14k1"/>
  <koodiversio id="-16" version="0" paivityspvm="2012-03-22" luotu="2013-01-01" tila="HYVAKSYTTY" versio="1" voimassaalkupvm="1990-01-01" koodi_id="-16" koodiarvo="lr14k2"/>
  <koodiversio id="-17" version="0" paivityspvm="2012-03-22" luotu="2013-01-01" tila="HYVAKSYTTY" versio="1" voimassaalkupvm="1990-01-01" koodi_id="-17" koodiarvo="lr14k3"/>
  <koodiversio id="-18" version="0" paivityspvm="2012-03-22" luotu="2013-01-01" tila="HYVAKSYTTY" versio="1" voimassaalkupvm="1990-01-01" koodi_id="-18" koodiarvo="ls18"/>
  <koodiversio id="-19" version="0" paivityspvm="2012-03-22" luotu="2013-01-01" tila="HYVAKSYTTY" versio="1" voimassaalkupvm="1990-01-01" koodi_id="-19" koodiarvo="ls18k1"/>
  <koodiversio id="-20" version="0" paivityspvm="2012-03-22" luotu="2013-01-01" tila="HYVAKSYTTY" versio="1" voimassaalkupvm="1990-01-01" koodi_id="-20" koodiarvo="ls18k2"/>
  <koodiversio id="-21" version="0" paivityspvm="2012-03-22" luotu="2013-01-01" tila="HYVAKSYTTY" versio="1" voimassaalkupvm="1990-01-01" koodi_id="-21" koodiarvo="ls18k3"/>
  <koodiversio id="-22" version="0" paivityspvm="2012-03-22" luotu="2013-01-01" tila="HYVAKSYTTY" versio="1" voimassaalkupvm="1990-01-01" koodi_id="-22" koodiarvo="ls18k4"/>
  <koodiversio id="-23" version="0" paivityspvm="2012-03-22" luotu="2013-01-01" tila="HYVAKSYTTY" versio="1" voimassaalkupvm="1990-01-01" koodi_id="-23" koodiarvo="mv1"/>
  <koodiversio id="-24" version="0" paivityspvm="2012-04-22" luotu="2013-02-01" tila="HYVAKSYTTY" versio="2" voimassaalkupvm="1990-01-01" koodi_id="-23" koodiarvo="mv2"/>
  <koodiversio id="-25" version="0" paivityspvm="2012-05-22" luotu="2013-04-03" tila="HYVAKSYTTY" versio="3" voimassaalkupvm="1990-01-01" koodi_id="-23" koodiarvo="mv3"/>
  <koodiversio id="-26" version="0" paivityspvm="2012-03-22" luotu="2013-01-01" tila="PASSIIVINEN" versio="1" voimassaalkupvm="1990-01-01" koodi_id="-24" koodiarvo="delme"/>
  <koodiversio id="-27" version="0" paivityspvm="2012-03-22" luotu="2013-01-01" tila="HYVAKSYTTY" versio="1" voimassaalkupvm="1990-01-01" koodi_id="-25" koodiarvo="tobeupdated"/>
  <koodiversio id="-28" version="0" paivityspvm="2012-03-22" luotu="2013-01-01" tila="HYVAKSYTTY" versio="1" voimassaalkupvm="1990-01-01" koodi_id="-26" koodiarvo="tobesaved1"/>
  <koodiversio id="-29" version="0" paivityspvm="2012-03-22" luotu="2013-01-01" tila="HYVAKSYTTY" versio="1" voimassaalkupvm="1990-01-01" koodi_id="-27" koodiarvo="tobesaved2"/>
  <koodiversio id="-30" version="0" paivityspvm="2012-03-22" luotu="2013-01-01" tila="HYVAKSYTTY" versio="1" voimassaalkupvm="1990-01-01" koodi_id="-28" koodiarvo="tobesaved3"/>
  <koodiversio id="-31" version="0" paivityspvm="2012-03-22" luotu="2013-01-01" tila="HYVAKSYTTY" versio="1" voimassaalkupvm="1990-01-01" koodi_id="-29" koodiarvo="tobesaved4"/>
  <koodiversio id="-32" version="0" paivityspvm="2012-03-22" luotu="2013-01-01" tila="HYVAKSYTTY" versio="1" voimassaalkupvm="1990-01-01" koodi_id="-30" koodiarvo="tobesaved5"/>
  <koodiversio id="-33" version="0" paivityspvm="2012-03-22" luotu="2013-01-01" tila="HYVAKSYTTY" versio="1" voimassaalkupvm="1990-01-01" koodi_id="-31" koodiarvo="tobesaved6"/>
  <koodiversio id="-34" version="0" paivityspvm="2012-03-22" luotu="2013-01-01" tila="HYVAKSYTTY" versio="1" voimassaalkupvm="1990-01-01" koodi_id="-32" koodiarvo="tobesaved7"/>
  <koodiversio id="-35" version="0" paivityspvm="2012-03-22" luotu="2013-01-01" tila="HYVAKSYTTY" versio="1" voimassaalkupvm="1990-01-01" koodi_id="-33" koodiarvo="tobesaved8"/>
  <koodiversio id="-36" version="0" paivityspvm="2013-01-01" luotu="2013-01-01" tila="HYVAKSYTTY" versio="1" voimassaalkupvm="1990-01-01" koodi_id="-34" koodiarvo="viimeinenonluonnos"/>
  <koodiversio id="-37" version="0" paivityspvm="2013-04-20" luotu="2013-02-02" tila="HYVAKSYTTY" versio="2" voimassaalkupvm="1990-01-01" koodi_id="-34" koodiarvo="viimeinenonluonnos"/>
  <koodiversio id="-38" version="0" paivityspvm="2013-06-15" luotu="2013-05-11" tila="LUONNOS" versio="3" voimassaalkupvm="1990-01-01" koodi_id="-34" koodiarvo="viimeinenonluonnos"/>
  <koodiversio id="-39" version="0" paivityspvm="2013-06-15" luotu="2013-05-11" tila="HYVAKSYTTY" versio="1" voimassaalkupvm="1990-01-01" koodi_id="-35" koodiarvo="poistettu"/>
  <koodiversio id="-40" version="0" paivityspvm="2012-03-22" luotu="2013-01-01" tila="HYVAKSYTTY" versio="1" voimassaalkupvm="1990-01-01" koodi_id="-36" koodiarvo="relaatiovanhaan1"/>
  <koodiversio id="-41" version="0" paivityspvm="2012-03-22" luotu="2013-01-01" tila="HYVAKSYTTY" versio="1" voimassaalkupvm="1990-01-01" koodi_id="-37" koodiarvo="relaatiovanhaan2"/>
  <koodiversio id="-42" version="0" paivityspvm="2012-03-22" luotu="2013-01-01" tila="HYVAKSYTTY" versio="2" voimassaalkupvm="1990-01-01" koodi_id="-37" koodiarvo="eienaarelaatiotavanhaan"/>
  <koodiversio id="-43" version="0" paivityspvm="2012-03-22" luotu="2013-01-01" tila="HYVAKSYTTY" versio="1" voimassaalkupvm="1990-01-01" koodi_id="-38" koodiarvo="samecodes1"/>
  <koodiversio id="-44" version="0" paivityspvm="2012-03-22" luotu="2013-01-01" tila="HYVAKSYTTY" versio="1" voimassaalkupvm="1990-01-01" koodi_id="-39" koodiarvo="samecodes2"/>
  <koodiversio id="-45" version="0" paivityspvm="2012-03-22" luotu="2013-01-01" tila="HYVAKSYTTY" versio="1" voimassaalkupvm="1990-01-01" koodi_id="-40" koodiarvo="samecodes3"/>
  <koodiversio id="-46" version="0" paivityspvm="2012-03-22" luotu="2013-01-01" tila="HYVAKSYTTY" versio="1" voimassaalkupvm="1990-01-01" koodi_id="-41" koodiarvo="samecodes4"/>
  <koodiversio id="-47" version="0" paivityspvm="2012-03-22" luotu="2013-01-01" tila="HYVAKSYTTY" versio="1" voimassaalkupvm="1990-01-01" koodi_id="-42" koodiarvo="samecodes5"/>
  
  <koodimetadata id="-1" kieli="FI" nimi="Alajärvi" version="0" koodiversio_id="-1" lyhytnimi="Alajärvi" kuvaus="Alajärvi"/>
  <koodimetadata id="-2" kieli="FI" nimi="Olajärvi" version="0" koodiversio_id="-2" lyhytnimi="Olajärvi" kuvaus="Olajärvi"/>
  <koodimetadata id="-3" kieli="FI" nimi="Iijärvi" version="0" koodiversio_id="-3" lyhytnimi="Iijärvi" kuvaus="Iijärvi"/>
  <koodimetadata id="-4" kieli="FI" nimi="Joki" version="0" koodiversio_id="-4" lyhytnimi="Joki" kuvaus="Joki"/>
  <koodimetadata id="-5" kieli="FI" nimi="Alapuro" version="0" koodiversio_id="-5" lyhytnimi="Puro" kuvaus="Alapuro"/>
  <koodimetadata id="-6" kieli="FI" nimi="Kivipuro" version="0" koodiversio_id="-6" lyhytnimi="Puro" kuvaus="Kivipuro"/>
  <koodimetadata id="-7" kieli="FI" nimi="Sorapuro" version="0" koodiversio_id="-7" lyhytnimi="Puro" kuvaus="Sorapuro"/>
  <koodimetadata id="-8" kieli="FI" nimi="Soralampi" version="0" koodiversio_id="-8" lyhytnimi="Lampi" kuvaus="Soralampi"/>
  <koodimetadata id="-9" kieli="FI" nimi="Kerrostalo" version="0" koodiversio_id="-9" lyhytnimi="Kerrostalo" kuvaus="Kerrostalo"/>
  <koodimetadata id="-10" kieli="FI" nimi="Ikkuna" version="0" koodiversio_id="-10" lyhytnimi="Ikkuna" kuvaus="Ikkuna"/>
  <koodimetadata id="-11" kieli="FI" nimi="Ulko-ovi" version="0" koodiversio_id="-11" lyhytnimi="Ovi" kuvaus="Ulko-ovi"/>
  <koodimetadata id="-12" kieli="FI" nimi="Hissi" version="0" koodiversio_id="-12" lyhytnimi="Hissi" kuvaus="Hissi"/>
  <koodimetadata id="-13" kieli="FI" nimi="Portaat" version="0" koodiversio_id="-13" lyhytnimi="Portaat" kuvaus="Portaat"/>
  <koodimetadata id="-14" kieli="FI" nimi="Miekka" version="0" koodiversio_id="-14" lyhytnimi="Miekka" kuvaus="Miekka"/>
  <koodimetadata id="-15" kieli="FI" nimi="Kilpi" version="0" koodiversio_id="-15" lyhytnimi="Kilpi" kuvaus="Kilpi"/>
  <koodimetadata id="-16" kieli="FI" nimi="Panssari" version="0" koodiversio_id="-16" lyhytnimi="Panssari" kuvaus="Panssari"/>
  <koodimetadata id="-17" kieli="FI" nimi="Kypärä" version="0" koodiversio_id="-17" lyhytnimi="Kypärä" kuvaus="Kypärä"/>
  <koodimetadata id="-18" kieli="FI" nimi="Polkypyörä" version="0" koodiversio_id="-18" lyhytnimi="Polkypyörä" kuvaus="Polkypyörä"/>
  <koodimetadata id="-19" kieli="FI" nimi="Eturengas" version="0" koodiversio_id="-19" lyhytnimi="Eturengas" kuvaus="Eturengas"/>
  <koodimetadata id="-20" kieli="FI" nimi="Takarengas" version="0" koodiversio_id="-20" lyhytnimi="Takarengas" kuvaus="Takarengas"/>
  <koodimetadata id="-21" kieli="FI" nimi="Satula" version="0" koodiversio_id="-21" lyhytnimi="Satula" kuvaus="Satula"/>
  <koodimetadata id="-22" kieli="FI" nimi="Tanko" version="0" koodiversio_id="-22" lyhytnimi="Tanko" kuvaus="Tanko"/>
  <koodimetadata id="-23" kieli="FI" nimi="Monta versiota 1" version="0" koodiversio_id="-23" lyhytnimi="1" kuvaus="Yhteensä kolme veriota"/>
  <koodimetadata id="-24" kieli="FI" nimi="Monta versiota 2" version="0" koodiversio_id="-24" lyhytnimi="2" kuvaus="Yhteensä kolme veriota"/>
  <koodimetadata id="-25" kieli="FI" nimi="Monta versiota 3" version="0" koodiversio_id="-25" lyhytnimi="3" kuvaus="Yhteensä kolme veriota"/>
  <koodimetadata id="-26" kieli="FI" nimi="Tuhottava testikoodi" version="0" koodiversio_id="-26" lyhytnimi="delme" kuvaus="Tuhotaan testissä"/>
  <koodimetadata id="-27" kieli="FI" nimi="Päivitettävä testikoodi" version="0" koodiversio_id="-27" lyhytnimi="updateme" kuvaus="päivitetään testissä"/>
  <koodimetadata id="-28" kieli="FI" nimi="Tallennustestikoodi" version="0" koodiversio_id="-28" lyhytnimi="savetesti" kuvaus="tallennetaan testissä"/>
  <koodimetadata id="-29" kieli="FI" nimi="Tallennustestikoodirelaatio1" version="0" koodiversio_id="-29" lyhytnimi="savetesti" kuvaus="tallennetaan testissä"/>
  <koodimetadata id="-30" kieli="FI" nimi="Tallennustestikoodirelaatio2" version="0" koodiversio_id="-30" lyhytnimi="savetesti" kuvaus="tallennetaan testissä"/>
  <koodimetadata id="-31" kieli="FI" nimi="Tallennustestikoodirelaatio3" version="0" koodiversio_id="-31" lyhytnimi="savetesti" kuvaus="tallennetaan testissä"/>
  <koodimetadata id="-32" kieli="FI" nimi="Tallennustestikoodirelaatio4" version="0" koodiversio_id="-32" lyhytnimi="savetesti" kuvaus="tallennetaan testissä"/>
  <koodimetadata id="-33" kieli="FI" nimi="Tallennustestikoodirelaatio5" version="0" koodiversio_id="-33" lyhytnimi="savetesti" kuvaus="tallennetaan testissä"/>
  <koodimetadata id="-34" kieli="FI" nimi="Tallennustestikoodirelaatio6" version="0" koodiversio_id="-34" lyhytnimi="savetesti" kuvaus="tallennetaan testissä"/>
  <koodimetadata id="-35" kieli="FI" nimi="Tallennustestikoodirelaatio7" version="0" koodiversio_id="-35" lyhytnimi="savetesti" kuvaus="tallennetaan testissä"/>
  <koodimetadata id="-36" kieli="FI" nimi="Viimeinen on luonnos" version="0" koodiversio_id="-36" lyhytnimi="viimeinenluonnos" kuvaus="Viimeinen versio on luonnos"/>
  <koodimetadata id="-37" kieli="FI" nimi="Seuraava on luonnos" version="0" koodiversio_id="-37" lyhytnimi="seuraavaluonnos" kuvaus="Seuraava versio on luonnos"/>
  <koodimetadata id="-38" kieli="FI" nimi="Tämä on luonnos" version="0" koodiversio_id="-38" lyhytnimi="luonnos" kuvaus="Tämä versio on luonnos"/>
  <koodimetadata id="-39" kieli="FI" nimi="Poistettu" version="0" koodiversio_id="-39" lyhytnimi="poistettu" kuvaus="Poistettu uudemmista koodistoversioista"/>
  <koodimetadata id="-40" kieli="FI" nimi="Relaation uudelleenluonti vanha1" version="0" koodiversio_id="-40"/>
  <koodimetadata id="-41" kieli="FI" nimi="Relaation uudelleenluonti vanha2" version="0" koodiversio_id="-41"/>
  <koodimetadata id="-42" kieli="FI" nimi="Relaation uudelleenluonti uusi" version="0" koodiversio_id="-42"/>
  <koodimetadata id="-43" kieli="FI" nimi="Tällä on suhteet kahteen saman koodiston koodiin" version="0" koodiversio_id="-43"/>
  <koodimetadata id="-44" kieli="FI" nimi="Tämä on toinen" version="0" koodiversio_id="-44"/>
  <koodimetadata id="-45" kieli="FI" nimi="Ja tämä on toinen" version="0" koodiversio_id="-45"/>
  <koodimetadata id="-46" kieli="FI" nimi="Tähän luodaan relaatio koodiston sisällä" version="0" koodiversio_id="-46"/>
  <koodimetadata id="-47" kieli="FI" nimi="Kuten myös tähänkin" version="0" koodiversio_id="-47"/>
  
  
  <koodinsuhde id="-1" alakoodiversio_id="-1" ylakoodiversio_id="-4" suhteentyyppi="SISALTYY" version="0" versio="1" ylakoodistapassiivinen="false" alakoodistapassiivinen="false"/>
  <koodinsuhde id="-2" alakoodiversio_id="-2" ylakoodiversio_id="-4" suhteentyyppi="SISALTYY" version="0" versio="1" ylakoodistapassiivinen="false" alakoodistapassiivinen="false"/>
  <koodinsuhde id="-3" alakoodiversio_id="-3" ylakoodiversio_id="-4" suhteentyyppi="SISALTYY" version="0" versio="1" ylakoodistapassiivinen="false" alakoodistapassiivinen="false"/>
  <koodinsuhde id="-4" alakoodiversio_id="-4" ylakoodiversio_id="-5" suhteentyyppi="RINNASTEINEN" version="0" versio="1" ylakoodistapassiivinen="false" alakoodistapassiivinen="false"/>
  <koodinsuhde id="-5" alakoodiversio_id="-4" ylakoodiversio_id="-6" suhteentyyppi="RINNASTEINEN" version="0" versio="1" ylakoodistapassiivinen="false" alakoodistapassiivinen="false"/>
  <koodinsuhde id="-6" alakoodiversio_id="-4" ylakoodiversio_id="-7" suhteentyyppi="RINNASTEINEN" version="0" versio="1" ylakoodistapassiivinen="false" alakoodistapassiivinen="false"/>
  <koodinsuhde id="-7" alakoodiversio_id="-8" ylakoodiversio_id="-1" suhteentyyppi="SISALTYY" version="0" versio="1" ylakoodistapassiivinen="false" alakoodistapassiivinen="false"/>
  <koodinsuhde id="-8" alakoodiversio_id="-8" ylakoodiversio_id="-2" suhteentyyppi="SISALTYY" version="0" versio="1" ylakoodistapassiivinen="false" alakoodistapassiivinen="false"/>
  <koodinsuhde id="-9" alakoodiversio_id="-8" ylakoodiversio_id="-3" suhteentyyppi="SISALTYY" version="0" versio="1" ylakoodistapassiivinen="false" alakoodistapassiivinen="false"/>
  <koodinsuhde id="-10" alakoodiversio_id="-10" ylakoodiversio_id="-9" suhteentyyppi="SISALTYY" version="0" versio="1" ylakoodistapassiivinen="false" alakoodistapassiivinen="false"/>
  <koodinsuhde id="-11" alakoodiversio_id="-11" ylakoodiversio_id="-9" suhteentyyppi="SISALTYY" version="0" versio="1" ylakoodistapassiivinen="false" alakoodistapassiivinen="false"/>
  <koodinsuhde id="-12" alakoodiversio_id="-12" ylakoodiversio_id="-9" suhteentyyppi="SISALTYY" version="0" versio="1" ylakoodistapassiivinen="false" alakoodistapassiivinen="false"/>
  <koodinsuhde id="-13" alakoodiversio_id="-13" ylakoodiversio_id="-9" suhteentyyppi="SISALTYY" version="0" versio="1" ylakoodistapassiivinen="false" alakoodistapassiivinen="false"/>
  <koodinsuhde id="-14" alakoodiversio_id="-29" ylakoodiversio_id="-28" suhteentyyppi="SISALTYY" version="0" versio="1" ylakoodistapassiivinen="false" alakoodistapassiivinen="false"/>
  <koodinsuhde id="-15" alakoodiversio_id="-30" ylakoodiversio_id="-28" suhteentyyppi="RINNASTEINEN" version="0" versio="1" ylakoodistapassiivinen="false" alakoodistapassiivinen="false"/>
  <koodinsuhde id="-16" alakoodiversio_id="-28" ylakoodiversio_id="-31" suhteentyyppi="RINNASTEINEN" version="0" versio="1" ylakoodistapassiivinen="false" alakoodistapassiivinen="false"/>
  <koodinsuhde id="-17" alakoodiversio_id="-28" ylakoodiversio_id="-32" suhteentyyppi="SISALTYY" version="0" versio="1" ylakoodistapassiivinen="false" alakoodistapassiivinen="false"/>
  <koodinsuhde id="-18" alakoodiversio_id="-41" ylakoodiversio_id="-40" suhteentyyppi="SISALTYY" version="0" versio="1" ylakoodistapassiivinen="false" alakoodistapassiivinen="true"/>
  <koodinsuhde id="-19" alakoodiversio_id="-44" ylakoodiversio_id="-43" suhteentyyppi="SISALTYY" version="0" versio="1" ylakoodistapassiivinen="false" alakoodistapassiivinen="false"/>
  <koodinsuhde id="-20" alakoodiversio_id="-43" ylakoodiversio_id="-45" suhteentyyppi="SISALTYY" version="0" versio="1" ylakoodistapassiivinen="false" alakoodistapassiivinen="false"/>

  
  <koodistoversio id="-1" version="0" paivityspvm="2012-03-22" luotu="2013-01-01" tila="HYVAKSYTTY" versio="1" koodisto_id="-1" voimassaalkupvm="2012-11-20"/>
  <koodistoversio id="-2" version="0" paivityspvm="2012-03-22" luotu="2013-01-01" tila="HYVAKSYTTY" versio="1" koodisto_id="-2" voimassaalkupvm="2012-11-20"/>
  <koodistoversio id="-3" version="0" paivityspvm="2012-03-22" luotu="2013-01-01" tila="HYVAKSYTTY" versio="1" koodisto_id="-3" voimassaalkupvm="2012-11-20"/>
  <koodistoversio id="-4" version="0" paivityspvm="2012-03-22" luotu="2013-01-01" tila="HYVAKSYTTY" versio="1" koodisto_id="-4" voimassaalkupvm="2012-11-20"/>
  <koodistoversio id="-5" version="0" paivityspvm="2012-03-22" luotu="2013-01-01" tila="HYVAKSYTTY" versio="1" koodisto_id="-5" voimassaalkupvm="2012-11-20"/>
  <koodistoversio id="-6" version="0" paivityspvm="2012-03-22" luotu="2013-01-01" tila="HYVAKSYTTY" versio="1" koodisto_id="-6" voimassaalkupvm="2012-11-20"/>
  <koodistoversio id="-7" version="0" paivityspvm="2012-03-22" luotu="2013-01-01" tila="HYVAKSYTTY" versio="1" koodisto_id="-7" voimassaalkupvm="2012-11-20"/>
  <koodistoversio id="-8" version="0" paivityspvm="2012-03-22" luotu="2013-01-01" tila="HYVAKSYTTY" versio="1" koodisto_id="-8" voimassaalkupvm="2012-11-20"/>
  <koodistoversio id="-9" version="0" paivityspvm="2012-03-22" luotu="2013-01-01" tila="HYVAKSYTTY" versio="1" koodisto_id="-9" voimassaalkupvm="2012-11-20"/>
  <koodistoversio id="-10" version="0" paivityspvm="2012-03-22" luotu="2013-01-01" tila="HYVAKSYTTY" versio="1" koodisto_id="-10" voimassaalkupvm="2012-11-20"/>
  <koodistoversio id="-11" version="0" paivityspvm="2012-03-22" luotu="2013-01-01" tila="HYVAKSYTTY" versio="1" koodisto_id="-11" voimassaalkupvm="2012-11-20"/>
  <koodistoversio id="-12" version="0" paivityspvm="2012-03-22" luotu="2013-01-01" tila="HYVAKSYTTY" versio="1" koodisto_id="-12" voimassaalkupvm="2012-11-20"/>
  <koodistoversio id="-13" version="0" paivityspvm="2012-03-22" luotu="2013-01-01" tila="HYVAKSYTTY" versio="1" koodisto_id="-13" voimassaalkupvm="2012-11-20"/>
  <koodistoversio id="-14" version="0" paivityspvm="2012-03-22" luotu="2013-01-01" tila="LUONNOS" versio="1" koodisto_id="-14" voimassaalkupvm="2012-11-20"/>
  <koodistoversio id="-15" version="0" paivityspvm="2012-03-22" luotu="2013-01-01" tila="HYVAKSYTTY" versio="1" koodisto_id="-15" voimassaalkupvm="2012-11-20"/>
  <koodistoversio id="-16" version="0" paivityspvm="2012-03-22" luotu="2013-01-01" tila="HYVAKSYTTY" versio="1" koodisto_id="-16" voimassaalkupvm="2012-11-20"/>
  <koodistoversio id="-17" version="0" paivityspvm="2012-03-22" luotu="2013-01-01" tila="HYVAKSYTTY" versio="1" koodisto_id="-17" voimassaalkupvm="2012-11-20"/>
  <koodistoversio id="-18" version="0" paivityspvm="2012-03-22" luotu="2013-01-01" tila="HYVAKSYTTY" versio="1" koodisto_id="-18" voimassaalkupvm="2012-11-20"/>
  <koodistoversio id="-19" version="0" paivityspvm="2012-03-22" luotu="2013-01-01" tila="HYVAKSYTTY" versio="1" koodisto_id="-19" voimassaalkupvm="2012-11-20"/>
  <koodistoversio id="-20" version="0" paivityspvm="2012-03-22" luotu="2013-01-01" tila="HYVAKSYTTY" versio="1" koodisto_id="-20" voimassaalkupvm="2012-11-20"/>
  <koodistoversio id="-21" version="0" paivityspvm="2012-03-22" luotu="2013-01-01" tila="HYVAKSYTTY" versio="2" koodisto_id="-20" voimassaalkupvm="2012-11-20"/>
  <koodistoversio id="-22" version="0" paivityspvm="2012-03-22" luotu="2013-01-01" tila="LUONNOS" versio="3" koodisto_id="-20" voimassaalkupvm="2012-11-20"/>
  <koodistoversio id="-23" version="0" paivityspvm="2012-03-22" luotu="2013-01-01" tila="HYVAKSYTTY" versio="2" koodisto_id="-13" voimassaalkupvm="2012-11-20"/>
  <koodistoversio id="-24" version="0" paivityspvm="2012-03-22" luotu="2013-01-01" tila="HYVAKSYTTY" versio="3" koodisto_id="-13" voimassaalkupvm="2012-11-20"/>
  <koodistoversio id="-25" version="0" paivityspvm="2012-03-22" luotu="2013-01-01" tila="HYVAKSYTTY" versio="1" koodisto_id="-21" voimassaalkupvm="2012-11-20"/>
  <koodistoversio id="-26" version="0" paivityspvm="2012-03-22" luotu="2013-01-01" tila="HYVAKSYTTY" versio="1" koodisto_id="-22" voimassaalkupvm="2012-11-20"/>
  <koodistoversio id="-27" version="0" paivityspvm="2012-03-22" luotu="2013-01-01" tila="HYVAKSYTTY" versio="2" koodisto_id="-22" voimassaalkupvm="2012-11-20"/>
  <koodistoversio id="-28" version="0" paivityspvm="2012-03-22" luotu="2013-01-01" tila="HYVAKSYTTY" versio="1" koodisto_id="-23" voimassaalkupvm="2012-11-20"/>
  
  <koodistometadata id="-1" kieli="FI" nimi="Järvet" version="0" koodistoversio_id="-1" kuvaus="Järvet"/>
  <koodistometadata id="-2" kieli="FI" nimi="Joet" version="0" koodistoversio_id="-2" kuvaus="Joet"/>
  <koodistometadata id="-3" kieli="FI" nimi="Purot" version="0" koodistoversio_id="-3" kuvaus="Purot"/>
  <koodistometadata id="-4" kieli="FI" nimi="Lammet" version="0" koodistoversio_id="-4" kuvaus="Lammet"/>
  <koodistometadata id="-5" kieli="FI" nimi="Rakennukset" version="0" koodistoversio_id="-5" kuvaus="Rakennukset"/>
  <koodistometadata id="-6" kieli="FI" nimi="Ikkunat" version="0" koodistoversio_id="-6" kuvaus="Ikkunat"/>
  <koodistometadata id="-7" kieli="FI" nimi="Ovet" version="0" koodistoversio_id="-7" kuvaus="Ovet"/>
  <koodistometadata id="-8" kieli="FI" nimi="Kerrokset" version="0" koodistoversio_id="-8" kuvaus="kerrokset"/>
  <koodistometadata id="-9" kieli="FI" nimi="Aseet" version="0" koodistoversio_id="-9" kuvaus="aseet"/>
  <koodistometadata id="-10" kieli="FI" nimi="Suojukset" version="0" koodistoversio_id="-10" kuvaus="suojukset"/>
  <koodistometadata id="-11" kieli="FI" nimi="Kulkuvälineet" version="0" koodistoversio_id="-11" kuvaus="kulkuvälineet"/>
  <koodistometadata id="-12" kieli="FI" nimi="Renkaat" version="0" koodistoversio_id="-12" kuvaus="renkaat"/>
  <koodistometadata id="-13" kieli="FI" nimi="Muut pyörän osat" version="0" koodistoversio_id="-13" kuvaus="Muut pyörän osat"/>
  <koodistometadata id="-14" kieli="FI" nimi="Testi koodien insertointia varten" version="0" koodistoversio_id="-14" kuvaus="Kuvaus"/>
  <koodistometadata id="-15" kieli="FI" nimi="Testi koodien päivitystä varten" version="0" koodistoversio_id="-15" kuvaus="Kuvaus"/>
  <koodistometadata id="-16" kieli="FI" nimi="Testi koodien tallennusta varten" version="0" koodistoversio_id="-16" kuvaus="Kuvaus"/>
  <koodistometadata id="-17" kieli="FI" nimi="Testi koodien tallennusta varten sisaltää" version="0" koodistoversio_id="-17" kuvaus="Kuvaus"/>
  <koodistometadata id="-18" kieli="FI" nimi="Testi koodien tallennusta varten rinnastuu" version="0" koodistoversio_id="-18" kuvaus="Kuvaus"/>
  <koodistometadata id="-19" kieli="FI" nimi="Testi koodien tallennusta varten sisaltyy" version="0" koodistoversio_id="-19" kuvaus="Kuvaus"/>
  <koodistometadata id="-20" kieli="FI" nimi="Viimeinen on luonnos" version="0" koodistoversio_id="-20" kuvaus="Kuvaus"/>
  <koodistometadata id="-21" kieli="FI" nimi="Seuraava on luonnos" version="0" koodistoversio_id="-21" kuvaus="Kuvaus"/>
  <koodistometadata id="-22" kieli="FI" nimi="Tämä on luonnos" version="0" koodistoversio_id="-22" kuvaus="Kuvaus"/>
  <koodistometadata id="-26" kieli="FI" nimi="Tämä oli unohtunut välistä" version="0" koodistoversio_id="-23" kuvaus="Kuvaus"/>
  <koodistometadata id="-27" kieli="FI" nimi="Kuin myös tämäkin" version="0" koodistoversio_id="-24" kuvaus="Kuvaus"/>
  <koodistometadata id="-23" kieli="FI" nimi="Luodaan uudelleen kerran poistettu relaatio 1" version="0" koodistoversio_id="-25"/>
  <koodistometadata id="-24" kieli="FI" nimi="Luodaan uudelleen kerran poistettu relaatio 2" version="0" koodistoversio_id="-26"/>
  <koodistometadata id="-25" kieli="FI" nimi="Luodaan uudelleen kerran poistettu relaatio 3" version="0" koodistoversio_id="-27"/>
  <koodistometadata id="-28" kieli="FI" nimi="Koodiston sisällä relatioiden luominen" version="0" koodistoversio_id="-28"/>
  
  <koodistoversio_koodiversio id="-1" version="0" koodistoversio_id="-1" koodiversio_id="-1"/>
  <koodistoversio_koodiversio id="-2" version="0" koodistoversio_id="-1" koodiversio_id="-2"/>
  <koodistoversio_koodiversio id="-3" version="0" koodistoversio_id="-1" koodiversio_id="-3"/>
  <koodistoversio_koodiversio id="-4" version="0" koodistoversio_id="-2" koodiversio_id="-4"/>
  <koodistoversio_koodiversio id="-5" version="0" koodistoversio_id="-3" koodiversio_id="-5"/>
  <koodistoversio_koodiversio id="-6" version="0" koodistoversio_id="-3" koodiversio_id="-6"/>
  <koodistoversio_koodiversio id="-7" version="0" koodistoversio_id="-3" koodiversio_id="-7"/>
  <koodistoversio_koodiversio id="-8" version="0" koodistoversio_id="-4" koodiversio_id="-8"/>
  <koodistoversio_koodiversio id="-9" version="0" koodistoversio_id="-5" koodiversio_id="-9"/>
  <koodistoversio_koodiversio id="-10" version="0" koodistoversio_id="-6" koodiversio_id="-10"/>
  <koodistoversio_koodiversio id="-11" version="0" koodistoversio_id="-7" koodiversio_id="-11"/>
  <koodistoversio_koodiversio id="-12" version="0" koodistoversio_id="-8" koodiversio_id="-12"/>
  <koodistoversio_koodiversio id="-13" version="0" koodistoversio_id="-8" koodiversio_id="-13"/>
  <koodistoversio_koodiversio id="-14" version="0" koodistoversio_id="-9" koodiversio_id="-14"/>
  <koodistoversio_koodiversio id="-15" version="0" koodistoversio_id="-10" koodiversio_id="-15"/>
  <koodistoversio_koodiversio id="-16" version="0" koodistoversio_id="-10" koodiversio_id="-16"/>
  <koodistoversio_koodiversio id="-17" version="0" koodistoversio_id="-10" koodiversio_id="-17"/>
  <koodistoversio_koodiversio id="-18" version="0" koodistoversio_id="-11" koodiversio_id="-18"/>
  <koodistoversio_koodiversio id="-19" version="0" koodistoversio_id="-12" koodiversio_id="-19"/>
  <koodistoversio_koodiversio id="-20" version="0" koodistoversio_id="-12" koodiversio_id="-20"/>
  <koodistoversio_koodiversio id="-21" version="0" koodistoversio_id="-24" koodiversio_id="-21"/>
  <koodistoversio_koodiversio id="-22" version="0" koodistoversio_id="-24" koodiversio_id="-22"/>
  <koodistoversio_koodiversio id="-23" version="0" koodistoversio_id="-15" koodiversio_id="-27"/>
  <koodistoversio_koodiversio id="-24" version="0" koodistoversio_id="-16" koodiversio_id="-28"/>
  <koodistoversio_koodiversio id="-25" version="0" koodistoversio_id="-17" koodiversio_id="-29"/>
  <koodistoversio_koodiversio id="-26" version="0" koodistoversio_id="-17" koodiversio_id="-33"/>
  <koodistoversio_koodiversio id="-27" version="0" koodistoversio_id="-18" koodiversio_id="-30"/>
  <koodistoversio_koodiversio id="-28" version="0" koodistoversio_id="-18" koodiversio_id="-31"/>
  <koodistoversio_koodiversio id="-29" version="0" koodistoversio_id="-18" koodiversio_id="-34"/>
  <koodistoversio_koodiversio id="-30" version="0" koodistoversio_id="-19" koodiversio_id="-32"/>
  <koodistoversio_koodiversio id="-31" version="0" koodistoversio_id="-19" koodiversio_id="-35"/>
  <koodistoversio_koodiversio id="-32" version="0" koodistoversio_id="-20" koodiversio_id="-36"/>
  <koodistoversio_koodiversio id="-33" version="0" koodistoversio_id="-21" koodiversio_id="-37"/>
  <koodistoversio_koodiversio id="-34" version="0" koodistoversio_id="-22" koodiversio_id="-38"/>
  <koodistoversio_koodiversio id="-35" version="0" koodistoversio_id="-13" koodiversio_id="-23"/>
  <koodistoversio_koodiversio id="-36" version="0" koodistoversio_id="-23" koodiversio_id="-24"/>
  <koodistoversio_koodiversio id="-37" version="0" koodistoversio_id="-24" koodiversio_id="-25"/>
  <koodistoversio_koodiversio id="-38" version="0" koodistoversio_id="-13" koodiversio_id="-39"/>
  <koodistoversio_koodiversio id="-39" version="0" koodistoversio_id="-25" koodiversio_id="-40"/>
  <koodistoversio_koodiversio id="-40" version="0" koodistoversio_id="-26" koodiversio_id="-41"/>
  <koodistoversio_koodiversio id="-41" version="0" koodistoversio_id="-27" koodiversio_id="-42"/>
  <koodistoversio_koodiversio id="-42" version="0" koodistoversio_id="-28" koodiversio_id="-43"/>
  <koodistoversio_koodiversio id="-43" version="0" koodistoversio_id="-28" koodiversio_id="-44"/>
  <koodistoversio_koodiversio id="-44" version="0" koodistoversio_id="-28" koodiversio_id="-45"/>
  <koodistoversio_koodiversio id="-45" version="0" koodistoversio_id="-28" koodiversio_id="-46"/>
  <koodistoversio_koodiversio id="-46" version="0" koodistoversio_id="-28" koodiversio_id="-47"/>
  
  <koodistoryhma id="-1" koodistoryhmauri="maantieto" version="0"/>
  <koodistoryhma id="-2" koodistoryhmauri="rakennukset" version="0"/>
  <koodistoryhma id="-3" koodistoryhmauri="varusteet" version="0"/>
  <koodistoryhma id="-4" koodistoryhmauri="kulkuvalineet" version="0"/>
  <koodistoryhma id="-5" koodistoryhmauri="abstrakti" version="0"/>
  <koodistoryhma id="-6" koodistoryhmauri="savetesti" version="0"/>
  <koodistoryhma_koodisto koodistoryhma_id="-1" koodisto_id="-1"/>
  <koodistoryhma_koodisto koodistoryhma_id="-1" koodisto_id="-2"/>
  <koodistoryhma_koodisto koodistoryhma_id="-1" koodisto_id="-3"/>
  <koodistoryhma_koodisto koodistoryhma_id="-1" koodisto_id="-4"/>
  <koodistoryhma_koodisto koodistoryhma_id="-2" koodisto_id="-5"/>
  <koodistoryhma_koodisto koodistoryhma_id="-2" koodisto_id="-6"/>
  <koodistoryhma_koodisto koodistoryhma_id="-2" koodisto_id="-7"/>
  <koodistoryhma_koodisto koodistoryhma_id="-2" koodisto_id="-8"/>
  <koodistoryhma_koodisto koodistoryhma_id="-3" koodisto_id="-9"/>
  <koodistoryhma_koodisto koodistoryhma_id="-3" koodisto_id="-10"/>
  <koodistoryhma_koodisto koodistoryhma_id="-4" koodisto_id="-11"/>
  <koodistoryhma_koodisto koodistoryhma_id="-4" koodisto_id="-12"/>
  <koodistoryhma_koodisto koodistoryhma_id="-4" koodisto_id="-13"/>
  <koodistoryhma_koodisto koodistoryhma_id="-5" koodisto_id="-15"/>
  <koodistoryhma_koodisto koodistoryhma_id="-6" koodisto_id="-16"/>
  <koodistoryhma_koodisto koodistoryhma_id="-6" koodisto_id="-17"/>
  <koodistoryhma_koodisto koodistoryhma_id="-6" koodisto_id="-18"/>
  <koodistoryhma_koodisto koodistoryhma_id="-6" koodisto_id="-19"/>
  <koodistoryhmametadata id="-1" koodistoryhma_id="-1" kieli="FI" nimi="Maantieto" version="0"/>
  <koodistoryhmametadata id="-2" koodistoryhma_id="-2" kieli="FI" nimi="Rakennukset" version="0"/>
  <koodistoryhmametadata id="-3" koodistoryhma_id="-3" kieli="FI" nimi="Varusteet" version="0"/>
  <koodistoryhmametadata id="-4" koodistoryhma_id="-4" kieli="FI" nimi="Kulkuvälineet" version="0"/>
  <koodistoryhmametadata id="-5" koodistoryhma_id="-5" kieli="FI" nimi="Abstrakteja testejä" version="0"/>
  <koodistoryhmametadata id="-6" koodistoryhma_id="-6" kieli="FI" nimi="Talennukseen testikoodistot" version="0"/>
  
  <koodistonsuhde id="-1" alakoodistoversio_id="-1" ylakoodistoversio_id="-2" versio="1" suhteentyyppi="SISALTYY" version="0" ylakoodistostapassiivinen="false" alakoodistostapassiivinen="false"/>
  <koodistonsuhde id="-2" alakoodistoversio_id="-2" ylakoodistoversio_id="-3" versio="1" suhteentyyppi="RINNASTEINEN" version="0" ylakoodistostapassiivinen="false" alakoodistostapassiivinen="false"/>
  <koodistonsuhde id="-3" alakoodistoversio_id="-4" ylakoodistoversio_id="-1" versio="1" suhteentyyppi="SISALTYY" version="0" ylakoodistostapassiivinen="false" alakoodistostapassiivinen="false"/>
  <koodistonsuhde id="-4" alakoodistoversio_id="-6" ylakoodistoversio_id="-5" versio="1" suhteentyyppi="SISALTYY" version="0" ylakoodistostapassiivinen="false" alakoodistostapassiivinen="false"/>
  <koodistonsuhde id="-5" alakoodistoversio_id="-7" ylakoodistoversio_id="-5" versio="1" suhteentyyppi="SISALTYY" version="0" ylakoodistostapassiivinen="false" alakoodistostapassiivinen="false"/>
  <koodistonsuhde id="-6" alakoodistoversio_id="-8" ylakoodistoversio_id="-5" versio="1" suhteentyyppi="SISALTYY" version="0" ylakoodistostapassiivinen="false" alakoodistostapassiivinen="false"/>
  <koodistonsuhde id="-7" alakoodistoversio_id="-9" ylakoodistoversio_id="-10" versio="1" suhteentyyppi="RINNASTEINEN" version="0" ylakoodistostapassiivinen="false" alakoodistostapassiivinen="false"/>
  <koodistonsuhde id="-8" alakoodistoversio_id="-12" ylakoodistoversio_id="-11" versio="1" suhteentyyppi="SISALTYY" version="0" ylakoodistostapassiivinen="false" alakoodistostapassiivinen="false"/>
  <koodistonsuhde id="-9" alakoodistoversio_id="-17" ylakoodistoversio_id="-16" versio="1" suhteentyyppi="SISALTYY" version="0" ylakoodistostapassiivinen="false" alakoodistostapassiivinen="false"/>
  <koodistonsuhde id="-10" alakoodistoversio_id="-18" ylakoodistoversio_id="-16" versio="1" suhteentyyppi="RINNASTEINEN" version="0" ylakoodistostapassiivinen="false" alakoodistostapassiivinen="false"/>
  <koodistonsuhde id="-11" alakoodistoversio_id="-16" ylakoodistoversio_id="-19" versio="1" suhteentyyppi="SISALTYY" version="0" ylakoodistostapassiivinen="false" alakoodistostapassiivinen="false"/>
  <koodistonsuhde id="-12" alakoodistoversio_id="-26" ylakoodistoversio_id="-25" versio="1" suhteentyyppi="SISALTYY" version="0" ylakoodistostapassiivinen="false" alakoodistostapassiivinen="true"/>
  <koodistonsuhde id="-13" alakoodistoversio_id="-27" ylakoodistoversio_id="-25" versio="1" suhteentyyppi="SISALTYY" version="0" ylakoodistostapassiivinen="false" alakoodistostapassiivinen="false"/>
  <koodistonsuhde id="-14" alakoodistoversio_id="-11" ylakoodistoversio_id="-13" versio="1" suhteentyyppi="SISALTYY" version="0" ylakoodistostapassiivinen="false" alakoodistostapassiivinen="false"/>
    
</dataset>